# JRE version: OpenJDK Runtime Environment (8.0_242-b01) (build 1.8.0_242-release-1644-b01)
# Java VM: OpenJDK 64-Bit Server VM (25.242-b01 mixed mode windows-amd64 compressed oops)
Heap:
 PSYoungGen      total 466432K, used 312191K [0x00000000d5580000, 0x00000000f5100000, 0x0000000100000000)
  eden space 410624K, 70% used [0x00000000d5580000,0x00000000e713cc80,0x00000000ee680000)
  from space 55808K, 38% used [0x00000000ee680000,0x00000000efba30a8,0x00000000f1d00000)
  to   space 53248K, 0% used [0x00000000f1d00000,0x00000000f1d00000,0x00000000f5100000)
 ParOldGen       total 242176K, used 103708K [0x0000000080000000, 0x000000008ec80000, 0x00000000d5580000)
  object space 242176K, 42% used [0x0000000080000000,0x0000000086547268,0x000000008ec80000)
 Metaspace       used 278810K, capacity 288722K, committed 289512K, reserved 1304576K
  class space    used 32503K, capacity 34144K, committed 34344K, reserved 1048576K
GC Heap History (10 events):
Event: 4808.204 GC heap before
{Heap before GC invocations=71 (full 6):
 PSYoungGen      total 456704K, used 403968K [0x00000000d5580000, 0x00000000f4c00000, 0x0000000100000000)
  eden space 403968K, 100% used [0x00000000d5580000,0x00000000ee000000,0x00000000ee000000)
  from space 52736K, 0% used [0x00000000f1880000,0x00000000f1880000,0x00000000f4c00000)
  to   space 55296K, 0% used [0x00000000ee000000,0x00000000ee000000,0x00000000f1600000)
 ParOldGen       total 242176K, used 103684K [0x0000000080000000, 0x000000008ec80000, 0x00000000d5580000)
  object space 242176K, 42% used [0x0000000080000000,0x0000000086541268,0x000000008ec80000)
 Metaspace       used 278536K, capacity 288506K, committed 289256K, reserved 1304576K
  class space    used 32502K, capacity 34144K, committed 34344K, reserved 1048576K
Event: 4808.255 GC heap after
Heap after GC invocations=71 (full 6):
 PSYoungGen      total 459264K, used 51149K [0x00000000d5580000, 0x00000000f5d80000, 0x0000000100000000)
  eden space 403968K, 0% used [0x00000000d5580000,0x00000000d5580000,0x00000000ee000000)
  from space 55296K, 92% used [0x00000000ee000000,0x00000000f11f3738,0x00000000f1600000)
  to   space 62464K, 0% used [0x00000000f2080000,0x00000000f2080000,0x00000000f5d80000)
 ParOldGen       total 242176K, used 103692K [0x0000000080000000, 0x000000008ec80000, 0x00000000d5580000)
  object space 242176K, 42% used [0x0000000080000000,0x0000000086543268,0x000000008ec80000)
 Metaspace       used 278536K, capacity 288506K, committed 289256K, reserved 1304576K
  class space    used 32502K, capacity 34144K, committed 34344K, reserved 1048576K
}
Event: 4921.513 GC heap before
{Heap before GC invocations=72 (full 6):
 PSYoungGen      total 459264K, used 455117K [0x00000000d5580000, 0x00000000f5d80000, 0x0000000100000000)
  eden space 403968K, 100% used [0x00000000d5580000,0x00000000ee000000,0x00000000ee000000)
  from space 55296K, 92% used [0x00000000ee000000,0x00000000f11f3738,0x00000000f1600000)
  to   space 62464K, 0% used [0x00000000f2080000,0x00000000f2080000,0x00000000f5d80000)
 ParOldGen       total 242176K, used 103692K [0x0000000080000000, 0x000000008ec80000, 0x00000000d5580000)
  object space 242176K, 42% used [0x0000000080000000,0x0000000086543268,0x000000008ec80000)
 Metaspace       used 278652K, capacity 288526K, committed 289256K, reserved 1304576K
  class space    used 32502K, capacity 34144K, committed 34344K, reserved 1048576K
Event: 4921.549 GC heap after
Heap after GC invocations=72 (full 6):
 PSYoungGen      total 465920K, used 15903K [0x00000000d5580000, 0x00000000f5980000, 0x0000000100000000)
  eden space 407552K, 0% used [0x00000000d5580000,0x00000000d5580000,0x00000000ee380000)
  from space 58368K, 27% used [0x00000000f2080000,0x00000000f3007dd8,0x00000000f5980000)
  to   space 60416K, 0% used [0x00000000ee380000,0x00000000ee380000,0x00000000f1e80000)
 ParOldGen       total 242176K, used 103700K [0x0000000080000000, 0x000000008ec80000, 0x00000000d5580000)
  object space 242176K, 42% used [0x0000000080000000,0x0000000086545268,0x000000008ec80000)
 Metaspace       used 278652K, capacity 288526K, committed 289256K, reserved 1304576K
  class space    used 32502K, capacity 34144K, committed 34344K, reserved 1048576K
}
Event: 5087.385 GC heap before
{Heap before GC invocations=73 (full 6):
 PSYoungGen      total 465920K, used 423455K [0x00000000d5580000, 0x00000000f5980000, 0x0000000100000000)
  eden space 407552K, 100% used [0x00000000d5580000,0x00000000ee380000,0x00000000ee380000)
  from space 58368K, 27% used [0x00000000f2080000,0x00000000f3007dd8,0x00000000f5980000)
  to   space 60416K, 0% used [0x00000000ee380000,0x00000000ee380000,0x00000000f1e80000)
 ParOldGen       total 242176K, used 103700K [0x0000000080000000, 0x000000008ec80000, 0x00000000d5580000)
  object space 242176K, 42% used [0x0000000080000000,0x0000000086545268,0x000000008ec80000)
 Metaspace       used 278676K, capacity 288526K, committed 289256K, reserved 1304576K
  class space    used 32502K, capacity 34144K, committed 34344K, reserved 1048576K
Event: 5087.408 GC heap after
Heap after GC invocations=73 (full 6):
 PSYoungGen      total 467968K, used 19202K [0x00000000d5580000, 0x00000000f5880000, 0x0000000100000000)
  eden space 407552K, 0% used [0x00000000d5580000,0x00000000d5580000,0x00000000ee380000)
  from space 60416K, 31% used [0x00000000ee380000,0x00000000ef640bd8,0x00000000f1e80000)
  to   space 58368K, 0% used [0x00000000f1f80000,0x00000000f1f80000,0x00000000f5880000)
 ParOldGen       total 242176K, used 103700K [0x0000000080000000, 0x000000008ec80000, 0x00000000d5580000)
  object space 242176K, 42% used [0x0000000080000000,0x0000000086545268,0x000000008ec80000)
 Metaspace       used 278676K, capacity 288526K, committed 289256K, reserved 1304576K
  class space    used 32502K, capacity 34144K, committed 34344K, reserved 1048576K
}
Event: 5147.787 GC heap before
{Heap before GC invocations=74 (full 6):
 PSYoungGen      total 467968K, used 426754K [0x00000000d5580000, 0x00000000f5880000, 0x0000000100000000)
  eden space 407552K, 100% used [0x00000000d5580000,0x00000000ee380000,0x00000000ee380000)
  from space 60416K, 31% used [0x00000000ee380000,0x00000000ef640bd8,0x00000000f1e80000)
  to   space 58368K, 0% used [0x00000000f1f80000,0x00000000f1f80000,0x00000000f5880000)
 ParOldGen       total 242176K, used 103700K [0x0000000080000000, 0x000000008ec80000, 0x00000000d5580000)
  object space 242176K, 42% used [0x0000000080000000,0x0000000086545268,0x000000008ec80000)
 Metaspace       used 278715K, capacity 288590K, committed 289256K, reserved 1304576K
  class space    used 32503K, capacity 34144K, committed 34344K, reserved 1048576K
Event: 5147.810 GC heap after
Heap after GC invocations=74 (full 6):
 PSYoungGen      total 463872K, used 18321K [0x00000000d5580000, 0x00000000f5380000, 0x0000000100000000)
  eden space 410624K, 0% used [0x00000000d5580000,0x00000000d5580000,0x00000000ee680000)
  from space 53248K, 34% used [0x00000000f1f80000,0x00000000f31645a0,0x00000000f5380000)
  to   space 55808K, 0% used [0x00000000ee680000,0x00000000ee680000,0x00000000f1d00000)
 ParOldGen       total 242176K, used 103700K [0x0000000080000000, 0x000000008ec80000, 0x00000000d5580000)
  object space 242176K, 42% used [0x0000000080000000,0x0000000086545268,0x000000008ec80000)
 Metaspace       used 278715K, capacity 288590K, committed 289256K, reserved 1304576K
  class space    used 32503K, capacity 34144K, committed 34344K, reserved 1048576K
}
Event: 5240.515 GC heap before
{Heap before GC invocations=75 (full 6):
 PSYoungGen      total 463872K, used 428945K [0x00000000d5580000, 0x00000000f5380000, 0x0000000100000000)
  eden space 410624K, 100% used [0x00000000d5580000,0x00000000ee680000,0x00000000ee680000)
  from space 53248K, 34% used [0x00000000f1f80000,0x00000000f31645a0,0x00000000f5380000)
  to   space 55808K, 0% used [0x00000000ee680000,0x00000000ee680000,0x00000000f1d00000)
 ParOldGen       total 242176K, used 103700K [0x0000000080000000, 0x000000008ec80000, 0x00000000d5580000)
  object space 242176K, 42% used [0x0000000080000000,0x0000000086545268,0x000000008ec80000)
 Metaspace       used 278737K, capacity 288658K, committed 289512K, reserved 1304576K
  class space    used 32503K, capacity 34144K, committed 34344K, reserved 1048576K
Event: 5240.540 GC heap after
Heap after GC invocations=75 (full 6):
 PSYoungGen      total 466432K, used 21644K [0x00000000d5580000, 0x00000000f5100000, 0x0000000100000000)
  eden space 410624K, 0% used [0x00000000d5580000,0x00000000d5580000,0x00000000ee680000)
  from space 55808K, 38% used [0x00000000ee680000,0x00000000efba30a8,0x00000000f1d00000)
  to   space 53248K, 0% used [0x00000000f1d00000,0x00000000f1d00000,0x00000000f5100000)
 ParOldGen       total 242176K, used 103708K [0x0000000080000000, 0x000000008ec80000, 0x00000000d5580000)
  object space 242176K, 42% used [0x0000000080000000,0x0000000086547268,0x000000008ec80000)
 Metaspace       used 278737K, capacity 288658K, committed 289512K, reserved 1304576K
  class space    used 32503K, capacity 34144K, committed 34344K, reserved 1048576K
}

