# JRE version: OpenJDK Runtime Environment (8.0_242-b01) (build 1.8.0_242-release-1644-b01)
# Java VM: OpenJDK 64-Bit Server VM (25.242-b01 mixed mode windows-amd64 compressed oops)
Heap:
 PSYoungGen      total 276480K, used 10054K [0x00000000d5580000, 0x00000000ec000000, 0x0000000100000000)
  eden space 260096K, 3% used [0x00000000d5580000,0x00000000d5f51ab8,0x00000000e5380000)
  from space 16384K, 0% used [0x00000000e5380000,0x00000000e5380000,0x00000000e6380000)
  to   space 25088K, 0% used [0x00000000ea780000,0x00000000ea780000,0x00000000ec000000)
 ParOldGen       total 78336K, used 31623K [0x0000000080000000, 0x0000000084c80000, 0x00000000d5580000)
  object space 78336K, 40% used [0x0000000080000000,0x0000000081ee1d38,0x0000000084c80000)
 Metaspace       used 57421K, capacity 59512K, committed 59800K, reserved 1101824K
  class space    used 7777K, capacity 8255K, committed 8360K, reserved 1048576K
GC Heap History (10 events):
Event: 4.856 GC heap before
{Heap before GC invocations=8 (full 1):
 PSYoungGen      total 249856K, used 62751K [0x00000000d5580000, 0x00000000e7380000, 0x0000000100000000)
  eden space 236544K, 20% used [0x00000000d5580000,0x00000000d85cccb8,0x00000000e3c80000)
  from space 13312K, 99% used [0x00000000e6680000,0x00000000e737b018,0x00000000e7380000)
  to   space 16384K, 0% used [0x00000000e5380000,0x00000000e5380000,0x00000000e6380000)
 ParOldGen       total 59392K, used 12203K [0x0000000080000000, 0x0000000083a00000, 0x00000000d5580000)
  object space 59392K, 20% used [0x0000000080000000,0x0000000080beaea0,0x0000000083a00000)
 Metaspace       used 34461K, capacity 35354K, committed 35496K, reserved 1079296K
  class space    used 4719K, capacity 4938K, committed 5032K, reserved 1048576K
Event: 4.867 GC heap after
Heap after GC invocations=8 (full 1):
 PSYoungGen      total 252928K, used 9131K [0x00000000d5580000, 0x00000000e7380000, 0x0000000100000000)
  eden space 236544K, 0% used [0x00000000d5580000,0x00000000d5580000,0x00000000e3c80000)
  from space 16384K, 55% used [0x00000000e5380000,0x00000000e5c6af80,0x00000000e6380000)
  to   space 13312K, 0% used [0x00000000e6680000,0x00000000e6680000,0x00000000e7380000)
 ParOldGen       total 59392K, used 12211K [0x0000000080000000, 0x0000000083a00000, 0x00000000d5580000)
  object space 59392K, 20% used [0x0000000080000000,0x0000000080becea0,0x0000000083a00000)
 Metaspace       used 34461K, capacity 35354K, committed 35496K, reserved 1079296K
  class space    used 4719K, capacity 4938K, committed 5032K, reserved 1048576K
}
Event: 4.867 GC heap before
{Heap before GC invocations=9 (full 2):
 PSYoungGen      total 252928K, used 9131K [0x00000000d5580000, 0x00000000e7380000, 0x0000000100000000)
  eden space 236544K, 0% used [0x00000000d5580000,0x00000000d5580000,0x00000000e3c80000)
  from space 16384K, 55% used [0x00000000e5380000,0x00000000e5c6af80,0x00000000e6380000)
  to   space 13312K, 0% used [0x00000000e6680000,0x00000000e6680000,0x00000000e7380000)
 ParOldGen       total 59392K, used 12211K [0x0000000080000000, 0x0000000083a00000, 0x00000000d5580000)
  object space 59392K, 20% used [0x0000000080000000,0x0000000080becea0,0x0000000083a00000)
 Metaspace       used 34461K, capacity 35354K, committed 35496K, reserved 1079296K
  class space    used 4719K, capacity 4938K, committed 5032K, reserved 1048576K
Event: 4.956 GC heap after
Heap after GC invocations=9 (full 2):
 PSYoungGen      total 252928K, used 0K [0x00000000d5580000, 0x00000000e7380000, 0x0000000100000000)
  eden space 236544K, 0% used [0x00000000d5580000,0x00000000d5580000,0x00000000e3c80000)
  from space 16384K, 0% used [0x00000000e5380000,0x00000000e5380000,0x00000000e6380000)
  to   space 13312K, 0% used [0x00000000e6680000,0x00000000e6680000,0x00000000e7380000)
 ParOldGen       total 78336K, used 15727K [0x0000000080000000, 0x0000000084c80000, 0x00000000d5580000)
  object space 78336K, 20% used [0x0000000080000000,0x0000000080f5bf00,0x0000000084c80000)
 Metaspace       used 34461K, capacity 35354K, committed 35496K, reserved 1079296K
  class space    used 4719K, capacity 4938K, committed 5032K, reserved 1048576K
}
Event: 9.340 GC heap before
{Heap before GC invocations=10 (full 2):
 PSYoungGen      total 252928K, used 236544K [0x00000000d5580000, 0x00000000e7380000, 0x0000000100000000)
  eden space 236544K, 100% used [0x00000000d5580000,0x00000000e3c80000,0x00000000e3c80000)
  from space 16384K, 0% used [0x00000000e5380000,0x00000000e5380000,0x00000000e6380000)
  to   space 13312K, 0% used [0x00000000e6680000,0x00000000e6680000,0x00000000e7380000)
 ParOldGen       total 78336K, used 15727K [0x0000000080000000, 0x0000000084c80000, 0x00000000d5580000)
  object space 78336K, 20% used [0x0000000080000000,0x0000000080f5bf00,0x0000000084c80000)
 Metaspace       used 53717K, capacity 55624K, committed 55848K, reserved 1097728K
  class space    used 7196K, capacity 7637K, committed 7720K, reserved 1048576K
Event: 9.388 GC heap after
Heap after GC invocations=10 (full 2):
 PSYoungGen      total 249856K, used 13308K [0x00000000d5580000, 0x00000000e7380000, 0x0000000100000000)
  eden space 236544K, 0% used [0x00000000d5580000,0x00000000d5580000,0x00000000e3c80000)
  from space 13312K, 99% used [0x00000000e6680000,0x00000000e737f340,0x00000000e7380000)
  to   space 16384K, 0% used [0x00000000e5380000,0x00000000e5380000,0x00000000e6380000)
 ParOldGen       total 78336K, used 29936K [0x0000000080000000, 0x0000000084c80000, 0x00000000d5580000)
  object space 78336K, 38% used [0x0000000080000000,0x0000000081d3c2e0,0x0000000084c80000)
 Metaspace       used 53717K, capacity 55624K, committed 55848K, reserved 1097728K
  class space    used 7196K, capacity 7637K, committed 7720K, reserved 1048576K
}
Event: 10.061 GC heap before
{Heap before GC invocations=11 (full 2):
 PSYoungGen      total 249856K, used 57820K [0x00000000d5580000, 0x00000000e7380000, 0x0000000100000000)
  eden space 236544K, 18% used [0x00000000d5580000,0x00000000d80f8008,0x00000000e3c80000)
  from space 13312K, 99% used [0x00000000e6680000,0x00000000e737f340,0x00000000e7380000)
  to   space 16384K, 0% used [0x00000000e5380000,0x00000000e5380000,0x00000000e6380000)
 ParOldGen       total 78336K, used 29936K [0x0000000080000000, 0x0000000084c80000, 0x00000000d5580000)
  object space 78336K, 38% used [0x0000000080000000,0x0000000081d3c2e0,0x0000000084c80000)
 Metaspace       used 57117K, capacity 59096K, committed 59160K, reserved 1099776K
  class space    used 7725K, capacity 8183K, committed 8232K, reserved 1048576K
Event: 10.105 GC heap after
Heap after GC invocations=11 (full 2):
 PSYoungGen      total 276480K, used 16360K [0x00000000d5580000, 0x00000000ec000000, 0x0000000100000000)
  eden space 260096K, 0% used [0x00000000d5580000,0x00000000d5580000,0x00000000e5380000)
  from space 16384K, 99% used [0x00000000e5380000,0x00000000e637a2b0,0x00000000e6380000)
  to   space 25088K, 0% used [0x00000000ea780000,0x00000000ea780000,0x00000000ec000000)
 ParOldGen       total 78336K, used 31622K [0x0000000080000000, 0x0000000084c80000, 0x00000000d5580000)
  object space 78336K, 40% used [0x0000000080000000,0x0000000081ee1af8,0x0000000084c80000)
 Metaspace       used 57117K, capacity 59096K, committed 59160K, reserved 1099776K
  class space    used 7725K, capacity 8183K, committed 8232K, reserved 1048576K
}
Event: 10.105 GC heap before
{Heap before GC invocations=12 (full 3):
 PSYoungGen      total 276480K, used 16360K [0x00000000d5580000, 0x00000000ec000000, 0x0000000100000000)
  eden space 260096K, 0% used [0x00000000d5580000,0x00000000d5580000,0x00000000e5380000)
  from space 16384K, 99% used [0x00000000e5380000,0x00000000e637a2b0,0x00000000e6380000)
  to   space 25088K, 0% used [0x00000000ea780000,0x00000000ea780000,0x00000000ec000000)
 ParOldGen       total 78336K, used 31622K [0x0000000080000000, 0x0000000084c80000, 0x00000000d5580000)
  object space 78336K, 40% used [0x0000000080000000,0x0000000081ee1af8,0x0000000084c80000)
 Metaspace       used 57117K, capacity 59096K, committed 59160K, reserved 1099776K
  class space    used 7725K, capacity 8183K, committed 8232K, reserved 1048576K
Event: 10.317 GC heap after
Heap after GC invocations=12 (full 3):
 PSYoungGen      total 276480K, used 0K [0x00000000d5580000, 0x00000000ec000000, 0x0000000100000000)
  eden space 260096K, 0% used [0x00000000d5580000,0x00000000d5580000,0x00000000e5380000)
  from space 16384K, 0% used [0x00000000e5380000,0x00000000e5380000,0x00000000e6380000)
  to   space 25088K, 0% used [0x00000000ea780000,0x00000000ea780000,0x00000000ec000000)
 ParOldGen       total 78336K, used 31623K [0x0000000080000000, 0x0000000084c80000, 0x00000000d5580000)
  object space 78336K, 40% used [0x0000000080000000,0x0000000081ee1d38,0x0000000084c80000)
 Metaspace       used 57113K, capacity 59084K, committed 59160K, reserved 1099776K
  class space    used 7724K, capacity 8181K, committed 8232K, reserved 1048576K
}

