# JRE version: OpenJDK Runtime Environment (8.0_242-b01) (build 1.8.0_242-release-1644-b01)
# Java VM: OpenJDK 64-Bit Server VM (25.242-b01 mixed mode windows-amd64 compressed oops)
Heap:
 PSYoungGen      total 660992K, used 326646K [0x00000000d5580000, 0x0000000100000000, 0x0000000100000000)
  eden space 623104K, 52% used [0x00000000d5580000,0x00000000e947d890,0x00000000fb600000)
  from space 37888K, 0% used [0x00000000fb600000,0x00000000fb600000,0x00000000fdb00000)
  to   space 37376K, 0% used [0x00000000fdb80000,0x00000000fdb80000,0x0000000100000000)
 ParOldGen       total 145920K, used 50578K [0x0000000080000000, 0x0000000088e80000, 0x00000000d5580000)
  object space 145920K, 34% used [0x0000000080000000,0x0000000083164990,0x0000000088e80000)
 Metaspace       used 109451K, capacity 116172K, committed 119320K, reserved 1153024K
  class space    used 14194K, capacity 15359K, committed 15920K, reserved 1048576K
GC Heap History (10 events):
Event: 1363.878 GC heap before
{Heap before GC invocations=16 (full 4):
 PSYoungGen      total 664064K, used 1074K [0x00000000d5580000, 0x0000000100000000, 0x0000000100000000)
  eden space 630272K, 0% used [0x00000000d5580000,0x00000000d5580000,0x00000000fbd00000)
  from space 33792K, 3% used [0x00000000fdf00000,0x00000000fe00cb68,0x0000000100000000)
  to   space 34304K, 0% used [0x00000000fbd00000,0x00000000fbd00000,0x00000000fde80000)
 ParOldGen       total 99328K, used 78635K [0x0000000080000000, 0x0000000086100000, 0x00000000d5580000)
  object space 99328K, 79% used [0x0000000080000000,0x0000000084ccad08,0x0000000086100000)
 Metaspace       used 94228K, capacity 98506K, committed 98600K, reserved 1134592K
  class space    used 12377K, capacity 13225K, committed 13232K, reserved 1048576K
Event: 1364.217 GC heap after
Heap after GC invocations=16 (full 4):
 PSYoungGen      total 664064K, used 0K [0x00000000d5580000, 0x0000000100000000, 0x0000000100000000)
  eden space 630272K, 0% used [0x00000000d5580000,0x00000000d5580000,0x00000000fbd00000)
  from space 33792K, 0% used [0x00000000fdf00000,0x00000000fdf00000,0x0000000100000000)
  to   space 34304K, 0% used [0x00000000fbd00000,0x00000000fbd00000,0x00000000fde80000)
 ParOldGen       total 145920K, used 56596K [0x0000000080000000, 0x0000000088e80000, 0x00000000d5580000)
  object space 145920K, 38% used [0x0000000080000000,0x0000000083745270,0x0000000088e80000)
 Metaspace       used 94189K, capacity 98390K, committed 98600K, reserved 1134592K
  class space    used 12365K, capacity 13203K, committed 13232K, reserved 1048576K
}
Event: 2598.762 GC heap before
{Heap before GC invocations=17 (full 4):
 PSYoungGen      total 664064K, used 630272K [0x00000000d5580000, 0x0000000100000000, 0x0000000100000000)
  eden space 630272K, 100% used [0x00000000d5580000,0x00000000fbd00000,0x00000000fbd00000)
  from space 33792K, 0% used [0x00000000fdf00000,0x00000000fdf00000,0x0000000100000000)
  to   space 34304K, 0% used [0x00000000fbd00000,0x00000000fbd00000,0x00000000fde80000)
 ParOldGen       total 145920K, used 56596K [0x0000000080000000, 0x0000000088e80000, 0x00000000d5580000)
  object space 145920K, 38% used [0x0000000080000000,0x0000000083745270,0x0000000088e80000)
 Metaspace       used 108828K, capacity 114340K, committed 114456K, reserved 1148928K
  class space    used 14318K, capacity 15388K, committed 15408K, reserved 1048576K
Event: 2598.859 GC heap after
Heap after GC invocations=17 (full 4):
 PSYoungGen      total 663552K, used 33096K [0x00000000d5580000, 0x0000000100000000, 0x0000000100000000)
  eden space 630272K, 0% used [0x00000000d5580000,0x00000000d5580000,0x00000000fbd00000)
  from space 33280K, 99% used [0x00000000fbd00000,0x00000000fdd52318,0x00000000fdd80000)
  to   space 35328K, 0% used [0x00000000fdd80000,0x00000000fdd80000,0x0000000100000000)
 ParOldGen       total 145920K, used 56604K [0x0000000080000000, 0x0000000088e80000, 0x00000000d5580000)
  object space 145920K, 38% used [0x0000000080000000,0x0000000083747270,0x0000000088e80000)
 Metaspace       used 108828K, capacity 114340K, committed 114456K, reserved 1148928K
  class space    used 14318K, capacity 15388K, committed 15408K, reserved 1048576K
}
Event: 3350.300 GC heap before
{Heap before GC invocations=18 (full 4):
 PSYoungGen      total 663552K, used 663368K [0x00000000d5580000, 0x0000000100000000, 0x0000000100000000)
  eden space 630272K, 100% used [0x00000000d5580000,0x00000000fbd00000,0x00000000fbd00000)
  from space 33280K, 99% used [0x00000000fbd00000,0x00000000fdd52318,0x00000000fdd80000)
  to   space 35328K, 0% used [0x00000000fdd80000,0x00000000fdd80000,0x0000000100000000)
 ParOldGen       total 145920K, used 56604K [0x0000000080000000, 0x0000000088e80000, 0x00000000d5580000)
  object space 145920K, 38% used [0x0000000080000000,0x0000000083747270,0x0000000088e80000)
 Metaspace       used 110973K, capacity 117324K, committed 117656K, reserved 1150976K
  class space    used 14473K, capacity 15666K, committed 15792K, reserved 1048576K
Event: 3350.339 GC heap after
Heap after GC invocations=18 (full 4):
 PSYoungGen      total 658432K, used 11512K [0x00000000d5580000, 0x0000000100000000, 0x0000000100000000)
  eden space 623104K, 0% used [0x00000000d5580000,0x00000000d5580000,0x00000000fb600000)
  from space 35328K, 32% used [0x00000000fdd80000,0x00000000fe8be390,0x0000000100000000)
  to   space 37888K, 0% used [0x00000000fb600000,0x00000000fb600000,0x00000000fdb00000)
 ParOldGen       total 145920K, used 68157K [0x0000000080000000, 0x0000000088e80000, 0x00000000d5580000)
  object space 145920K, 46% used [0x0000000080000000,0x000000008428f740,0x0000000088e80000)
 Metaspace       used 110973K, capacity 117324K, committed 117656K, reserved 1150976K
  class space    used 14473K, capacity 15666K, committed 15792K, reserved 1048576K
}
Event: 4964.218 GC heap before
{Heap before GC invocations=19 (full 4):
 PSYoungGen      total 658432K, used 550551K [0x00000000d5580000, 0x0000000100000000, 0x0000000100000000)
  eden space 623104K, 86% used [0x00000000d5580000,0x00000000f63e7920,0x00000000fb600000)
  from space 35328K, 32% used [0x00000000fdd80000,0x00000000fe8be390,0x0000000100000000)
  to   space 37888K, 0% used [0x00000000fb600000,0x00000000fb600000,0x00000000fdb00000)
 ParOldGen       total 145920K, used 68157K [0x0000000080000000, 0x0000000088e80000, 0x00000000d5580000)
  object space 145920K, 46% used [0x0000000080000000,0x000000008428f740,0x0000000088e80000)
 Metaspace       used 112068K, capacity 119254K, committed 119320K, reserved 1153024K
  class space    used 14588K, capacity 15875K, committed 15920K, reserved 1048576K
Event: 4964.224 GC heap after
Heap after GC invocations=19 (full 4):
 PSYoungGen      total 660992K, used 2749K [0x00000000d5580000, 0x0000000100000000, 0x0000000100000000)
  eden space 623104K, 0% used [0x00000000d5580000,0x00000000d5580000,0x00000000fb600000)
  from space 37888K, 7% used [0x00000000fb600000,0x00000000fb8af6b8,0x00000000fdb00000)
  to   space 37376K, 0% used [0x00000000fdb80000,0x00000000fdb80000,0x0000000100000000)
 ParOldGen       total 145920K, used 68757K [0x0000000080000000, 0x0000000088e80000, 0x00000000d5580000)
  object space 145920K, 47% used [0x0000000080000000,0x0000000084325468,0x0000000088e80000)
 Metaspace       used 112068K, capacity 119254K, committed 119320K, reserved 1153024K
  class space    used 14588K, capacity 15875K, committed 15920K, reserved 1048576K
}
Event: 4964.224 GC heap before
{Heap before GC invocations=20 (full 5):
 PSYoungGen      total 660992K, used 2749K [0x00000000d5580000, 0x0000000100000000, 0x0000000100000000)
  eden space 623104K, 0% used [0x00000000d5580000,0x00000000d5580000,0x00000000fb600000)
  from space 37888K, 7% used [0x00000000fb600000,0x00000000fb8af6b8,0x00000000fdb00000)
  to   space 37376K, 0% used [0x00000000fdb80000,0x00000000fdb80000,0x0000000100000000)
 ParOldGen       total 145920K, used 68757K [0x0000000080000000, 0x0000000088e80000, 0x00000000d5580000)
  object space 145920K, 47% used [0x0000000080000000,0x0000000084325468,0x0000000088e80000)
 Metaspace       used 112068K, capacity 119254K, committed 119320K, reserved 1153024K
  class space    used 14588K, capacity 15875K, committed 15920K, reserved 1048576K
Event: 4964.642 GC heap after
Heap after GC invocations=20 (full 5):
 PSYoungGen      total 660992K, used 0K [0x00000000d5580000, 0x0000000100000000, 0x0000000100000000)
  eden space 623104K, 0% used [0x00000000d5580000,0x00000000d5580000,0x00000000fb600000)
  from space 37888K, 0% used [0x00000000fb600000,0x00000000fb600000,0x00000000fdb00000)
  to   space 37376K, 0% used [0x00000000fdb80000,0x00000000fdb80000,0x0000000100000000)
 ParOldGen       total 145920K, used 50578K [0x0000000080000000, 0x0000000088e80000, 0x00000000d5580000)
  object space 145920K, 34% used [0x0000000080000000,0x0000000083164990,0x0000000088e80000)
 Metaspace       used 109057K, capacity 115526K, committed 119320K, reserved 1153024K
  class space    used 14154K, capacity 15286K, committed 15920K, reserved 1048576K
}

