# JRE version: OpenJDK Runtime Environment (8.0_242-b01) (build 1.8.0_242-release-1644-b01)
# Java VM: OpenJDK 64-Bit Server VM (25.242-b01 mixed mode windows-amd64 compressed oops)
Heap:
 PSYoungGen      total 275456K, used 33990K [0x00000000d5580000, 0x00000000ef600000, 0x0000000100000000)
  eden space 261120K, 13% used [0x00000000d5580000,0x00000000d76b19d8,0x00000000e5480000)
  from space 14336K, 0% used [0x00000000e5480000,0x00000000e5480000,0x00000000e6280000)
  to   space 15360K, 0% used [0x00000000ee700000,0x00000000ee700000,0x00000000ef600000)
 ParOldGen       total 52736K, used 17114K [0x0000000080000000, 0x0000000083380000, 0x00000000d5580000)
  object space 52736K, 32% used [0x0000000080000000,0x00000000810b6968,0x0000000083380000)
 Metaspace       used 36083K, capacity 37324K, committed 37584K, reserved 1081344K
  class space    used 4949K, capacity 5243K, committed 5296K, reserved 1048576K
GC Heap History (10 events):
Event: 3.785 GC heap before
{Heap before GC invocations=7 (full 0):
 PSYoungGen      total 144896K, used 8672K [0x00000000d5580000, 0x00000000def80000, 0x0000000100000000)
  eden space 133120K, 2% used [0x00000000d5580000,0x00000000d58f32b0,0x00000000dd780000)
  from space 11776K, 43% used [0x00000000de400000,0x00000000de905040,0x00000000def80000)
  to   space 12288K, 0% used [0x00000000dd780000,0x00000000dd780000,0x00000000de380000)
 ParOldGen       total 87552K, used 10446K [0x0000000080000000, 0x0000000085580000, 0x00000000d5580000)
  object space 87552K, 11% used [0x0000000080000000,0x0000000080a33a70,0x0000000085580000)
 Metaspace       used 20927K, capacity 21592K, committed 21628K, reserved 1069056K
  class space    used 2928K, capacity 3120K, committed 3120K, reserved 1048576K
Event: 3.793 GC heap after
Heap after GC invocations=7 (full 0):
 PSYoungGen      total 145408K, used 3720K [0x00000000d5580000, 0x00000000e7080000, 0x0000000100000000)
  eden space 133120K, 0% used [0x00000000d5580000,0x00000000d5580000,0x00000000dd780000)
  from space 12288K, 30% used [0x00000000dd780000,0x00000000ddb223e8,0x00000000de380000)
  to   space 11776K, 0% used [0x00000000e6500000,0x00000000e6500000,0x00000000e7080000)
 ParOldGen       total 87552K, used 12246K [0x0000000080000000, 0x0000000085580000, 0x00000000d5580000)
  object space 87552K, 13% used [0x0000000080000000,0x0000000080bf5ab0,0x0000000085580000)
 Metaspace       used 20927K, capacity 21592K, committed 21628K, reserved 1069056K
  class space    used 2928K, capacity 3120K, committed 3120K, reserved 1048576K
}
Event: 3.793 GC heap before
{Heap before GC invocations=8 (full 1):
 PSYoungGen      total 145408K, used 3720K [0x00000000d5580000, 0x00000000e7080000, 0x0000000100000000)
  eden space 133120K, 0% used [0x00000000d5580000,0x00000000d5580000,0x00000000dd780000)
  from space 12288K, 30% used [0x00000000dd780000,0x00000000ddb223e8,0x00000000de380000)
  to   space 11776K, 0% used [0x00000000e6500000,0x00000000e6500000,0x00000000e7080000)
 ParOldGen       total 87552K, used 12246K [0x0000000080000000, 0x0000000085580000, 0x00000000d5580000)
  object space 87552K, 13% used [0x0000000080000000,0x0000000080bf5ab0,0x0000000085580000)
 Metaspace       used 20927K, capacity 21592K, committed 21628K, reserved 1069056K
  class space    used 2928K, capacity 3120K, committed 3120K, reserved 1048576K
Event: 3.843 GC heap after
Heap after GC invocations=8 (full 1):
 PSYoungGen      total 145408K, used 0K [0x00000000d5580000, 0x00000000e7080000, 0x0000000100000000)
  eden space 133120K, 0% used [0x00000000d5580000,0x00000000d5580000,0x00000000dd780000)
  from space 12288K, 0% used [0x00000000dd780000,0x00000000dd780000,0x00000000de380000)
  to   space 11776K, 0% used [0x00000000e6500000,0x00000000e6500000,0x00000000e7080000)
 ParOldGen       total 52736K, used 11727K [0x0000000080000000, 0x0000000083380000, 0x00000000d5580000)
  object space 52736K, 22% used [0x0000000080000000,0x0000000080b73e38,0x0000000083380000)
 Metaspace       used 20927K, capacity 21592K, committed 21628K, reserved 1069056K
  class space    used 2928K, capacity 3120K, committed 3120K, reserved 1048576K
}
Event: 6.119 GC heap before
{Heap before GC invocations=9 (full 1):
 PSYoungGen      total 145408K, used 133120K [0x00000000d5580000, 0x00000000e7080000, 0x0000000100000000)
  eden space 133120K, 100% used [0x00000000d5580000,0x00000000dd780000,0x00000000dd780000)
  from space 12288K, 0% used [0x00000000dd780000,0x00000000dd780000,0x00000000de380000)
  to   space 11776K, 0% used [0x00000000e6500000,0x00000000e6500000,0x00000000e7080000)
 ParOldGen       total 52736K, used 11727K [0x0000000080000000, 0x0000000083380000, 0x00000000d5580000)
  object space 52736K, 22% used [0x0000000080000000,0x0000000080b73e38,0x0000000083380000)
 Metaspace       used 32378K, capacity 33188K, committed 33328K, reserved 1077248K
  class space    used 4412K, capacity 4613K, committed 4656K, reserved 1048576K
Event: 6.147 GC heap after
Heap after GC invocations=9 (full 1):
 PSYoungGen      total 268288K, used 11767K [0x00000000d5580000, 0x00000000e7080000, 0x0000000100000000)
  eden space 256512K, 0% used [0x00000000d5580000,0x00000000d5580000,0x00000000e5000000)
  from space 11776K, 99% used [0x00000000e6500000,0x00000000e707dc58,0x00000000e7080000)
  to   space 14336K, 0% used [0x00000000e5480000,0x00000000e5480000,0x00000000e6280000)
 ParOldGen       total 52736K, used 13454K [0x0000000080000000, 0x0000000083380000, 0x00000000d5580000)
  object space 52736K, 25% used [0x0000000080000000,0x0000000080d23898,0x0000000083380000)
 Metaspace       used 32378K, capacity 33188K, committed 33328K, reserved 1077248K
  class space    used 4412K, capacity 4613K, committed 4656K, reserved 1048576K
}
Event: 7.511 GC heap before
{Heap before GC invocations=10 (full 1):
 PSYoungGen      total 268288K, used 73147K [0x00000000d5580000, 0x00000000e7080000, 0x0000000100000000)
  eden space 256512K, 23% used [0x00000000d5580000,0x00000000d9171060,0x00000000e5000000)
  from space 11776K, 99% used [0x00000000e6500000,0x00000000e707dc58,0x00000000e7080000)
  to   space 14336K, 0% used [0x00000000e5480000,0x00000000e5480000,0x00000000e6280000)
 ParOldGen       total 52736K, used 13454K [0x0000000080000000, 0x0000000083380000, 0x00000000d5580000)
  object space 52736K, 25% used [0x0000000080000000,0x0000000080d23898,0x0000000083380000)
 Metaspace       used 35033K, capacity 36022K, committed 36048K, reserved 1081344K
  class space    used 4781K, capacity 5030K, committed 5040K, reserved 1048576K
Event: 7.524 GC heap after
Heap after GC invocations=10 (full 1):
 PSYoungGen      total 275456K, used 10480K [0x00000000d5580000, 0x00000000ef600000, 0x0000000100000000)
  eden space 261120K, 0% used [0x00000000d5580000,0x00000000d5580000,0x00000000e5480000)
  from space 14336K, 73% used [0x00000000e5480000,0x00000000e5ebc058,0x00000000e6280000)
  to   space 15360K, 0% used [0x00000000ee700000,0x00000000ee700000,0x00000000ef600000)
 ParOldGen       total 52736K, used 13462K [0x0000000080000000, 0x0000000083380000, 0x00000000d5580000)
  object space 52736K, 25% used [0x0000000080000000,0x0000000080d25898,0x0000000083380000)
 Metaspace       used 35033K, capacity 36022K, committed 36048K, reserved 1081344K
  class space    used 4781K, capacity 5030K, committed 5040K, reserved 1048576K
}
Event: 7.524 GC heap before
{Heap before GC invocations=11 (full 2):
 PSYoungGen      total 275456K, used 10480K [0x00000000d5580000, 0x00000000ef600000, 0x0000000100000000)
  eden space 261120K, 0% used [0x00000000d5580000,0x00000000d5580000,0x00000000e5480000)
  from space 14336K, 73% used [0x00000000e5480000,0x00000000e5ebc058,0x00000000e6280000)
  to   space 15360K, 0% used [0x00000000ee700000,0x00000000ee700000,0x00000000ef600000)
 ParOldGen       total 52736K, used 13462K [0x0000000080000000, 0x0000000083380000, 0x00000000d5580000)
  object space 52736K, 25% used [0x0000000080000000,0x0000000080d25898,0x0000000083380000)
 Metaspace       used 35033K, capacity 36022K, committed 36048K, reserved 1081344K
  class space    used 4781K, capacity 5030K, committed 5040K, reserved 1048576K
Event: 7.623 GC heap after
Heap after GC invocations=11 (full 2):
 PSYoungGen      total 275456K, used 0K [0x00000000d5580000, 0x00000000ef600000, 0x0000000100000000)
  eden space 261120K, 0% used [0x00000000d5580000,0x00000000d5580000,0x00000000e5480000)
  from space 14336K, 0% used [0x00000000e5480000,0x00000000e5480000,0x00000000e6280000)
  to   space 15360K, 0% used [0x00000000ee700000,0x00000000ee700000,0x00000000ef600000)
 ParOldGen       total 52736K, used 17114K [0x0000000080000000, 0x0000000083380000, 0x00000000d5580000)
  object space 52736K, 32% used [0x0000000080000000,0x00000000810b6968,0x0000000083380000)
 Metaspace       used 35033K, capacity 36022K, committed 36048K, reserved 1081344K
  class space    used 4781K, capacity 5030K, committed 5040K, reserved 1048576K
}

