# JRE version: OpenJDK Runtime Environment (8.0_242-b01) (build 1.8.0_242-release-1644-b01)
# Java VM: OpenJDK 64-Bit Server VM (25.242-b01 mixed mode windows-amd64 compressed oops)
Heap:
 PSYoungGen      total 155648K, used 142106K [0x00000000d5580000, 0x00000000e2700000, 0x0000000100000000)
  eden space 140800K, 90% used [0x00000000d5580000,0x00000000dd1cb498,0x00000000ddf00000)
  from space 14848K, 99% used [0x00000000ddf00000,0x00000000ded7b500,0x00000000ded80000)
  to   space 18944K, 0% used [0x00000000e1480000,0x00000000e1480000,0x00000000e2700000)
 ParOldGen       total 119808K, used 39666K [0x0000000080000000, 0x0000000087500000, 0x00000000d5580000)
  object space 119808K, 33% used [0x0000000080000000,0x00000000826bc900,0x0000000087500000)
 Metaspace       used 76574K, capacity 80014K, committed 80152K, reserved 1118208K
  class space    used 10584K, capacity 11232K, committed 11304K, reserved 1048576K
GC Heap History (10 events):
Event: 28.299 GC heap before
{Heap before GC invocations=14 (full 2):
 PSYoungGen      total 95232K, used 94160K [0x00000000d5580000, 0x00000000ddc00000, 0x0000000100000000)
  eden space 84480K, 100% used [0x00000000d5580000,0x00000000da800000,0x00000000da800000)
  from space 10752K, 90% used [0x00000000da800000,0x00000000db1740f0,0x00000000db280000)
  to   space 11776K, 0% used [0x00000000dd080000,0x00000000dd080000,0x00000000ddc00000)
 ParOldGen       total 80384K, used 16189K [0x0000000080000000, 0x0000000084e80000, 0x00000000d5580000)
  object space 80384K, 20% used [0x0000000080000000,0x0000000080fcf7c8,0x0000000084e80000)
 Metaspace       used 49894K, capacity 51546K, committed 51880K, reserved 1093632K
  class space    used 6629K, capacity 7013K, committed 7080K, reserved 1048576K
Event: 28.332 GC heap after
Heap after GC invocations=14 (full 2):
 PSYoungGen      total 123904K, used 11071K [0x00000000d5580000, 0x00000000ddc00000, 0x0000000100000000)
  eden space 112128K, 0% used [0x00000000d5580000,0x00000000d5580000,0x00000000dc300000)
  from space 11776K, 94% used [0x00000000dd080000,0x00000000ddb4fca0,0x00000000ddc00000)
  to   space 12800K, 0% used [0x00000000dc300000,0x00000000dc300000,0x00000000dcf80000)
 ParOldGen       total 80384K, used 20812K [0x0000000080000000, 0x0000000084e80000, 0x00000000d5580000)
  object space 80384K, 25% used [0x0000000080000000,0x0000000081453088,0x0000000084e80000)
 Metaspace       used 49894K, capacity 51546K, committed 51880K, reserved 1093632K
  class space    used 6629K, capacity 7013K, committed 7080K, reserved 1048576K
}
Event: 36.190 GC heap before
{Heap before GC invocations=15 (full 2):
 PSYoungGen      total 123904K, used 113173K [0x00000000d5580000, 0x00000000ddc00000, 0x0000000100000000)
  eden space 112128K, 91% used [0x00000000d5580000,0x00000000db9357e0,0x00000000dc300000)
  from space 11776K, 94% used [0x00000000dd080000,0x00000000ddb4fca0,0x00000000ddc00000)
  to   space 12800K, 0% used [0x00000000dc300000,0x00000000dc300000,0x00000000dcf80000)
 ParOldGen       total 80384K, used 20812K [0x0000000080000000, 0x0000000084e80000, 0x00000000d5580000)
  object space 80384K, 25% used [0x0000000080000000,0x0000000081453088,0x0000000084e80000)
 Metaspace       used 57027K, capacity 59050K, committed 59160K, reserved 1099776K
  class space    used 7698K, capacity 8162K, committed 8232K, reserved 1048576K
Event: 36.210 GC heap after
Heap after GC invocations=15 (full 2):
 PSYoungGen      total 124928K, used 11788K [0x00000000d5580000, 0x00000000dfe00000, 0x0000000100000000)
  eden space 112128K, 0% used [0x00000000d5580000,0x00000000d5580000,0x00000000dc300000)
  from space 12800K, 92% used [0x00000000dc300000,0x00000000dce83318,0x00000000dcf80000)
  to   space 13824K, 0% used [0x00000000df080000,0x00000000df080000,0x00000000dfe00000)
 ParOldGen       total 80384K, used 26271K [0x0000000080000000, 0x0000000084e80000, 0x00000000d5580000)
  object space 80384K, 32% used [0x0000000080000000,0x00000000819a7fe8,0x0000000084e80000)
 Metaspace       used 57027K, capacity 59050K, committed 59160K, reserved 1099776K
  class space    used 7698K, capacity 8162K, committed 8232K, reserved 1048576K
}
Event: 36.210 GC heap before
{Heap before GC invocations=16 (full 3):
 PSYoungGen      total 124928K, used 11788K [0x00000000d5580000, 0x00000000dfe00000, 0x0000000100000000)
  eden space 112128K, 0% used [0x00000000d5580000,0x00000000d5580000,0x00000000dc300000)
  from space 12800K, 92% used [0x00000000dc300000,0x00000000dce83318,0x00000000dcf80000)
  to   space 13824K, 0% used [0x00000000df080000,0x00000000df080000,0x00000000dfe00000)
 ParOldGen       total 80384K, used 26271K [0x0000000080000000, 0x0000000084e80000, 0x00000000d5580000)
  object space 80384K, 32% used [0x0000000080000000,0x00000000819a7fe8,0x0000000084e80000)
 Metaspace       used 57027K, capacity 59050K, committed 59160K, reserved 1099776K
  class space    used 7698K, capacity 8162K, committed 8232K, reserved 1048576K
Event: 36.438 GC heap after
Heap after GC invocations=16 (full 3):
 PSYoungGen      total 124928K, used 0K [0x00000000d5580000, 0x00000000dfe00000, 0x0000000100000000)
  eden space 112128K, 0% used [0x00000000d5580000,0x00000000d5580000,0x00000000dc300000)
  from space 12800K, 0% used [0x00000000dc300000,0x00000000dc300000,0x00000000dcf80000)
  to   space 13824K, 0% used [0x00000000df080000,0x00000000df080000,0x00000000dfe00000)
 ParOldGen       total 119808K, used 34260K [0x0000000080000000, 0x0000000087500000, 0x00000000d5580000)
  object space 119808K, 28% used [0x0000000080000000,0x00000000821752d8,0x0000000087500000)
 Metaspace       used 57027K, capacity 59050K, committed 59160K, reserved 1099776K
  class space    used 7698K, capacity 8162K, committed 8232K, reserved 1048576K
}
Event: 41.957 GC heap before
{Heap before GC invocations=17 (full 3):
 PSYoungGen      total 124928K, used 112128K [0x00000000d5580000, 0x00000000dfe00000, 0x0000000100000000)
  eden space 112128K, 100% used [0x00000000d5580000,0x00000000dc300000,0x00000000dc300000)
  from space 12800K, 0% used [0x00000000dc300000,0x00000000dc300000,0x00000000dcf80000)
  to   space 13824K, 0% used [0x00000000df080000,0x00000000df080000,0x00000000dfe00000)
 ParOldGen       total 119808K, used 34260K [0x0000000080000000, 0x0000000087500000, 0x00000000d5580000)
  object space 119808K, 28% used [0x0000000080000000,0x00000000821752d8,0x0000000087500000)
 Metaspace       used 62508K, capacity 64992K, committed 65176K, reserved 1105920K
  class space    used 8539K, capacity 9061K, committed 9128K, reserved 1048576K
Event: 41.974 GC heap after
Heap after GC invocations=17 (full 3):
 PSYoungGen      total 152576K, used 11482K [0x00000000d5580000, 0x00000000dfc00000, 0x0000000100000000)
  eden space 140800K, 0% used [0x00000000d5580000,0x00000000d5580000,0x00000000ddf00000)
  from space 11776K, 97% used [0x00000000df080000,0x00000000dfbb6b98,0x00000000dfc00000)
  to   space 14848K, 0% used [0x00000000ddf00000,0x00000000ddf00000,0x00000000ded80000)
 ParOldGen       total 119808K, used 34260K [0x0000000080000000, 0x0000000087500000, 0x00000000d5580000)
  object space 119808K, 28% used [0x0000000080000000,0x00000000821752d8,0x0000000087500000)
 Metaspace       used 62508K, capacity 64992K, committed 65176K, reserved 1105920K
  class space    used 8539K, capacity 9061K, committed 9128K, reserved 1048576K
}
Event: 44.865 GC heap before
{Heap before GC invocations=18 (full 3):
 PSYoungGen      total 152576K, used 152282K [0x00000000d5580000, 0x00000000dfc00000, 0x0000000100000000)
  eden space 140800K, 100% used [0x00000000d5580000,0x00000000ddf00000,0x00000000ddf00000)
  from space 11776K, 97% used [0x00000000df080000,0x00000000dfbb6b98,0x00000000dfc00000)
  to   space 14848K, 0% used [0x00000000ddf00000,0x00000000ddf00000,0x00000000ded80000)
 ParOldGen       total 119808K, used 34260K [0x0000000080000000, 0x0000000087500000, 0x00000000d5580000)
  object space 119808K, 28% used [0x0000000080000000,0x00000000821752d8,0x0000000087500000)
 Metaspace       used 67973K, capacity 70560K, committed 70808K, reserved 1110016K
  class space    used 9247K, capacity 9787K, committed 9896K, reserved 1048576K
Event: 44.889 GC heap after
Heap after GC invocations=18 (full 3):
 PSYoungGen      total 155648K, used 14829K [0x00000000d5580000, 0x00000000e2700000, 0x0000000100000000)
  eden space 140800K, 0% used [0x00000000d5580000,0x00000000d5580000,0x00000000ddf00000)
  from space 14848K, 99% used [0x00000000ddf00000,0x00000000ded7b500,0x00000000ded80000)
  to   space 18944K, 0% used [0x00000000e1480000,0x00000000e1480000,0x00000000e2700000)
 ParOldGen       total 119808K, used 39666K [0x0000000080000000, 0x0000000087500000, 0x00000000d5580000)
  object space 119808K, 33% used [0x0000000080000000,0x00000000826bc900,0x0000000087500000)
 Metaspace       used 67973K, capacity 70560K, committed 70808K, reserved 1110016K
  class space    used 9247K, capacity 9787K, committed 9896K, reserved 1048576K
}

