# JRE version: OpenJDK Runtime Environment (8.0_242-b01) (build 1.8.0_242-release-1644-b01)
# Java VM: OpenJDK 64-Bit Server VM (25.242-b01 mixed mode windows-amd64 compressed oops)
Heap:
 PSYoungGen      total 662528K, used 364765K [0x00000000d5580000, 0x00000000ffc80000, 0x0000000100000000)
  eden space 629248K, 56% used [0x00000000d5580000,0x00000000eb15c1a8,0x00000000fbc00000)
  from space 33280K, 25% used [0x00000000fbc00000,0x00000000fc45b288,0x00000000fdc80000)
  to   space 31744K, 0% used [0x00000000fdd80000,0x00000000fdd80000,0x00000000ffc80000)
 ParOldGen       total 147456K, used 52330K [0x0000000080000000, 0x0000000089000000, 0x00000000d5580000)
  object space 147456K, 35% used [0x0000000080000000,0x000000008331a8d0,0x0000000089000000)
 Metaspace       used 95295K, capacity 103482K, committed 103704K, reserved 1138688K
  class space    used 12492K, capacity 13832K, committed 13864K, reserved 1048576K
GC Heap History (10 events):
Event: 1555.782 GC heap before
{Heap before GC invocations=15 (full 3):
 PSYoungGen      total 632320K, used 616086K [0x00000000d5580000, 0x0000000100000000, 0x0000000100000000)
  eden space 596480K, 100% used [0x00000000d5580000,0x00000000f9c00000,0x00000000f9c00000)
  from space 35840K, 54% used [0x00000000f9c00000,0x00000000faf259a8,0x00000000fbf00000)
  to   space 35328K, 0% used [0x00000000fdd80000,0x00000000fdd80000,0x0000000100000000)
 ParOldGen       total 98816K, used 68617K [0x0000000080000000, 0x0000000086080000, 0x00000000d5580000)
  object space 98816K, 69% used [0x0000000080000000,0x00000000843027b8,0x0000000086080000)
 Metaspace       used 90917K, capacity 96156K, committed 96280K, reserved 1132544K
  class space    used 12043K, capacity 12983K, committed 13096K, reserved 1048576K
Event: 1555.802 GC heap after
Heap after GC invocations=15 (full 3):
 PSYoungGen      total 662528K, used 3314K [0x00000000d5580000, 0x00000000fff80000, 0x0000000100000000)
  eden space 627712K, 0% used [0x00000000d5580000,0x00000000d5580000,0x00000000fba80000)
  from space 34816K, 9% used [0x00000000fdd80000,0x00000000fe0bca18,0x00000000fff80000)
  to   space 35328K, 0% used [0x00000000fba80000,0x00000000fba80000,0x00000000fdd00000)
 ParOldGen       total 98816K, used 75258K [0x0000000080000000, 0x0000000086080000, 0x00000000d5580000)
  object space 98816K, 76% used [0x0000000080000000,0x000000008497e990,0x0000000086080000)
 Metaspace       used 90917K, capacity 96156K, committed 96280K, reserved 1132544K
  class space    used 12043K, capacity 12983K, committed 13096K, reserved 1048576K
}
Event: 3394.065 GC heap before
{Heap before GC invocations=16 (full 3):
 PSYoungGen      total 662528K, used 564357K [0x00000000d5580000, 0x00000000fff80000, 0x0000000100000000)
  eden space 627712K, 89% used [0x00000000d5580000,0x00000000f7964ac0,0x00000000fba80000)
  from space 34816K, 9% used [0x00000000fdd80000,0x00000000fe0bca18,0x00000000fff80000)
  to   space 35328K, 0% used [0x00000000fba80000,0x00000000fba80000,0x00000000fdd00000)
 ParOldGen       total 98816K, used 75258K [0x0000000080000000, 0x0000000086080000, 0x00000000d5580000)
  object space 98816K, 76% used [0x0000000080000000,0x000000008497e990,0x0000000086080000)
 Metaspace       used 92221K, capacity 98462K, committed 98584K, reserved 1134592K
  class space    used 12204K, capacity 13278K, committed 13352K, reserved 1048576K
Event: 3394.084 GC heap after
Heap after GC invocations=16 (full 3):
 PSYoungGen      total 640000K, used 11993K [0x00000000d5580000, 0x00000000ffd80000, 0x0000000100000000)
  eden space 627712K, 0% used [0x00000000d5580000,0x00000000d5580000,0x00000000fba80000)
  from space 12288K, 97% used [0x00000000fba80000,0x00000000fc636588,0x00000000fc680000)
  to   space 33792K, 0% used [0x00000000fdc80000,0x00000000fdc80000,0x00000000ffd80000)
 ParOldGen       total 98816K, used 75266K [0x0000000080000000, 0x0000000086080000, 0x00000000d5580000)
  object space 98816K, 76% used [0x0000000080000000,0x0000000084980990,0x0000000086080000)
 Metaspace       used 92221K, capacity 98462K, committed 98584K, reserved 1134592K
  class space    used 12204K, capacity 13278K, committed 13352K, reserved 1048576K
}
Event: 3394.084 GC heap before
{Heap before GC invocations=17 (full 4):
 PSYoungGen      total 640000K, used 11993K [0x00000000d5580000, 0x00000000ffd80000, 0x0000000100000000)
  eden space 627712K, 0% used [0x00000000d5580000,0x00000000d5580000,0x00000000fba80000)
  from space 12288K, 97% used [0x00000000fba80000,0x00000000fc636588,0x00000000fc680000)
  to   space 33792K, 0% used [0x00000000fdc80000,0x00000000fdc80000,0x00000000ffd80000)
 ParOldGen       total 98816K, used 75266K [0x0000000080000000, 0x0000000086080000, 0x00000000d5580000)
  object space 98816K, 76% used [0x0000000080000000,0x0000000084980990,0x0000000086080000)
 Metaspace       used 92221K, capacity 98462K, committed 98584K, reserved 1134592K
  class space    used 12204K, capacity 13278K, committed 13352K, reserved 1048576K
Event: 3394.398 GC heap after
Heap after GC invocations=17 (full 4):
 PSYoungGen      total 640000K, used 0K [0x00000000d5580000, 0x00000000ffd80000, 0x0000000100000000)
  eden space 627712K, 0% used [0x00000000d5580000,0x00000000d5580000,0x00000000fba80000)
  from space 12288K, 0% used [0x00000000fba80000,0x00000000fba80000,0x00000000fc680000)
  to   space 33792K, 0% used [0x00000000fdc80000,0x00000000fdc80000,0x00000000ffd80000)
 ParOldGen       total 147456K, used 52314K [0x0000000080000000, 0x0000000089000000, 0x00000000d5580000)
  object space 147456K, 35% used [0x0000000080000000,0x00000000833168d0,0x0000000089000000)
 Metaspace       used 92070K, capacity 98202K, committed 98584K, reserved 1134592K
  class space    used 12172K, capacity 13218K, committed 13352K, reserved 1048576K
}
Event: 4110.694 GC heap before
{Heap before GC invocations=18 (full 4):
 PSYoungGen      total 640000K, used 627712K [0x00000000d5580000, 0x00000000ffd80000, 0x0000000100000000)
  eden space 627712K, 100% used [0x00000000d5580000,0x00000000fba80000,0x00000000fba80000)
  from space 12288K, 0% used [0x00000000fba80000,0x00000000fba80000,0x00000000fc680000)
  to   space 33792K, 0% used [0x00000000fdc80000,0x00000000fdc80000,0x00000000ffd80000)
 ParOldGen       total 147456K, used 52314K [0x0000000080000000, 0x0000000089000000, 0x00000000d5580000)
  object space 147456K, 35% used [0x0000000080000000,0x00000000833168d0,0x0000000089000000)
 Metaspace       used 93001K, capacity 99074K, committed 99352K, reserved 1134592K
  class space    used 12181K, capacity 13230K, committed 13352K, reserved 1048576K
Event: 4110.706 GC heap after
Heap after GC invocations=18 (full 4):
 PSYoungGen      total 663040K, used 4924K [0x00000000d5580000, 0x0000000100000000, 0x0000000100000000)
  eden space 629248K, 0% used [0x00000000d5580000,0x00000000d5580000,0x00000000fbc00000)
  from space 33792K, 14% used [0x00000000fdc80000,0x00000000fe14f108,0x00000000ffd80000)
  to   space 33280K, 0% used [0x00000000fbc00000,0x00000000fbc00000,0x00000000fdc80000)
 ParOldGen       total 147456K, used 52322K [0x0000000080000000, 0x0000000089000000, 0x00000000d5580000)
  object space 147456K, 35% used [0x0000000080000000,0x00000000833188d0,0x0000000089000000)
 Metaspace       used 93001K, capacity 99074K, committed 99352K, reserved 1134592K
  class space    used 12181K, capacity 13230K, committed 13352K, reserved 1048576K
}
Event: 4442.105 GC heap before
{Heap before GC invocations=19 (full 4):
 PSYoungGen      total 663040K, used 634172K [0x00000000d5580000, 0x0000000100000000, 0x0000000100000000)
  eden space 629248K, 100% used [0x00000000d5580000,0x00000000fbc00000,0x00000000fbc00000)
  from space 33792K, 14% used [0x00000000fdc80000,0x00000000fe14f108,0x00000000ffd80000)
  to   space 33280K, 0% used [0x00000000fbc00000,0x00000000fbc00000,0x00000000fdc80000)
 ParOldGen       total 147456K, used 52322K [0x0000000080000000, 0x0000000089000000, 0x00000000d5580000)
  object space 147456K, 35% used [0x0000000080000000,0x00000000833188d0,0x0000000089000000)
 Metaspace       used 94724K, capacity 102428K, committed 102552K, reserved 1138688K
  class space    used 12411K, capacity 13653K, committed 13736K, reserved 1048576K
Event: 4442.128 GC heap after
Heap after GC invocations=19 (full 4):
 PSYoungGen      total 662528K, used 8556K [0x00000000d5580000, 0x00000000ffc80000, 0x0000000100000000)
  eden space 629248K, 0% used [0x00000000d5580000,0x00000000d5580000,0x00000000fbc00000)
  from space 33280K, 25% used [0x00000000fbc00000,0x00000000fc45b288,0x00000000fdc80000)
  to   space 31744K, 0% used [0x00000000fdd80000,0x00000000fdd80000,0x00000000ffc80000)
 ParOldGen       total 147456K, used 52330K [0x0000000080000000, 0x0000000089000000, 0x00000000d5580000)
  object space 147456K, 35% used [0x0000000080000000,0x000000008331a8d0,0x0000000089000000)
 Metaspace       used 94724K, capacity 102428K, committed 102552K, reserved 1138688K
  class space    used 12411K, capacity 13653K, committed 13736K, reserved 1048576K
}

