# JRE version: OpenJDK Runtime Environment (8.0_242-b01) (build 1.8.0_242-release-1644-b01)
# Java VM: OpenJDK 64-Bit Server VM (25.242-b01 mixed mode windows-amd64 compressed oops)
Heap:
 PSYoungGen      total 465920K, used 160954K [0x00000000d5580000, 0x0000000100000000, 0x0000000100000000)
  eden space 232960K, 69% used [0x00000000d5580000,0x00000000df2aeb00,0x00000000e3900000)
  from space 232960K, 0% used [0x00000000f1c80000,0x00000000f1c80000,0x0000000100000000)
  to   space 232960K, 0% used [0x00000000e3900000,0x00000000e3900000,0x00000000f1c80000)
 ParOldGen       total 331264K, used 152012K [0x0000000080000000, 0x0000000094380000, 0x00000000d5580000)
  object space 331264K, 45% used [0x0000000080000000,0x0000000089473048,0x0000000094380000)
 Metaspace       used 112494K, capacity 121412K, committed 141208K, reserved 1169408K
  class space    used 14140K, capacity 15627K, committed 20912K, reserved 1048576K
GC Heap History (10 events):
Event: 5687.804 GC heap before
{Heap before GC invocations=71 (full 8):
 PSYoungGen      total 420864K, used 407878K [0x00000000d5580000, 0x0000000100000000, 0x0000000100000000)
  eden space 232960K, 100% used [0x00000000d5580000,0x00000000e3900000,0x00000000e3900000)
  from space 187904K, 93% used [0x00000000f4880000,0x00000000ff351b08,0x0000000100000000)
  to   space 232960K, 0% used [0x00000000e3900000,0x00000000e3900000,0x00000000f1c80000)
 ParOldGen       total 263680K, used 124482K [0x0000000080000000, 0x0000000090180000, 0x00000000d5580000)
  object space 263680K, 47% used [0x0000000080000000,0x00000000879908a0,0x0000000090180000)
 Metaspace       used 146860K, capacity 159504K, committed 159640K, reserved 1187840K
  class space    used 18674K, capacity 20905K, committed 20912K, reserved 1048576K
Event: 5688.149 GC heap after
Heap after GC invocations=71 (full 8):
 PSYoungGen      total 465920K, used 186260K [0x00000000d5580000, 0x0000000100000000, 0x0000000100000000)
  eden space 232960K, 0% used [0x00000000d5580000,0x00000000d5580000,0x00000000e3900000)
  from space 232960K, 79% used [0x00000000e3900000,0x00000000eeee5260,0x00000000f1c80000)
  to   space 232960K, 0% used [0x00000000f1c80000,0x00000000f1c80000,0x0000000100000000)
 ParOldGen       total 263680K, used 124554K [0x0000000080000000, 0x0000000090180000, 0x00000000d5580000)
  object space 263680K, 47% used [0x0000000080000000,0x00000000879a28a0,0x0000000090180000)
 Metaspace       used 146860K, capacity 159504K, committed 159640K, reserved 1187840K
  class space    used 18674K, capacity 20905K, committed 20912K, reserved 1048576K
}
Event: 5748.821 GC heap before
{Heap before GC invocations=72 (full 8):
 PSYoungGen      total 465920K, used 419220K [0x00000000d5580000, 0x0000000100000000, 0x0000000100000000)
  eden space 232960K, 100% used [0x00000000d5580000,0x00000000e3900000,0x00000000e3900000)
  from space 232960K, 79% used [0x00000000e3900000,0x00000000eeee5260,0x00000000f1c80000)
  to   space 232960K, 0% used [0x00000000f1c80000,0x00000000f1c80000,0x0000000100000000)
 ParOldGen       total 263680K, used 124556K [0x0000000080000000, 0x0000000090180000, 0x00000000d5580000)
  object space 263680K, 47% used [0x0000000080000000,0x00000000879a3258,0x0000000090180000)
 Metaspace       used 146978K, capacity 159522K, committed 159640K, reserved 1187840K
  class space    used 18678K, capacity 20908K, committed 20912K, reserved 1048576K
Event: 5749.344 GC heap after
Heap after GC invocations=72 (full 8):
 PSYoungGen      total 465920K, used 146333K [0x00000000d5580000, 0x0000000100000000, 0x0000000100000000)
  eden space 232960K, 0% used [0x00000000d5580000,0x00000000d5580000,0x00000000e3900000)
  from space 232960K, 62% used [0x00000000f1c80000,0x00000000fab67700,0x0000000100000000)
  to   space 232960K, 0% used [0x00000000e3900000,0x00000000e3900000,0x00000000f1c80000)
 ParOldGen       total 263680K, used 160954K [0x0000000080000000, 0x0000000090180000, 0x00000000d5580000)
  object space 263680K, 61% used [0x0000000080000000,0x0000000089d2eab8,0x0000000090180000)
 Metaspace       used 146978K, capacity 159522K, committed 159640K, reserved 1187840K
  class space    used 18678K, capacity 20908K, committed 20912K, reserved 1048576K
}
Event: 5788.894 GC heap before
{Heap before GC invocations=73 (full 8):
 PSYoungGen      total 465920K, used 379145K [0x00000000d5580000, 0x0000000100000000, 0x0000000100000000)
  eden space 232960K, 99% used [0x00000000d5580000,0x00000000e38dadb0,0x00000000e3900000)
  from space 232960K, 62% used [0x00000000f1c80000,0x00000000fab67700,0x0000000100000000)
  to   space 232960K, 0% used [0x00000000e3900000,0x00000000e3900000,0x00000000f1c80000)
 ParOldGen       total 263680K, used 160954K [0x0000000080000000, 0x0000000090180000, 0x00000000d5580000)
  object space 263680K, 61% used [0x0000000080000000,0x0000000089d2eab8,0x0000000090180000)
 Metaspace       used 146992K, capacity 159522K, committed 159640K, reserved 1187840K
  class space    used 18678K, capacity 20908K, committed 20912K, reserved 1048576K
Event: 5789.127 GC heap after
Heap after GC invocations=73 (full 8):
 PSYoungGen      total 465920K, used 145257K [0x00000000d5580000, 0x0000000100000000, 0x0000000100000000)
  eden space 232960K, 0% used [0x00000000d5580000,0x00000000d5580000,0x00000000e3900000)
  from space 232960K, 62% used [0x00000000e3900000,0x00000000ec6da7c8,0x00000000f1c80000)
  to   space 232960K, 0% used [0x00000000f1c80000,0x00000000f1c80000,0x0000000100000000)
 ParOldGen       total 263680K, used 175033K [0x0000000080000000, 0x0000000090180000, 0x00000000d5580000)
  object space 263680K, 66% used [0x0000000080000000,0x000000008aaee410,0x0000000090180000)
 Metaspace       used 146992K, capacity 159522K, committed 159640K, reserved 1187840K
  class space    used 18678K, capacity 20908K, committed 20912K, reserved 1048576K
}
Event: 5790.084 GC heap before
{Heap before GC invocations=74 (full 8):
 PSYoungGen      total 465920K, used 378217K [0x00000000d5580000, 0x0000000100000000, 0x0000000100000000)
  eden space 232960K, 100% used [0x00000000d5580000,0x00000000e3900000,0x00000000e3900000)
  from space 232960K, 62% used [0x00000000e3900000,0x00000000ec6da7c8,0x00000000f1c80000)
  to   space 232960K, 0% used [0x00000000f1c80000,0x00000000f1c80000,0x0000000100000000)
 ParOldGen       total 263680K, used 175033K [0x0000000080000000, 0x0000000090180000, 0x00000000d5580000)
  object space 263680K, 66% used [0x0000000080000000,0x000000008aaee410,0x0000000090180000)
 Metaspace       used 146993K, capacity 159522K, committed 159640K, reserved 1187840K
  class space    used 18678K, capacity 20908K, committed 20912K, reserved 1048576K
Event: 5790.493 GC heap after
Heap after GC invocations=74 (full 8):
 PSYoungGen      total 465920K, used 167670K [0x00000000d5580000, 0x0000000100000000, 0x0000000100000000)
  eden space 232960K, 0% used [0x00000000d5580000,0x00000000d5580000,0x00000000e3900000)
  from space 232960K, 71% used [0x00000000f1c80000,0x00000000fc03d8f0,0x0000000100000000)
  to   space 232960K, 0% used [0x00000000e3900000,0x00000000e3900000,0x00000000f1c80000)
 ParOldGen       total 263680K, used 223150K [0x0000000080000000, 0x0000000090180000, 0x00000000d5580000)
  object space 263680K, 84% used [0x0000000080000000,0x000000008d9ebab8,0x0000000090180000)
 Metaspace       used 146993K, capacity 159522K, committed 159640K, reserved 1187840K
  class space    used 18678K, capacity 20908K, committed 20912K, reserved 1048576K
}
Event: 5790.523 GC heap before
{Heap before GC invocations=75 (full 9):
 PSYoungGen      total 465920K, used 167670K [0x00000000d5580000, 0x0000000100000000, 0x0000000100000000)
  eden space 232960K, 0% used [0x00000000d5580000,0x00000000d5580000,0x00000000e3900000)
  from space 232960K, 71% used [0x00000000f1c80000,0x00000000fc03d8f0,0x0000000100000000)
  to   space 232960K, 0% used [0x00000000e3900000,0x00000000e3900000,0x00000000f1c80000)
 ParOldGen       total 263680K, used 223150K [0x0000000080000000, 0x0000000090180000, 0x00000000d5580000)
  object space 263680K, 84% used [0x0000000080000000,0x000000008d9ebab8,0x0000000090180000)
 Metaspace       used 146993K, capacity 159522K, committed 159640K, reserved 1187840K
  class space    used 18678K, capacity 20908K, committed 20912K, reserved 1048576K
Event: 5795.137 GC heap after
Heap after GC invocations=75 (full 9):
 PSYoungGen      total 465920K, used 0K [0x00000000d5580000, 0x0000000100000000, 0x0000000100000000)
  eden space 232960K, 0% used [0x00000000d5580000,0x00000000d5580000,0x00000000e3900000)
  from space 232960K, 0% used [0x00000000f1c80000,0x00000000f1c80000,0x0000000100000000)
  to   space 232960K, 0% used [0x00000000e3900000,0x00000000e3900000,0x00000000f1c80000)
 ParOldGen       total 331264K, used 152012K [0x0000000080000000, 0x0000000094380000, 0x00000000d5580000)
  object space 331264K, 45% used [0x0000000080000000,0x0000000089473048,0x0000000094380000)
 Metaspace       used 112494K, capacity 121412K, committed 141208K, reserved 1169408K
  class space    used 14140K, capacity 15627K, committed 20912K, reserved 1048576K
}

