# JRE version: OpenJDK Runtime Environment (8.0_242-b01) (build 1.8.0_242-release-1644-b01)
# Java VM: OpenJDK 64-Bit Server VM (25.242-b01 mixed mode windows-amd64 compressed oops)
Heap:
 PSYoungGen      total 87552K, used 12679K [0x00000000d5580000, 0x00000000dc380000, 0x0000000100000000)
  eden space 66560K, 4% used [0x00000000d5580000,0x00000000d582a0c8,0x00000000d9680000)
  from space 20992K, 47% used [0x00000000daf00000,0x00000000db8b7d00,0x00000000dc380000)
  to   space 23040K, 0% used [0x00000000d9680000,0x00000000d9680000,0x00000000dad00000)
 ParOldGen       total 120832K, used 38605K [0x0000000080000000, 0x0000000087600000, 0x00000000d5580000)
  object space 120832K, 31% used [0x0000000080000000,0x00000000825b3790,0x0000000087600000)
 Metaspace       used 99013K, capacity 107086K, committed 107544K, reserved 1142784K
  class space    used 12703K, capacity 13980K, committed 14120K, reserved 1048576K
GC Heap History (10 events):
Event: 13050.149 GC heap before
{Heap before GC invocations=81 (full 6):
 PSYoungGen      total 96768K, used 72496K [0x00000000d5580000, 0x00000000dd200000, 0x0000000100000000)
  eden space 71168K, 100% used [0x00000000d5580000,0x00000000d9b00000,0x00000000d9b00000)
  from space 25600K, 5% used [0x00000000db900000,0x00000000dba4c010,0x00000000dd200000)
  to   space 28160K, 0% used [0x00000000d9b00000,0x00000000d9b00000,0x00000000db680000)
 ParOldGen       total 120832K, used 42079K [0x0000000080000000, 0x0000000087600000, 0x00000000d5580000)
  object space 120832K, 34% used [0x0000000080000000,0x0000000082917e00,0x0000000087600000)
 Metaspace       used 98996K, capacity 107062K, committed 107288K, reserved 1142784K
  class space    used 12718K, capacity 14008K, committed 14120K, reserved 1048576K
Event: 13050.165 GC heap after
Heap after GC invocations=81 (full 6):
 PSYoungGen      total 76288K, used 6576K [0x00000000d5580000, 0x00000000dcc80000, 0x0000000100000000)
  eden space 69632K, 0% used [0x00000000d5580000,0x00000000d5580000,0x00000000d9980000)
  from space 6656K, 98% used [0x00000000d9b00000,0x00000000da16c010,0x00000000da180000)
  to   space 26112K, 0% used [0x00000000db300000,0x00000000db300000,0x00000000dcc80000)
 ParOldGen       total 120832K, used 42079K [0x0000000080000000, 0x0000000087600000, 0x00000000d5580000)
  object space 120832K, 34% used [0x0000000080000000,0x0000000082917e00,0x0000000087600000)
 Metaspace       used 98996K, capacity 107062K, committed 107288K, reserved 1142784K
  class space    used 12718K, capacity 14008K, committed 14120K, reserved 1048576K
}
Event: 14422.136 GC heap before
{Heap before GC invocations=82 (full 6):
 PSYoungGen      total 76288K, used 32699K [0x00000000d5580000, 0x00000000dcc80000, 0x0000000100000000)
  eden space 69632K, 37% used [0x00000000d5580000,0x00000000d6f02bf8,0x00000000d9980000)
  from space 6656K, 98% used [0x00000000d9b00000,0x00000000da16c010,0x00000000da180000)
  to   space 26112K, 0% used [0x00000000db300000,0x00000000db300000,0x00000000dcc80000)
 ParOldGen       total 120832K, used 42079K [0x0000000080000000, 0x0000000087600000, 0x00000000d5580000)
  object space 120832K, 34% used [0x0000000080000000,0x0000000082917e00,0x0000000087600000)
 Metaspace       used 98996K, capacity 107062K, committed 107288K, reserved 1142784K
  class space    used 12718K, capacity 14008K, committed 14120K, reserved 1048576K
Event: 14422.140 GC heap after
Heap after GC invocations=82 (full 6):
 PSYoungGen      total 94720K, used 352K [0x00000000d5580000, 0x00000000dcb80000, 0x0000000100000000)
  eden space 69632K, 0% used [0x00000000d5580000,0x00000000d5580000,0x00000000d9980000)
  from space 25088K, 1% used [0x00000000db300000,0x00000000db358000,0x00000000dcb80000)
  to   space 25600K, 0% used [0x00000000d9980000,0x00000000d9980000,0x00000000db280000)
 ParOldGen       total 120832K, used 42079K [0x0000000080000000, 0x0000000087600000, 0x00000000d5580000)
  object space 120832K, 34% used [0x0000000080000000,0x0000000082917e00,0x0000000087600000)
 Metaspace       used 98996K, capacity 107062K, committed 107288K, reserved 1142784K
  class space    used 12718K, capacity 14008K, committed 14120K, reserved 1048576K
}
Event: 14422.140 GC heap before
{Heap before GC invocations=83 (full 7):
 PSYoungGen      total 94720K, used 352K [0x00000000d5580000, 0x00000000dcb80000, 0x0000000100000000)
  eden space 69632K, 0% used [0x00000000d5580000,0x00000000d5580000,0x00000000d9980000)
  from space 25088K, 1% used [0x00000000db300000,0x00000000db358000,0x00000000dcb80000)
  to   space 25600K, 0% used [0x00000000d9980000,0x00000000d9980000,0x00000000db280000)
 ParOldGen       total 120832K, used 42079K [0x0000000080000000, 0x0000000087600000, 0x00000000d5580000)
  object space 120832K, 34% used [0x0000000080000000,0x0000000082917e00,0x0000000087600000)
 Metaspace       used 98996K, capacity 107062K, committed 107288K, reserved 1142784K
  class space    used 12718K, capacity 14008K, committed 14120K, reserved 1048576K
Event: 14422.459 GC heap after
Heap after GC invocations=83 (full 7):
 PSYoungGen      total 94720K, used 0K [0x00000000d5580000, 0x00000000dcb80000, 0x0000000100000000)
  eden space 69632K, 0% used [0x00000000d5580000,0x00000000d5580000,0x00000000d9980000)
  from space 25088K, 0% used [0x00000000db300000,0x00000000db300000,0x00000000dcb80000)
  to   space 25600K, 0% used [0x00000000d9980000,0x00000000d9980000,0x00000000db280000)
 ParOldGen       total 120832K, used 38605K [0x0000000080000000, 0x0000000087600000, 0x00000000d5580000)
  object space 120832K, 31% used [0x0000000080000000,0x00000000825b3790,0x0000000087600000)
 Metaspace       used 98631K, capacity 106462K, committed 107288K, reserved 1142784K
  class space    used 12664K, capacity 13908K, committed 14120K, reserved 1048576K
}
Event: 15180.840 GC heap before
{Heap before GC invocations=84 (full 7):
 PSYoungGen      total 94720K, used 69632K [0x00000000d5580000, 0x00000000dcb80000, 0x0000000100000000)
  eden space 69632K, 100% used [0x00000000d5580000,0x00000000d9980000,0x00000000d9980000)
  from space 25088K, 0% used [0x00000000db300000,0x00000000db300000,0x00000000dcb80000)
  to   space 25600K, 0% used [0x00000000d9980000,0x00000000d9980000,0x00000000db280000)
 ParOldGen       total 120832K, used 38605K [0x0000000080000000, 0x0000000087600000, 0x00000000d5580000)
  object space 120832K, 31% used [0x0000000080000000,0x00000000825b3790,0x0000000087600000)
 Metaspace       used 98635K, capacity 106526K, committed 107544K, reserved 1142784K
  class space    used 12664K, capacity 13908K, committed 14120K, reserved 1048576K
Event: 15180.855 GC heap after
Heap after GC invocations=84 (full 7):
 PSYoungGen      total 74752K, used 6272K [0x00000000d5580000, 0x00000000dc600000, 0x0000000100000000)
  eden space 68096K, 0% used [0x00000000d5580000,0x00000000d5580000,0x00000000d9800000)
  from space 6656K, 94% used [0x00000000d9980000,0x00000000d9fa0000,0x00000000da000000)
  to   space 23552K, 0% used [0x00000000daf00000,0x00000000daf00000,0x00000000dc600000)
 ParOldGen       total 120832K, used 38605K [0x0000000080000000, 0x0000000087600000, 0x00000000d5580000)
  object space 120832K, 31% used [0x0000000080000000,0x00000000825b3790,0x0000000087600000)
 Metaspace       used 98635K, capacity 106526K, committed 107544K, reserved 1142784K
  class space    used 12664K, capacity 13908K, committed 14120K, reserved 1048576K
}
Event: 15189.613 GC heap before
{Heap before GC invocations=85 (full 7):
 PSYoungGen      total 74752K, used 74368K [0x00000000d5580000, 0x00000000dc600000, 0x0000000100000000)
  eden space 68096K, 100% used [0x00000000d5580000,0x00000000d9800000,0x00000000d9800000)
  from space 6656K, 94% used [0x00000000d9980000,0x00000000d9fa0000,0x00000000da000000)
  to   space 23552K, 0% used [0x00000000daf00000,0x00000000daf00000,0x00000000dc600000)
 ParOldGen       total 120832K, used 38605K [0x0000000080000000, 0x0000000087600000, 0x00000000d5580000)
  object space 120832K, 31% used [0x0000000080000000,0x00000000825b3790,0x0000000087600000)
 Metaspace       used 98999K, capacity 107080K, committed 107544K, reserved 1142784K
  class space    used 12702K, capacity 13979K, committed 14120K, reserved 1048576K
Event: 15189.673 GC heap after
Heap after GC invocations=85 (full 7):
 PSYoungGen      total 87552K, used 9951K [0x00000000d5580000, 0x00000000dc380000, 0x0000000100000000)
  eden space 66560K, 0% used [0x00000000d5580000,0x00000000d5580000,0x00000000d9680000)
  from space 20992K, 47% used [0x00000000daf00000,0x00000000db8b7d00,0x00000000dc380000)
  to   space 23040K, 0% used [0x00000000d9680000,0x00000000d9680000,0x00000000dad00000)
 ParOldGen       total 120832K, used 38605K [0x0000000080000000, 0x0000000087600000, 0x00000000d5580000)
  object space 120832K, 31% used [0x0000000080000000,0x00000000825b3790,0x0000000087600000)
 Metaspace       used 98999K, capacity 107080K, committed 107544K, reserved 1142784K
  class space    used 12702K, capacity 13979K, committed 14120K, reserved 1048576K
}

