# JRE version: OpenJDK Runtime Environment (8.0_242-b01) (build 1.8.0_242-release-1644-b01)
# Java VM: OpenJDK 64-Bit Server VM (25.242-b01 mixed mode windows-amd64 compressed oops)
Heap:
 PSYoungGen      total 612864K, used 303491K [0x00000000d5580000, 0x00000000ffd80000, 0x0000000100000000)
  eden space 536576K, 56% used [0x00000000d5580000,0x00000000e7c276d8,0x00000000f6180000)
  from space 76288K, 2% used [0x00000000f6180000,0x00000000f6339568,0x00000000fac00000)
  to   space 74240K, 0% used [0x00000000fb500000,0x00000000fb500000,0x00000000ffd80000)
 ParOldGen       total 203264K, used 176147K [0x0000000080000000, 0x000000008c680000, 0x00000000d5580000)
  object space 203264K, 86% used [0x0000000080000000,0x000000008ac04e20,0x000000008c680000)
 Metaspace       used 272001K, capacity 288771K, committed 289152K, reserved 1302528K
  class space    used 33650K, capacity 36674K, committed 36776K, reserved 1048576K
GC Heap History (10 events):
Event: 7579.690 GC heap before
{Heap before GC invocations=81 (full 8):
 PSYoungGen      total 493568K, used 411977K [0x00000000d5580000, 0x00000000f9280000, 0x0000000100000000)
  eden space 406528K, 100% used [0x00000000d5580000,0x00000000ee280000,0x00000000ee280000)
  from space 87040K, 6% used [0x00000000f3d80000,0x00000000f42d2778,0x00000000f9280000)
  to   space 90112K, 0% used [0x00000000ee280000,0x00000000ee280000,0x00000000f3a80000)
 ParOldGen       total 203264K, used 151061K [0x0000000080000000, 0x000000008c680000, 0x00000000d5580000)
  object space 203264K, 74% used [0x0000000080000000,0x0000000089385708,0x000000008c680000)
 Metaspace       used 271032K, capacity 287835K, committed 288000K, reserved 1300480K
  class space    used 33532K, capacity 36578K, committed 36648K, reserved 1048576K
Event: 7579.719 GC heap after
Heap after GC invocations=81 (full 8):
 PSYoungGen      total 496640K, used 22051K [0x00000000d5580000, 0x00000000fd000000, 0x0000000100000000)
  eden space 406528K, 0% used [0x00000000d5580000,0x00000000d5580000,0x00000000ee280000)
  from space 90112K, 24% used [0x00000000ee280000,0x00000000ef808cc0,0x00000000f3a80000)
  to   space 84992K, 0% used [0x00000000f7d00000,0x00000000f7d00000,0x00000000fd000000)
 ParOldGen       total 203264K, used 151764K [0x0000000080000000, 0x000000008c680000, 0x00000000d5580000)
  object space 203264K, 74% used [0x0000000080000000,0x0000000089435348,0x000000008c680000)
 Metaspace       used 271032K, capacity 287835K, committed 288000K, reserved 1300480K
  class space    used 33532K, capacity 36578K, committed 36648K, reserved 1048576K
}
Event: 7581.203 GC heap before
{Heap before GC invocations=82 (full 8):
 PSYoungGen      total 496640K, used 428579K [0x00000000d5580000, 0x00000000fd000000, 0x0000000100000000)
  eden space 406528K, 100% used [0x00000000d5580000,0x00000000ee280000,0x00000000ee280000)
  from space 90112K, 24% used [0x00000000ee280000,0x00000000ef808cc0,0x00000000f3a80000)
  to   space 84992K, 0% used [0x00000000f7d00000,0x00000000f7d00000,0x00000000fd000000)
 ParOldGen       total 203264K, used 151764K [0x0000000080000000, 0x000000008c680000, 0x00000000d5580000)
  object space 203264K, 74% used [0x0000000080000000,0x0000000089435348,0x000000008c680000)
 Metaspace       used 271044K, capacity 287835K, committed 288000K, reserved 1300480K
  class space    used 33533K, capacity 36578K, committed 36648K, reserved 1048576K
Event: 7581.239 GC heap after
Heap after GC invocations=82 (full 8):
 PSYoungGen      total 560640K, used 4032K [0x00000000d5580000, 0x00000000fcc00000, 0x0000000100000000)
  eden space 479744K, 0% used [0x00000000d5580000,0x00000000d5580000,0x00000000f2a00000)
  from space 80896K, 4% used [0x00000000f7d00000,0x00000000f80f0000,0x00000000fcc00000)
  to   space 82944K, 0% used [0x00000000f2a00000,0x00000000f2a00000,0x00000000f7b00000)
 ParOldGen       total 203264K, used 169338K [0x0000000080000000, 0x000000008c680000, 0x00000000d5580000)
  object space 203264K, 83% used [0x0000000080000000,0x000000008a55ebd0,0x000000008c680000)
 Metaspace       used 271044K, capacity 287835K, committed 288000K, reserved 1300480K
  class space    used 33533K, capacity 36578K, committed 36648K, reserved 1048576K
}
Event: 7582.943 GC heap before
{Heap before GC invocations=83 (full 8):
 PSYoungGen      total 560640K, used 483776K [0x00000000d5580000, 0x00000000fcc00000, 0x0000000100000000)
  eden space 479744K, 100% used [0x00000000d5580000,0x00000000f2a00000,0x00000000f2a00000)
  from space 80896K, 4% used [0x00000000f7d00000,0x00000000f80f0000,0x00000000fcc00000)
  to   space 82944K, 0% used [0x00000000f2a00000,0x00000000f2a00000,0x00000000f7b00000)
 ParOldGen       total 203264K, used 169338K [0x0000000080000000, 0x000000008c680000, 0x00000000d5580000)
  object space 203264K, 83% used [0x0000000080000000,0x000000008a55ebd0,0x000000008c680000)
 Metaspace       used 271189K, capacity 287963K, committed 288256K, reserved 1300480K
  class space    used 33557K, capacity 36578K, committed 36648K, reserved 1048576K
Event: 7583.024 GC heap after
Heap after GC invocations=83 (full 8):
 PSYoungGen      total 562688K, used 13824K [0x00000000d5580000, 0x00000000ffb00000, 0x0000000100000000)
  eden space 479744K, 0% used [0x00000000d5580000,0x00000000d5580000,0x00000000f2a00000)
  from space 82944K, 16% used [0x00000000f2a00000,0x00000000f37801e0,0x00000000f7b00000)
  to   space 79360K, 0% used [0x00000000fad80000,0x00000000fad80000,0x00000000ffb00000)
 ParOldGen       total 203264K, used 171386K [0x0000000080000000, 0x000000008c680000, 0x00000000d5580000)
  object space 203264K, 84% used [0x0000000080000000,0x000000008a75ebe0,0x000000008c680000)
 Metaspace       used 271189K, capacity 287963K, committed 288256K, reserved 1300480K
  class space    used 33557K, capacity 36578K, committed 36648K, reserved 1048576K
}
Event: 7584.734 GC heap before
{Heap before GC invocations=84 (full 8):
 PSYoungGen      total 562688K, used 493568K [0x00000000d5580000, 0x00000000ffb00000, 0x0000000100000000)
  eden space 479744K, 100% used [0x00000000d5580000,0x00000000f2a00000,0x00000000f2a00000)
  from space 82944K, 16% used [0x00000000f2a00000,0x00000000f37801e0,0x00000000f7b00000)
  to   space 79360K, 0% used [0x00000000fad80000,0x00000000fad80000,0x00000000ffb00000)
 ParOldGen       total 203264K, used 171386K [0x0000000080000000, 0x000000008c680000, 0x00000000d5580000)
  object space 203264K, 84% used [0x0000000080000000,0x000000008a75ebe0,0x000000008c680000)
 Metaspace       used 271358K, capacity 288127K, committed 288256K, reserved 1300480K
  class space    used 33580K, capacity 36610K, committed 36648K, reserved 1048576K
Event: 7584.778 GC heap after
Heap after GC invocations=84 (full 8):
 PSYoungGen      total 611328K, used 8953K [0x00000000d5580000, 0x00000000ff680000, 0x0000000100000000)
  eden space 536576K, 0% used [0x00000000d5580000,0x00000000d5580000,0x00000000f6180000)
  from space 74752K, 11% used [0x00000000fad80000,0x00000000fb63e498,0x00000000ff680000)
  to   space 76288K, 0% used [0x00000000f6180000,0x00000000f6180000,0x00000000fac00000)
 ParOldGen       total 203264K, used 174597K [0x0000000080000000, 0x000000008c680000, 0x00000000d5580000)
  object space 203264K, 85% used [0x0000000080000000,0x000000008aa816a0,0x000000008c680000)
 Metaspace       used 271358K, capacity 288127K, committed 288256K, reserved 1300480K
  class space    used 33580K, capacity 36610K, committed 36648K, reserved 1048576K
}
Event: 7586.422 GC heap before
{Heap before GC invocations=85 (full 8):
 PSYoungGen      total 611328K, used 545529K [0x00000000d5580000, 0x00000000ff680000, 0x0000000100000000)
  eden space 536576K, 100% used [0x00000000d5580000,0x00000000f6180000,0x00000000f6180000)
  from space 74752K, 11% used [0x00000000fad80000,0x00000000fb63e498,0x00000000ff680000)
  to   space 76288K, 0% used [0x00000000f6180000,0x00000000f6180000,0x00000000fac00000)
 ParOldGen       total 203264K, used 174597K [0x0000000080000000, 0x000000008c680000, 0x00000000d5580000)
  object space 203264K, 85% used [0x0000000080000000,0x000000008aa816a0,0x000000008c680000)
 Metaspace       used 271537K, capacity 288323K, committed 288512K, reserved 1300480K
  class space    used 33590K, capacity 36610K, committed 36648K, reserved 1048576K
Event: 7586.436 GC heap after
Heap after GC invocations=85 (full 8):
 PSYoungGen      total 612864K, used 1765K [0x00000000d5580000, 0x00000000ffd80000, 0x0000000100000000)
  eden space 536576K, 0% used [0x00000000d5580000,0x00000000d5580000,0x00000000f6180000)
  from space 76288K, 2% used [0x00000000f6180000,0x00000000f6339568,0x00000000fac00000)
  to   space 74240K, 0% used [0x00000000fb500000,0x00000000fb500000,0x00000000ffd80000)
 ParOldGen       total 203264K, used 176147K [0x0000000080000000, 0x000000008c680000, 0x00000000d5580000)
  object space 203264K, 86% used [0x0000000080000000,0x000000008ac04e20,0x000000008c680000)
 Metaspace       used 271537K, capacity 288323K, committed 288512K, reserved 1300480K
  class space    used 33590K, capacity 36610K, committed 36648K, reserved 1048576K
}

