# JRE version: OpenJDK Runtime Environment (8.0_242-b01) (build 1.8.0_242-release-1644-b01)
# Java VM: OpenJDK 64-Bit Server VM (25.242-b01 mixed mode windows-amd64 compressed oops)
Heap:
 PSYoungGen      total 511488K, used 270509K [0x00000000d5580000, 0x00000000f5800000, 0x0000000100000000)
  eden space 497152K, 52% used [0x00000000d5580000,0x00000000e55f1488,0x00000000f3b00000)
  from space 14336K, 55% used [0x00000000f4a00000,0x00000000f51ba130,0x00000000f5800000)
  to   space 14848K, 0% used [0x00000000f3b00000,0x00000000f3b00000,0x00000000f4980000)
 ParOldGen       total 188416K, used 43311K [0x0000000080000000, 0x000000008b800000, 0x00000000d5580000)
  object space 188416K, 22% used [0x0000000080000000,0x0000000082a4bc30,0x000000008b800000)
 Metaspace       used 106777K, capacity 114960K, committed 115224K, reserved 1150976K
  class space    used 13274K, capacity 14607K, committed 14632K, reserved 1048576K
GC Heap History (10 events):
Event: 16451.764 GC heap before
{Heap before GC invocations=68 (full 8):
 PSYoungGen      total 513024K, used 1992K [0x00000000d5580000, 0x00000000f5b00000, 0x0000000100000000)
  eden space 496128K, 0% used [0x00000000d5580000,0x00000000d5580000,0x00000000f3a00000)
  from space 16896K, 11% used [0x00000000f4a80000,0x00000000f4c72078,0x00000000f5b00000)
  to   space 16896K, 0% used [0x00000000f3a00000,0x00000000f3a00000,0x00000000f4a80000)
 ParOldGen       total 188416K, used 43324K [0x0000000080000000, 0x000000008b800000, 0x00000000d5580000)
  object space 188416K, 22% used [0x0000000080000000,0x0000000082a4f200,0x000000008b800000)
 Metaspace       used 106490K, capacity 114674K, committed 114712K, reserved 1148928K
  class space    used 13280K, capacity 14622K, committed 14632K, reserved 1048576K
Event: 16452.051 GC heap after
Heap after GC invocations=68 (full 8):
 PSYoungGen      total 513024K, used 0K [0x00000000d5580000, 0x00000000f5b00000, 0x0000000100000000)
  eden space 496128K, 0% used [0x00000000d5580000,0x00000000d5580000,0x00000000f3a00000)
  from space 16896K, 0% used [0x00000000f4a80000,0x00000000f4a80000,0x00000000f5b00000)
  to   space 16896K, 0% used [0x00000000f3a00000,0x00000000f3a00000,0x00000000f4a80000)
 ParOldGen       total 188416K, used 43303K [0x0000000080000000, 0x000000008b800000, 0x00000000d5580000)
  object space 188416K, 22% used [0x0000000080000000,0x0000000082a49c30,0x000000008b800000)
 Metaspace       used 106347K, capacity 114440K, committed 114712K, reserved 1148928K
  class space    used 13259K, capacity 14583K, committed 14632K, reserved 1048576K
}
Event: 17008.717 GC heap before
{Heap before GC invocations=69 (full 8):
 PSYoungGen      total 513024K, used 496128K [0x00000000d5580000, 0x00000000f5b00000, 0x0000000100000000)
  eden space 496128K, 100% used [0x00000000d5580000,0x00000000f3a00000,0x00000000f3a00000)
  from space 16896K, 0% used [0x00000000f4a80000,0x00000000f4a80000,0x00000000f5b00000)
  to   space 16896K, 0% used [0x00000000f3a00000,0x00000000f3a00000,0x00000000f4a80000)
 ParOldGen       total 188416K, used 43303K [0x0000000080000000, 0x000000008b800000, 0x00000000d5580000)
  object space 188416K, 22% used [0x0000000080000000,0x0000000082a49c30,0x000000008b800000)
 Metaspace       used 106461K, capacity 114588K, committed 114712K, reserved 1148928K
  class space    used 13273K, capacity 14607K, committed 14632K, reserved 1048576K
Event: 17008.726 GC heap after
Heap after GC invocations=69 (full 8):
 PSYoungGen      total 513024K, used 3908K [0x00000000d5580000, 0x00000000f5a80000, 0x0000000100000000)
  eden space 496128K, 0% used [0x00000000d5580000,0x00000000d5580000,0x00000000f3a00000)
  from space 16896K, 23% used [0x00000000f3a00000,0x00000000f3dd10a8,0x00000000f4a80000)
  to   space 16384K, 0% used [0x00000000f4a80000,0x00000000f4a80000,0x00000000f5a80000)
 ParOldGen       total 188416K, used 43303K [0x0000000080000000, 0x000000008b800000, 0x00000000d5580000)
  object space 188416K, 22% used [0x0000000080000000,0x0000000082a49c30,0x000000008b800000)
 Metaspace       used 106461K, capacity 114588K, committed 114712K, reserved 1148928K
  class space    used 13273K, capacity 14607K, committed 14632K, reserved 1048576K
}
Event: 17145.695 GC heap before
{Heap before GC invocations=70 (full 8):
 PSYoungGen      total 513024K, used 500036K [0x00000000d5580000, 0x00000000f5a80000, 0x0000000100000000)
  eden space 496128K, 100% used [0x00000000d5580000,0x00000000f3a00000,0x00000000f3a00000)
  from space 16896K, 23% used [0x00000000f3a00000,0x00000000f3dd10a8,0x00000000f4a80000)
  to   space 16384K, 0% used [0x00000000f4a80000,0x00000000f4a80000,0x00000000f5a80000)
 ParOldGen       total 188416K, used 43303K [0x0000000080000000, 0x000000008b800000, 0x00000000d5580000)
  object space 188416K, 22% used [0x0000000080000000,0x0000000082a49c30,0x000000008b800000)
 Metaspace       used 106604K, capacity 114716K, committed 114968K, reserved 1148928K
  class space    used 13273K, capacity 14607K, committed 14632K, reserved 1048576K
Event: 17145.705 GC heap after
Heap after GC invocations=70 (full 8):
 PSYoungGen      total 512000K, used 3600K [0x00000000d5580000, 0x00000000f5980000, 0x0000000100000000)
  eden space 496640K, 0% used [0x00000000d5580000,0x00000000d5580000,0x00000000f3a80000)
  from space 15360K, 23% used [0x00000000f4a80000,0x00000000f4e04010,0x00000000f5980000)
  to   space 15872K, 0% used [0x00000000f3a80000,0x00000000f3a80000,0x00000000f4a00000)
 ParOldGen       total 188416K, used 43311K [0x0000000080000000, 0x000000008b800000, 0x00000000d5580000)
  object space 188416K, 22% used [0x0000000080000000,0x0000000082a4bc30,0x000000008b800000)
 Metaspace       used 106604K, capacity 114716K, committed 114968K, reserved 1148928K
  class space    used 13273K, capacity 14607K, committed 14632K, reserved 1048576K
}
Event: 17261.567 GC heap before
{Heap before GC invocations=71 (full 8):
 PSYoungGen      total 512000K, used 500240K [0x00000000d5580000, 0x00000000f5980000, 0x0000000100000000)
  eden space 496640K, 100% used [0x00000000d5580000,0x00000000f3a80000,0x00000000f3a80000)
  from space 15360K, 23% used [0x00000000f4a80000,0x00000000f4e04010,0x00000000f5980000)
  to   space 15872K, 0% used [0x00000000f3a80000,0x00000000f3a80000,0x00000000f4a00000)
 ParOldGen       total 188416K, used 43311K [0x0000000080000000, 0x000000008b800000, 0x00000000d5580000)
  object space 188416K, 22% used [0x0000000080000000,0x0000000082a4bc30,0x000000008b800000)
 Metaspace       used 106723K, capacity 114952K, committed 115224K, reserved 1150976K
  class space    used 13273K, capacity 14607K, committed 14632K, reserved 1048576K
Event: 17261.578 GC heap after
Heap after GC invocations=71 (full 8):
 PSYoungGen      total 512512K, used 5692K [0x00000000d5580000, 0x00000000f5900000, 0x0000000100000000)
  eden space 496640K, 0% used [0x00000000d5580000,0x00000000d5580000,0x00000000f3a80000)
  from space 15872K, 35% used [0x00000000f3a80000,0x00000000f400f190,0x00000000f4a00000)
  to   space 15360K, 0% used [0x00000000f4a00000,0x00000000f4a00000,0x00000000f5900000)
 ParOldGen       total 188416K, used 43311K [0x0000000080000000, 0x000000008b800000, 0x00000000d5580000)
  object space 188416K, 22% used [0x0000000080000000,0x0000000082a4bc30,0x000000008b800000)
 Metaspace       used 106723K, capacity 114952K, committed 115224K, reserved 1150976K
  class space    used 13273K, capacity 14607K, committed 14632K, reserved 1048576K
}
Event: 19029.016 GC heap before
{Heap before GC invocations=72 (full 8):
 PSYoungGen      total 512512K, used 502332K [0x00000000d5580000, 0x00000000f5900000, 0x0000000100000000)
  eden space 496640K, 100% used [0x00000000d5580000,0x00000000f3a80000,0x00000000f3a80000)
  from space 15872K, 35% used [0x00000000f3a80000,0x00000000f400f190,0x00000000f4a00000)
  to   space 15360K, 0% used [0x00000000f4a00000,0x00000000f4a00000,0x00000000f5900000)
 ParOldGen       total 188416K, used 43311K [0x0000000080000000, 0x000000008b800000, 0x00000000d5580000)
  object space 188416K, 22% used [0x0000000080000000,0x0000000082a4bc30,0x000000008b800000)
 Metaspace       used 106769K, capacity 114960K, committed 115224K, reserved 1150976K
  class space    used 13274K, capacity 14607K, committed 14632K, reserved 1048576K
Event: 19029.031 GC heap after
Heap after GC invocations=72 (full 8):
 PSYoungGen      total 511488K, used 7912K [0x00000000d5580000, 0x00000000f5800000, 0x0000000100000000)
  eden space 497152K, 0% used [0x00000000d5580000,0x00000000d5580000,0x00000000f3b00000)
  from space 14336K, 55% used [0x00000000f4a00000,0x00000000f51ba130,0x00000000f5800000)
  to   space 14848K, 0% used [0x00000000f3b00000,0x00000000f3b00000,0x00000000f4980000)
 ParOldGen       total 188416K, used 43311K [0x0000000080000000, 0x000000008b800000, 0x00000000d5580000)
  object space 188416K, 22% used [0x0000000080000000,0x0000000082a4bc30,0x000000008b800000)
 Metaspace       used 106769K, capacity 114960K, committed 115224K, reserved 1150976K
  class space    used 13274K, capacity 14607K, committed 14632K, reserved 1048576K
}

