# JRE version: OpenJDK Runtime Environment (8.0_242-b01) (build 1.8.0_242-release-1644-b01)
# Java VM: OpenJDK 64-Bit Server VM (25.242-b01 mixed mode windows-amd64 compressed oops)
Heap:
 PSYoungGen      total 71680K, used 19970K [0x00000000d5900000, 0x00000000da400000, 0x0000000100000000)
  eden space 66560K, 22% used [0x00000000d5900000,0x00000000d6787c20,0x00000000d9a00000)
  from space 5120K, 99% used [0x00000000d9f00000,0x00000000da3f8c20,0x00000000da400000)
  to   space 5120K, 0% used [0x00000000d9a00000,0x00000000d9a00000,0x00000000d9f00000)
 ParOldGen       total 67584K, used 19903K [0x0000000080a00000, 0x0000000084c00000, 0x00000000d5900000)
  object space 67584K, 29% used [0x0000000080a00000,0x0000000081d6fc40,0x0000000084c00000)
 Metaspace       used 31876K, capacity 32352K, committed 32640K, reserved 1077248K
  class space    used 4012K, capacity 4186K, committed 4224K, reserved 1048576K
GC Heap History (10 events):
Event: 0.701 GC heap before
{Heap before GC invocations=1 (full 0):
 PSYoungGen      total 38400K, used 33280K [0x00000000d5900000, 0x00000000d8380000, 0x0000000100000000)
  eden space 33280K, 100% used [0x00000000d5900000,0x00000000d7980000,0x00000000d7980000)
  from space 5120K, 0% used [0x00000000d7e80000,0x00000000d7e80000,0x00000000d8380000)
  to   space 5120K, 0% used [0x00000000d7980000,0x00000000d7980000,0x00000000d7e80000)
 ParOldGen       total 87552K, used 0K [0x0000000080a00000, 0x0000000085f80000, 0x00000000d5900000)
  object space 87552K, 0% used [0x0000000080a00000,0x0000000080a00000,0x0000000085f80000)
 Metaspace       used 10114K, capacity 10300K, committed 10496K, reserved 1058816K
  class space    used 1105K, capacity 1180K, committed 1280K, reserved 1048576K
Event: 0.709 GC heap after
Heap after GC invocations=1 (full 0):
 PSYoungGen      total 38400K, used 5088K [0x00000000d5900000, 0x00000000da400000, 0x0000000100000000)
  eden space 33280K, 0% used [0x00000000d5900000,0x00000000d5900000,0x00000000d7980000)
  from space 5120K, 99% used [0x00000000d7980000,0x00000000d7e782b8,0x00000000d7e80000)
  to   space 5120K, 0% used [0x00000000d9f00000,0x00000000d9f00000,0x00000000da400000)
 ParOldGen       total 87552K, used 2625K [0x0000000080a00000, 0x0000000085f80000, 0x00000000d5900000)
  object space 87552K, 2% used [0x0000000080a00000,0x0000000080c90608,0x0000000085f80000)
 Metaspace       used 10114K, capacity 10300K, committed 10496K, reserved 1058816K
  class space    used 1105K, capacity 1180K, committed 1280K, reserved 1048576K
}
Event: 1.449 GC heap before
{Heap before GC invocations=2 (full 0):
 PSYoungGen      total 38400K, used 38368K [0x00000000d5900000, 0x00000000da400000, 0x0000000100000000)
  eden space 33280K, 100% used [0x00000000d5900000,0x00000000d7980000,0x00000000d7980000)
  from space 5120K, 99% used [0x00000000d7980000,0x00000000d7e782b8,0x00000000d7e80000)
  to   space 5120K, 0% used [0x00000000d9f00000,0x00000000d9f00000,0x00000000da400000)
 ParOldGen       total 87552K, used 2625K [0x0000000080a00000, 0x0000000085f80000, 0x00000000d5900000)
  object space 87552K, 2% used [0x0000000080a00000,0x0000000080c90608,0x0000000085f80000)
 Metaspace       used 15741K, capacity 16102K, committed 16384K, reserved 1062912K
  class space    used 1820K, capacity 1949K, committed 2048K, reserved 1048576K
Event: 1.459 GC heap after
Heap after GC invocations=2 (full 0):
 PSYoungGen      total 71680K, used 5113K [0x00000000d5900000, 0x00000000da400000, 0x0000000100000000)
  eden space 66560K, 0% used [0x00000000d5900000,0x00000000d5900000,0x00000000d9a00000)
  from space 5120K, 99% used [0x00000000d9f00000,0x00000000da3fe668,0x00000000da400000)
  to   space 5120K, 0% used [0x00000000d9a00000,0x00000000d9a00000,0x00000000d9f00000)
 ParOldGen       total 87552K, used 7382K [0x0000000080a00000, 0x0000000085f80000, 0x00000000d5900000)
  object space 87552K, 8% used [0x0000000080a00000,0x0000000081135b48,0x0000000085f80000)
 Metaspace       used 15741K, capacity 16102K, committed 16384K, reserved 1062912K
  class space    used 1820K, capacity 1949K, committed 2048K, reserved 1048576K
}
Event: 1.794 GC heap before
{Heap before GC invocations=3 (full 0):
 PSYoungGen      total 71680K, used 25515K [0x00000000d5900000, 0x00000000da400000, 0x0000000100000000)
  eden space 66560K, 30% used [0x00000000d5900000,0x00000000d6cec728,0x00000000d9a00000)
  from space 5120K, 99% used [0x00000000d9f00000,0x00000000da3fe668,0x00000000da400000)
  to   space 5120K, 0% used [0x00000000d9a00000,0x00000000d9a00000,0x00000000d9f00000)
 ParOldGen       total 87552K, used 7382K [0x0000000080a00000, 0x0000000085f80000, 0x00000000d5900000)
  object space 87552K, 8% used [0x0000000080a00000,0x0000000081135b48,0x0000000085f80000)
 Metaspace       used 20775K, capacity 21212K, committed 21248K, reserved 1069056K
  class space    used 2431K, capacity 2558K, committed 2560K, reserved 1048576K
Event: 1.805 GC heap after
Heap after GC invocations=3 (full 0):
 PSYoungGen      total 71680K, used 5114K [0x00000000d5900000, 0x00000000da400000, 0x0000000100000000)
  eden space 66560K, 0% used [0x00000000d5900000,0x00000000d5900000,0x00000000d9a00000)
  from space 5120K, 99% used [0x00000000d9a00000,0x00000000d9efea40,0x00000000d9f00000)
  to   space 5120K, 0% used [0x00000000d9f00000,0x00000000d9f00000,0x00000000da400000)
 ParOldGen       total 87552K, used 11767K [0x0000000080a00000, 0x0000000085f80000, 0x00000000d5900000)
  object space 87552K, 13% used [0x0000000080a00000,0x000000008157dfb0,0x0000000085f80000)
 Metaspace       used 20775K, capacity 21212K, committed 21248K, reserved 1069056K
  class space    used 2431K, capacity 2558K, committed 2560K, reserved 1048576K
}
Event: 1.805 GC heap before
{Heap before GC invocations=4 (full 1):
 PSYoungGen      total 71680K, used 5114K [0x00000000d5900000, 0x00000000da400000, 0x0000000100000000)
  eden space 66560K, 0% used [0x00000000d5900000,0x00000000d5900000,0x00000000d9a00000)
  from space 5120K, 99% used [0x00000000d9a00000,0x00000000d9efea40,0x00000000d9f00000)
  to   space 5120K, 0% used [0x00000000d9f00000,0x00000000d9f00000,0x00000000da400000)
 ParOldGen       total 87552K, used 11767K [0x0000000080a00000, 0x0000000085f80000, 0x00000000d5900000)
  object space 87552K, 13% used [0x0000000080a00000,0x000000008157dfb0,0x0000000085f80000)
 Metaspace       used 20775K, capacity 21212K, committed 21248K, reserved 1069056K
  class space    used 2431K, capacity 2558K, committed 2560K, reserved 1048576K
Event: 1.851 GC heap after
Heap after GC invocations=4 (full 1):
 PSYoungGen      total 71680K, used 0K [0x00000000d5900000, 0x00000000da400000, 0x0000000100000000)
  eden space 66560K, 0% used [0x00000000d5900000,0x00000000d5900000,0x00000000d9a00000)
  from space 5120K, 0% used [0x00000000d9a00000,0x00000000d9a00000,0x00000000d9f00000)
  to   space 5120K, 0% used [0x00000000d9f00000,0x00000000d9f00000,0x00000000da400000)
 ParOldGen       total 67584K, used 9336K [0x0000000080a00000, 0x0000000084c00000, 0x00000000d5900000)
  object space 67584K, 13% used [0x0000000080a00000,0x000000008131e250,0x0000000084c00000)
 Metaspace       used 20775K, capacity 21212K, committed 21248K, reserved 1069056K
  class space    used 2431K, capacity 2558K, committed 2560K, reserved 1048576K
}
Event: 4.497 GC heap before
{Heap before GC invocations=5 (full 1):
 PSYoungGen      total 71680K, used 66560K [0x00000000d5900000, 0x00000000da400000, 0x0000000100000000)
  eden space 66560K, 100% used [0x00000000d5900000,0x00000000d9a00000,0x00000000d9a00000)
  from space 5120K, 0% used [0x00000000d9a00000,0x00000000d9a00000,0x00000000d9f00000)
  to   space 5120K, 0% used [0x00000000d9f00000,0x00000000d9f00000,0x00000000da400000)
 ParOldGen       total 67584K, used 9336K [0x0000000080a00000, 0x0000000084c00000, 0x00000000d5900000)
  object space 67584K, 13% used [0x0000000080a00000,0x000000008131e250,0x0000000084c00000)
 Metaspace       used 29334K, capacity 29812K, committed 30080K, reserved 1075200K
  class space    used 3527K, capacity 3704K, committed 3712K, reserved 1048576K
Event: 4.512 GC heap after
Heap after GC invocations=5 (full 1):
 PSYoungGen      total 71680K, used 5091K [0x00000000d5900000, 0x00000000da400000, 0x0000000100000000)
  eden space 66560K, 0% used [0x00000000d5900000,0x00000000d5900000,0x00000000d9a00000)
  from space 5120K, 99% used [0x00000000d9f00000,0x00000000da3f8c20,0x00000000da400000)
  to   space 5120K, 0% used [0x00000000d9a00000,0x00000000d9a00000,0x00000000d9f00000)
 ParOldGen       total 67584K, used 19903K [0x0000000080a00000, 0x0000000084c00000, 0x00000000d5900000)
  object space 67584K, 29% used [0x0000000080a00000,0x0000000081d6fc40,0x0000000084c00000)
 Metaspace       used 29334K, capacity 29812K, committed 30080K, reserved 1075200K
  class space    used 3527K, capacity 3704K, committed 3712K, reserved 1048576K
}

