# JRE version: OpenJDK Runtime Environment (8.0_242-b01) (build 1.8.0_242-release-1644-b01)
# Java VM: OpenJDK 64-Bit Server VM (25.242-b01 mixed mode windows-amd64 compressed oops)
Heap:
 PSYoungGen      total 432128K, used 130296K [0x00000000d5580000, 0x00000000f1a80000, 0x0000000100000000)
  eden space 405504K, 30% used [0x00000000d5580000,0x00000000dcd5c808,0x00000000ee180000)
  from space 26624K, 28% used [0x00000000f0080000,0x00000000f07e1810,0x00000000f1a80000)
  to   space 29184K, 0% used [0x00000000ee180000,0x00000000ee180000,0x00000000efe00000)
 ParOldGen       total 119296K, used 51978K [0x0000000080000000, 0x0000000087480000, 0x00000000d5580000)
  object space 119296K, 43% used [0x0000000080000000,0x00000000832c28e8,0x0000000087480000)
 Metaspace       used 96216K, capacity 100847K, committed 101016K, reserved 1136640K
  class space    used 12728K, capacity 13621K, committed 13736K, reserved 1048576K
GC Heap History (10 events):
Event: 66.756 GC heap before
{Heap before GC invocations=18 (full 3):
 PSYoungGen      total 252416K, used 232448K [0x00000000d5580000, 0x00000000e6100000, 0x0000000100000000)
  eden space 232448K, 100% used [0x00000000d5580000,0x00000000e3880000,0x00000000e3880000)
  from space 19968K, 0% used [0x00000000e4c00000,0x00000000e4c00000,0x00000000e5f80000)
  to   space 19968K, 0% used [0x00000000e3880000,0x00000000e3880000,0x00000000e4c00000)
 ParOldGen       total 83968K, used 29859K [0x0000000080000000, 0x0000000085200000, 0x00000000d5580000)
  object space 83968K, 35% used [0x0000000080000000,0x0000000081d28f90,0x0000000085200000)
 Metaspace       used 66493K, capacity 69240K, committed 69400K, reserved 1110016K
  class space    used 9075K, capacity 9663K, committed 9768K, reserved 1048576K
Event: 66.781 GC heap after
Heap after GC invocations=18 (full 3):
 PSYoungGen      total 252416K, used 18233K [0x00000000d5580000, 0x00000000ec980000, 0x0000000100000000)
  eden space 232448K, 0% used [0x00000000d5580000,0x00000000d5580000,0x00000000e3880000)
  from space 19968K, 91% used [0x00000000e3880000,0x00000000e4a4e440,0x00000000e4c00000)
  to   space 22528K, 0% used [0x00000000eb380000,0x00000000eb380000,0x00000000ec980000)
 ParOldGen       total 83968K, used 29867K [0x0000000080000000, 0x0000000085200000, 0x00000000d5580000)
  object space 83968K, 35% used [0x0000000080000000,0x0000000081d2af90,0x0000000085200000)
 Metaspace       used 66493K, capacity 69240K, committed 69400K, reserved 1110016K
  class space    used 9075K, capacity 9663K, committed 9768K, reserved 1048576K
}
Event: 123.429 GC heap before
{Heap before GC invocations=19 (full 3):
 PSYoungGen      total 252416K, used 250681K [0x00000000d5580000, 0x00000000ec980000, 0x0000000100000000)
  eden space 232448K, 100% used [0x00000000d5580000,0x00000000e3880000,0x00000000e3880000)
  from space 19968K, 91% used [0x00000000e3880000,0x00000000e4a4e440,0x00000000e4c00000)
  to   space 22528K, 0% used [0x00000000eb380000,0x00000000eb380000,0x00000000ec980000)
 ParOldGen       total 83968K, used 29867K [0x0000000080000000, 0x0000000085200000, 0x00000000d5580000)
  object space 83968K, 35% used [0x0000000080000000,0x0000000081d2af90,0x0000000085200000)
 Metaspace       used 84363K, capacity 87858K, committed 87960K, reserved 1124352K
  class space    used 11498K, capacity 12180K, committed 12200K, reserved 1048576K
Event: 123.474 GC heap after
Heap after GC invocations=19 (full 3):
 PSYoungGen      total 348672K, used 22524K [0x00000000d5580000, 0x00000000ed480000, 0x0000000100000000)
  eden space 326144K, 0% used [0x00000000d5580000,0x00000000d5580000,0x00000000e9400000)
  from space 22528K, 99% used [0x00000000eb380000,0x00000000ec97f350,0x00000000ec980000)
  to   space 32256K, 0% used [0x00000000e9400000,0x00000000e9400000,0x00000000eb380000)
 ParOldGen       total 83968K, used 45370K [0x0000000080000000, 0x0000000085200000, 0x00000000d5580000)
  object space 83968K, 54% used [0x0000000080000000,0x0000000082c4e838,0x0000000085200000)
 Metaspace       used 84363K, capacity 87858K, committed 87960K, reserved 1124352K
  class space    used 11498K, capacity 12180K, committed 12200K, reserved 1048576K
}
Event: 276.715 GC heap before
{Heap before GC invocations=20 (full 3):
 PSYoungGen      total 348672K, used 172037K [0x00000000d5580000, 0x00000000ed480000, 0x0000000100000000)
  eden space 326144K, 45% used [0x00000000d5580000,0x00000000de782430,0x00000000e9400000)
  from space 22528K, 99% used [0x00000000eb380000,0x00000000ec97f350,0x00000000ec980000)
  to   space 32256K, 0% used [0x00000000e9400000,0x00000000e9400000,0x00000000eb380000)
 ParOldGen       total 83968K, used 45370K [0x0000000080000000, 0x0000000085200000, 0x00000000d5580000)
  object space 83968K, 54% used [0x0000000080000000,0x0000000082c4e838,0x0000000085200000)
 Metaspace       used 94245K, capacity 98567K, committed 98600K, reserved 1134592K
  class space    used 12665K, capacity 13480K, committed 13480K, reserved 1048576K
Event: 276.760 GC heap after
Heap after GC invocations=20 (full 3):
 PSYoungGen      total 358400K, used 10140K [0x00000000d5580000, 0x00000000f1e00000, 0x0000000100000000)
  eden space 326144K, 0% used [0x00000000d5580000,0x00000000d5580000,0x00000000e9400000)
  from space 32256K, 31% used [0x00000000e9400000,0x00000000e9de70c8,0x00000000eb380000)
  to   space 30208K, 0% used [0x00000000f0080000,0x00000000f0080000,0x00000000f1e00000)
 ParOldGen       total 83968K, used 54543K [0x0000000080000000, 0x0000000085200000, 0x00000000d5580000)
  object space 83968K, 64% used [0x0000000080000000,0x0000000083543ce0,0x0000000085200000)
 Metaspace       used 94245K, capacity 98567K, committed 98600K, reserved 1134592K
  class space    used 12665K, capacity 13480K, committed 13480K, reserved 1048576K
}
Event: 276.760 GC heap before
{Heap before GC invocations=21 (full 4):
 PSYoungGen      total 358400K, used 10140K [0x00000000d5580000, 0x00000000f1e00000, 0x0000000100000000)
  eden space 326144K, 0% used [0x00000000d5580000,0x00000000d5580000,0x00000000e9400000)
  from space 32256K, 31% used [0x00000000e9400000,0x00000000e9de70c8,0x00000000eb380000)
  to   space 30208K, 0% used [0x00000000f0080000,0x00000000f0080000,0x00000000f1e00000)
 ParOldGen       total 83968K, used 54543K [0x0000000080000000, 0x0000000085200000, 0x00000000d5580000)
  object space 83968K, 64% used [0x0000000080000000,0x0000000083543ce0,0x0000000085200000)
 Metaspace       used 94245K, capacity 98567K, committed 98600K, reserved 1134592K
  class space    used 12665K, capacity 13480K, committed 13480K, reserved 1048576K
Event: 277.056 GC heap after
Heap after GC invocations=21 (full 4):
 PSYoungGen      total 358400K, used 0K [0x00000000d5580000, 0x00000000f1e00000, 0x0000000100000000)
  eden space 326144K, 0% used [0x00000000d5580000,0x00000000d5580000,0x00000000e9400000)
  from space 32256K, 0% used [0x00000000e9400000,0x00000000e9400000,0x00000000eb380000)
  to   space 30208K, 0% used [0x00000000f0080000,0x00000000f0080000,0x00000000f1e00000)
 ParOldGen       total 119296K, used 51970K [0x0000000080000000, 0x0000000087480000, 0x00000000d5580000)
  object space 119296K, 43% used [0x0000000080000000,0x00000000832c08e8,0x0000000087480000)
 Metaspace       used 94157K, capacity 98327K, committed 98600K, reserved 1134592K
  class space    used 12634K, capacity 13426K, committed 13480K, reserved 1048576K
}
Event: 524.371 GC heap before
{Heap before GC invocations=22 (full 4):
 PSYoungGen      total 358400K, used 326144K [0x00000000d5580000, 0x00000000f1e00000, 0x0000000100000000)
  eden space 326144K, 100% used [0x00000000d5580000,0x00000000e9400000,0x00000000e9400000)
  from space 32256K, 0% used [0x00000000e9400000,0x00000000e9400000,0x00000000eb380000)
  to   space 30208K, 0% used [0x00000000f0080000,0x00000000f0080000,0x00000000f1e00000)
 ParOldGen       total 119296K, used 51970K [0x0000000080000000, 0x0000000087480000, 0x00000000d5580000)
  object space 119296K, 43% used [0x0000000080000000,0x00000000832c08e8,0x0000000087480000)
 Metaspace       used 95988K, capacity 100631K, committed 100888K, reserved 1136640K
  class space    used 12715K, capacity 13597K, committed 13608K, reserved 1048576K
Event: 524.388 GC heap after
Heap after GC invocations=22 (full 4):
 PSYoungGen      total 432128K, used 7558K [0x00000000d5580000, 0x00000000f1a80000, 0x0000000100000000)
  eden space 405504K, 0% used [0x00000000d5580000,0x00000000d5580000,0x00000000ee180000)
  from space 26624K, 28% used [0x00000000f0080000,0x00000000f07e1810,0x00000000f1a80000)
  to   space 29184K, 0% used [0x00000000ee180000,0x00000000ee180000,0x00000000efe00000)
 ParOldGen       total 119296K, used 51978K [0x0000000080000000, 0x0000000087480000, 0x00000000d5580000)
  object space 119296K, 43% used [0x0000000080000000,0x00000000832c28e8,0x0000000087480000)
 Metaspace       used 95988K, capacity 100631K, committed 100888K, reserved 1136640K
  class space    used 12715K, capacity 13597K, committed 13608K, reserved 1048576K
}

