# JRE version: OpenJDK Runtime Environment (8.0_242-b01) (build 1.8.0_242-release-1644-b01)
# Java VM: OpenJDK 64-Bit Server VM (25.242-b01 mixed mode windows-amd64 compressed oops)
Heap:
 PSYoungGen      total 153600K, used 128361K [0x00000000d5580000, 0x00000000e0b00000, 0x0000000100000000)
  eden space 120832K, 97% used [0x00000000d5580000,0x00000000dc8ad720,0x00000000dcb80000)
  from space 32768K, 31% used [0x00000000deb00000,0x00000000df52ce38,0x00000000e0b00000)
  to   space 32256K, 0% used [0x00000000dcb80000,0x00000000dcb80000,0x00000000deb00000)
 ParOldGen       total 192512K, used 81864K [0x0000000080000000, 0x000000008bc00000, 0x00000000d5580000)
  object space 192512K, 42% used [0x0000000080000000,0x0000000084ff22f0,0x000000008bc00000)
 Metaspace       used 124813K, capacity 133344K, committed 133544K, reserved 1165312K
  class space    used 15277K, capacity 16709K, committed 16808K, reserved 1048576K
GC Heap History (10 events):
Event: 12446.183 GC heap before
{Heap before GC invocations=179 (full 7):
 PSYoungGen      total 148992K, used 126651K [0x00000000d5580000, 0x00000000e0b00000, 0x0000000100000000)
  eden space 114176K, 100% used [0x00000000d5580000,0x00000000dc500000,0x00000000dc500000)
  from space 34816K, 35% used [0x00000000dc500000,0x00000000dd12ef30,0x00000000de700000)
  to   space 34816K, 0% used [0x00000000de900000,0x00000000de900000,0x00000000e0b00000)
 ParOldGen       total 192512K, used 81792K [0x0000000080000000, 0x000000008bc00000, 0x00000000d5580000)
  object space 192512K, 42% used [0x0000000080000000,0x0000000084fe02e0,0x000000008bc00000)
 Metaspace       used 124586K, capacity 133004K, committed 133288K, reserved 1165312K
  class space    used 15260K, capacity 16685K, committed 16808K, reserved 1048576K
Event: 12446.198 GC heap after
Heap after GC invocations=179 (full 7):
 PSYoungGen      total 150016K, used 10249K [0x00000000d5580000, 0x00000000e0a00000, 0x0000000100000000)
  eden space 116224K, 0% used [0x00000000d5580000,0x00000000d5580000,0x00000000dc700000)
  from space 33792K, 30% used [0x00000000de900000,0x00000000df3026c8,0x00000000e0a00000)
  to   space 34304K, 0% used [0x00000000dc700000,0x00000000dc700000,0x00000000de880000)
 ParOldGen       total 192512K, used 81800K [0x0000000080000000, 0x000000008bc00000, 0x00000000d5580000)
  object space 192512K, 42% used [0x0000000080000000,0x0000000084fe22e0,0x000000008bc00000)
 Metaspace       used 124586K, capacity 133004K, committed 133288K, reserved 1165312K
  class space    used 15260K, capacity 16685K, committed 16808K, reserved 1048576K
}
Event: 12463.210 GC heap before
{Heap before GC invocations=180 (full 7):
 PSYoungGen      total 150016K, used 126473K [0x00000000d5580000, 0x00000000e0a00000, 0x0000000100000000)
  eden space 116224K, 100% used [0x00000000d5580000,0x00000000dc700000,0x00000000dc700000)
  from space 33792K, 30% used [0x00000000de900000,0x00000000df3026c8,0x00000000e0a00000)
  to   space 34304K, 0% used [0x00000000dc700000,0x00000000dc700000,0x00000000de880000)
 ParOldGen       total 192512K, used 81800K [0x0000000080000000, 0x000000008bc00000, 0x00000000d5580000)
  object space 192512K, 42% used [0x0000000080000000,0x0000000084fe22e0,0x000000008bc00000)
 Metaspace       used 124631K, capacity 133072K, committed 133288K, reserved 1165312K
  class space    used 15260K, capacity 16685K, committed 16808K, reserved 1048576K
Event: 12463.238 GC heap after
Heap after GC invocations=180 (full 7):
 PSYoungGen      total 150528K, used 12053K [0x00000000d5580000, 0x00000000e0b00000, 0x0000000100000000)
  eden space 116224K, 0% used [0x00000000d5580000,0x00000000d5580000,0x00000000dc700000)
  from space 34304K, 35% used [0x00000000dc700000,0x00000000dd2c5450,0x00000000de880000)
  to   space 33792K, 0% used [0x00000000dea00000,0x00000000dea00000,0x00000000e0b00000)
 ParOldGen       total 192512K, used 81808K [0x0000000080000000, 0x000000008bc00000, 0x00000000d5580000)
  object space 192512K, 42% used [0x0000000080000000,0x0000000084fe42e0,0x000000008bc00000)
 Metaspace       used 124631K, capacity 133072K, committed 133288K, reserved 1165312K
  class space    used 15260K, capacity 16685K, committed 16808K, reserved 1048576K
}
Event: 12520.037 GC heap before
{Heap before GC invocations=181 (full 7):
 PSYoungGen      total 150528K, used 128277K [0x00000000d5580000, 0x00000000e0b00000, 0x0000000100000000)
  eden space 116224K, 100% used [0x00000000d5580000,0x00000000dc700000,0x00000000dc700000)
  from space 34304K, 35% used [0x00000000dc700000,0x00000000dd2c5450,0x00000000de880000)
  to   space 33792K, 0% used [0x00000000dea00000,0x00000000dea00000,0x00000000e0b00000)
 ParOldGen       total 192512K, used 81808K [0x0000000080000000, 0x000000008bc00000, 0x00000000d5580000)
  object space 192512K, 42% used [0x0000000080000000,0x0000000084fe42e0,0x000000008bc00000)
 Metaspace       used 124644K, capacity 133072K, committed 133288K, reserved 1165312K
  class space    used 15260K, capacity 16685K, committed 16808K, reserved 1048576K
Event: 12520.069 GC heap after
Heap after GC invocations=181 (full 7):
 PSYoungGen      total 148992K, used 17312K [0x00000000d5580000, 0x00000000e0800000, 0x0000000100000000)
  eden space 118272K, 0% used [0x00000000d5580000,0x00000000d5580000,0x00000000dc900000)
  from space 30720K, 56% used [0x00000000dea00000,0x00000000dfae8040,0x00000000e0800000)
  to   space 32256K, 0% used [0x00000000dc900000,0x00000000dc900000,0x00000000de880000)
 ParOldGen       total 192512K, used 81832K [0x0000000080000000, 0x000000008bc00000, 0x00000000d5580000)
  object space 192512K, 42% used [0x0000000080000000,0x0000000084fea2f0,0x000000008bc00000)
 Metaspace       used 124644K, capacity 133072K, committed 133288K, reserved 1165312K
  class space    used 15260K, capacity 16685K, committed 16808K, reserved 1048576K
}
Event: 12698.978 GC heap before
{Heap before GC invocations=182 (full 7):
 PSYoungGen      total 148992K, used 135584K [0x00000000d5580000, 0x00000000e0800000, 0x0000000100000000)
  eden space 118272K, 100% used [0x00000000d5580000,0x00000000dc900000,0x00000000dc900000)
  from space 30720K, 56% used [0x00000000dea00000,0x00000000dfae8040,0x00000000e0800000)
  to   space 32256K, 0% used [0x00000000dc900000,0x00000000dc900000,0x00000000de880000)
 ParOldGen       total 192512K, used 81832K [0x0000000080000000, 0x000000008bc00000, 0x00000000d5580000)
  object space 192512K, 42% used [0x0000000080000000,0x0000000084fea2f0,0x000000008bc00000)
 Metaspace       used 124673K, capacity 133072K, committed 133288K, reserved 1165312K
  class space    used 15260K, capacity 16685K, committed 16808K, reserved 1048576K
Event: 12698.997 GC heap after
Heap after GC invocations=182 (full 7):
 PSYoungGen      total 150528K, used 1872K [0x00000000d5580000, 0x00000000e0b80000, 0x0000000100000000)
  eden space 118272K, 0% used [0x00000000d5580000,0x00000000d5580000,0x00000000dc900000)
  from space 32256K, 5% used [0x00000000dc900000,0x00000000dcad4010,0x00000000de880000)
  to   space 33280K, 0% used [0x00000000deb00000,0x00000000deb00000,0x00000000e0b80000)
 ParOldGen       total 192512K, used 81848K [0x0000000080000000, 0x000000008bc00000, 0x00000000d5580000)
  object space 192512K, 42% used [0x0000000080000000,0x0000000084fee2f0,0x000000008bc00000)
 Metaspace       used 124673K, capacity 133072K, committed 133288K, reserved 1165312K
  class space    used 15260K, capacity 16685K, committed 16808K, reserved 1048576K
}
Event: 12703.961 GC heap before
{Heap before GC invocations=183 (full 7):
 PSYoungGen      total 150528K, used 120144K [0x00000000d5580000, 0x00000000e0b80000, 0x0000000100000000)
  eden space 118272K, 100% used [0x00000000d5580000,0x00000000dc900000,0x00000000dc900000)
  from space 32256K, 5% used [0x00000000dc900000,0x00000000dcad4010,0x00000000de880000)
  to   space 33280K, 0% used [0x00000000deb00000,0x00000000deb00000,0x00000000e0b80000)
 ParOldGen       total 192512K, used 81848K [0x0000000080000000, 0x000000008bc00000, 0x00000000d5580000)
  object space 192512K, 42% used [0x0000000080000000,0x0000000084fee2f0,0x000000008bc00000)
 Metaspace       used 124690K, capacity 133142K, committed 133544K, reserved 1165312K
  class space    used 15261K, capacity 16686K, committed 16808K, reserved 1048576K
Event: 12703.983 GC heap after
Heap after GC invocations=183 (full 7):
 PSYoungGen      total 153600K, used 10419K [0x00000000d5580000, 0x00000000e0b00000, 0x0000000100000000)
  eden space 120832K, 0% used [0x00000000d5580000,0x00000000d5580000,0x00000000dcb80000)
  from space 32768K, 31% used [0x00000000deb00000,0x00000000df52ce38,0x00000000e0b00000)
  to   space 32256K, 0% used [0x00000000dcb80000,0x00000000dcb80000,0x00000000deb00000)
 ParOldGen       total 192512K, used 81864K [0x0000000080000000, 0x000000008bc00000, 0x00000000d5580000)
  object space 192512K, 42% used [0x0000000080000000,0x0000000084ff22f0,0x000000008bc00000)
 Metaspace       used 124690K, capacity 133142K, committed 133544K, reserved 1165312K
  class space    used 15261K, capacity 16686K, committed 16808K, reserved 1048576K
}

