# JRE version: OpenJDK Runtime Environment (8.0_242-b01) (build 1.8.0_242-release-1644-b01)
# Java VM: OpenJDK 64-Bit Server VM (25.242-b01 mixed mode windows-amd64 compressed oops)
Heap:
 PSYoungGen      total 313856K, used 296453K [0x00000000d5580000, 0x00000000f3080000, 0x0000000100000000)
  eden space 310272K, 94% used [0x00000000d5580000,0x00000000e73965c0,0x00000000e8480000)
  from space 3584K, 97% used [0x00000000f1280000,0x00000000f15eb230,0x00000000f1600000)
  to   space 19968K, 0% used [0x00000000f1d00000,0x00000000f1d00000,0x00000000f3080000)
 ParOldGen       total 120320K, used 39652K [0x0000000080000000, 0x0000000087580000, 0x00000000d5580000)
  object space 120320K, 32% used [0x0000000080000000,0x00000000826b9130,0x0000000087580000)
 Metaspace       used 104440K, capacity 112786K, committed 113048K, reserved 1146880K
  class space    used 13367K, capacity 14730K, committed 14760K, reserved 1048576K
GC Heap History (10 events):
Event: 7729.693 GC heap before
{Heap before GC invocations=30 (full 5):
 PSYoungGen      total 391168K, used 391138K [0x00000000d5580000, 0x00000000f6000000, 0x0000000100000000)
  eden space 382976K, 100% used [0x00000000d5580000,0x00000000ecb80000,0x00000000ecb80000)
  from space 8192K, 99% used [0x00000000f5800000,0x00000000f5ff88a0,0x00000000f6000000)
  to   space 22016K, 0% used [0x00000000f3500000,0x00000000f3500000,0x00000000f4a80000)
 ParOldGen       total 120320K, used 39620K [0x0000000080000000, 0x0000000087580000, 0x00000000d5580000)
  object space 120320K, 32% used [0x0000000080000000,0x00000000826b1130,0x0000000087580000)
 Metaspace       used 102999K, capacity 111192K, committed 111384K, reserved 1146880K
  class space    used 13242K, capacity 14581K, committed 14632K, reserved 1048576K
Event: 7729.705 GC heap after
Heap after GC invocations=30 (full 5):
 PSYoungGen      total 373248K, used 6025K [0x00000000d5580000, 0x00000000f5880000, 0x0000000100000000)
  eden space 367104K, 0% used [0x00000000d5580000,0x00000000d5580000,0x00000000ebc00000)
  from space 6144K, 98% used [0x00000000f3500000,0x00000000f3ae2490,0x00000000f3b00000)
  to   space 21504K, 0% used [0x00000000f4380000,0x00000000f4380000,0x00000000f5880000)
 ParOldGen       total 120320K, used 39628K [0x0000000080000000, 0x0000000087580000, 0x00000000d5580000)
  object space 120320K, 32% used [0x0000000080000000,0x00000000826b3130,0x0000000087580000)
 Metaspace       used 102999K, capacity 111192K, committed 111384K, reserved 1146880K
  class space    used 13242K, capacity 14581K, committed 14632K, reserved 1048576K
}
Event: 7865.500 GC heap before
{Heap before GC invocations=31 (full 5):
 PSYoungGen      total 373248K, used 373129K [0x00000000d5580000, 0x00000000f5880000, 0x0000000100000000)
  eden space 367104K, 100% used [0x00000000d5580000,0x00000000ebc00000,0x00000000ebc00000)
  from space 6144K, 98% used [0x00000000f3500000,0x00000000f3ae2490,0x00000000f3b00000)
  to   space 21504K, 0% used [0x00000000f4380000,0x00000000f4380000,0x00000000f5880000)
 ParOldGen       total 120320K, used 39628K [0x0000000080000000, 0x0000000087580000, 0x00000000d5580000)
  object space 120320K, 32% used [0x0000000080000000,0x00000000826b3130,0x0000000087580000)
 Metaspace       used 103146K, capacity 111362K, committed 111640K, reserved 1146880K
  class space    used 13246K, capacity 14586K, committed 14632K, reserved 1048576K
Event: 7865.514 GC heap after
Heap after GC invocations=31 (full 5):
 PSYoungGen      total 360448K, used 8275K [0x00000000d5580000, 0x00000000f4c00000, 0x0000000100000000)
  eden space 351744K, 0% used [0x00000000d5580000,0x00000000d5580000,0x00000000ead00000)
  from space 8704K, 95% used [0x00000000f4380000,0x00000000f4b94c18,0x00000000f4c00000)
  to   space 20992K, 0% used [0x00000000f2300000,0x00000000f2300000,0x00000000f3780000)
 ParOldGen       total 120320K, used 39628K [0x0000000080000000, 0x0000000087580000, 0x00000000d5580000)
  object space 120320K, 32% used [0x0000000080000000,0x00000000826b3130,0x0000000087580000)
 Metaspace       used 103146K, capacity 111362K, committed 111640K, reserved 1146880K
  class space    used 13246K, capacity 14586K, committed 14632K, reserved 1048576K
}
Event: 8294.522 GC heap before
{Heap before GC invocations=32 (full 5):
 PSYoungGen      total 360448K, used 360019K [0x00000000d5580000, 0x00000000f4c00000, 0x0000000100000000)
  eden space 351744K, 100% used [0x00000000d5580000,0x00000000ead00000,0x00000000ead00000)
  from space 8704K, 95% used [0x00000000f4380000,0x00000000f4b94c18,0x00000000f4c00000)
  to   space 20992K, 0% used [0x00000000f2300000,0x00000000f2300000,0x00000000f3780000)
 ParOldGen       total 120320K, used 39628K [0x0000000080000000, 0x0000000087580000, 0x00000000d5580000)
  object space 120320K, 32% used [0x0000000080000000,0x00000000826b3130,0x0000000087580000)
 Metaspace       used 104176K, capacity 112522K, committed 112792K, reserved 1146880K
  class space    used 13365K, capacity 14730K, committed 14760K, reserved 1048576K
Event: 8294.546 GC heap after
Heap after GC invocations=32 (full 5):
 PSYoungGen      total 346112K, used 8463K [0x00000000d5580000, 0x00000000f4400000, 0x0000000100000000)
  eden space 337408K, 0% used [0x00000000d5580000,0x00000000d5580000,0x00000000e9f00000)
  from space 8704K, 97% used [0x00000000f2300000,0x00000000f2b43eb8,0x00000000f2b80000)
  to   space 20480K, 0% used [0x00000000f3000000,0x00000000f3000000,0x00000000f4400000)
 ParOldGen       total 120320K, used 39636K [0x0000000080000000, 0x0000000087580000, 0x00000000d5580000)
  object space 120320K, 32% used [0x0000000080000000,0x00000000826b5130,0x0000000087580000)
 Metaspace       used 104176K, capacity 112522K, committed 112792K, reserved 1146880K
  class space    used 13365K, capacity 14730K, committed 14760K, reserved 1048576K
}
Event: 8358.951 GC heap before
{Heap before GC invocations=33 (full 5):
 PSYoungGen      total 346112K, used 345871K [0x00000000d5580000, 0x00000000f4400000, 0x0000000100000000)
  eden space 337408K, 100% used [0x00000000d5580000,0x00000000e9f00000,0x00000000e9f00000)
  from space 8704K, 97% used [0x00000000f2300000,0x00000000f2b43eb8,0x00000000f2b80000)
  to   space 20480K, 0% used [0x00000000f3000000,0x00000000f3000000,0x00000000f4400000)
 ParOldGen       total 120320K, used 39636K [0x0000000080000000, 0x0000000087580000, 0x00000000d5580000)
  object space 120320K, 32% used [0x0000000080000000,0x00000000826b5130,0x0000000087580000)
 Metaspace       used 104285K, capacity 112714K, committed 112792K, reserved 1146880K
  class space    used 13366K, capacity 14730K, committed 14760K, reserved 1048576K
Event: 8358.966 GC heap after
Heap after GC invocations=33 (full 5):
 PSYoungGen      total 332288K, used 8242K [0x00000000d5580000, 0x00000000f3880000, 0x0000000100000000)
  eden space 323584K, 0% used [0x00000000d5580000,0x00000000d5580000,0x00000000e9180000)
  from space 8704K, 94% used [0x00000000f3000000,0x00000000f380ca78,0x00000000f3880000)
  to   space 19456K, 0% used [0x00000000f1280000,0x00000000f1280000,0x00000000f2580000)
 ParOldGen       total 120320K, used 39644K [0x0000000080000000, 0x0000000087580000, 0x00000000d5580000)
  object space 120320K, 32% used [0x0000000080000000,0x00000000826b7130,0x0000000087580000)
 Metaspace       used 104285K, capacity 112714K, committed 112792K, reserved 1146880K
  class space    used 13366K, capacity 14730K, committed 14760K, reserved 1048576K
}
Event: 8981.058 GC heap before
{Heap before GC invocations=34 (full 5):
 PSYoungGen      total 332288K, used 331826K [0x00000000d5580000, 0x00000000f3880000, 0x0000000100000000)
  eden space 323584K, 100% used [0x00000000d5580000,0x00000000e9180000,0x00000000e9180000)
  from space 8704K, 94% used [0x00000000f3000000,0x00000000f380ca78,0x00000000f3880000)
  to   space 19456K, 0% used [0x00000000f1280000,0x00000000f1280000,0x00000000f2580000)
 ParOldGen       total 120320K, used 39644K [0x0000000080000000, 0x0000000087580000, 0x00000000d5580000)
  object space 120320K, 32% used [0x0000000080000000,0x00000000826b7130,0x0000000087580000)
 Metaspace       used 104390K, capacity 112782K, committed 113048K, reserved 1146880K
  class space    used 13367K, capacity 14730K, committed 14760K, reserved 1048576K
Event: 8981.070 GC heap after
Heap after GC invocations=34 (full 5):
 PSYoungGen      total 313856K, used 3500K [0x00000000d5580000, 0x00000000f3080000, 0x0000000100000000)
  eden space 310272K, 0% used [0x00000000d5580000,0x00000000d5580000,0x00000000e8480000)
  from space 3584K, 97% used [0x00000000f1280000,0x00000000f15eb230,0x00000000f1600000)
  to   space 19968K, 0% used [0x00000000f1d00000,0x00000000f1d00000,0x00000000f3080000)
 ParOldGen       total 120320K, used 39652K [0x0000000080000000, 0x0000000087580000, 0x00000000d5580000)
  object space 120320K, 32% used [0x0000000080000000,0x00000000826b9130,0x0000000087580000)
 Metaspace       used 104390K, capacity 112782K, committed 113048K, reserved 1146880K
  class space    used 13367K, capacity 14730K, committed 14760K, reserved 1048576K
}

