# JRE version: OpenJDK Runtime Environment (8.0_242-b01) (build 1.8.0_242-release-1644-b01)
# Java VM: OpenJDK 64-Bit Server VM (25.242-b01 mixed mode windows-amd64 compressed oops)
Heap:
 PSYoungGen      total 666624K, used 450941K [0x00000000d5580000, 0x00000000ffb80000, 0x0000000100000000)
  eden space 645120K, 68% used [0x00000000d5580000,0x00000000f06331d0,0x00000000fcb80000)
  from space 21504K, 36% used [0x00000000fe680000,0x00000000fee2c510,0x00000000ffb80000)
  to   space 24576K, 0% used [0x00000000fcb80000,0x00000000fcb80000,0x00000000fe380000)
 ParOldGen       total 135168K, used 56427K [0x0000000080000000, 0x0000000088400000, 0x00000000d5580000)
  object space 135168K, 41% used [0x0000000080000000,0x000000008371acb8,0x0000000088400000)
 Metaspace       used 111821K, capacity 120108K, committed 120216K, reserved 1155072K
  class space    used 13694K, capacity 15167K, committed 15272K, reserved 1048576K
GC Heap History (10 events):
Event: 36965.599 GC heap before
{Heap before GC invocations=475 (full 15):
 PSYoungGen      total 539136K, used 8500K [0x00000000d5580000, 0x00000000f8500000, 0x0000000100000000)
  eden space 514560K, 0% used [0x00000000d5580000,0x00000000d5580000,0x00000000f4c00000)
  from space 24576K, 34% used [0x00000000f6d00000,0x00000000f754d3b0,0x00000000f8500000)
  to   space 29184K, 0% used [0x00000000f4c00000,0x00000000f4c00000,0x00000000f6880000)
 ParOldGen       total 131072K, used 117732K [0x0000000080000000, 0x0000000088000000, 0x00000000d5580000)
  object space 131072K, 89% used [0x0000000080000000,0x00000000872f9248,0x0000000088000000)
 Metaspace       used 110305K, capacity 118512K, committed 118680K, reserved 1153024K
  class space    used 13488K, capacity 14893K, committed 15016K, reserved 1048576K
Event: 36965.756 GC heap after
Heap after GC invocations=475 (full 15):
 PSYoungGen      total 539136K, used 0K [0x00000000d5580000, 0x00000000f8500000, 0x0000000100000000)
  eden space 514560K, 0% used [0x00000000d5580000,0x00000000d5580000,0x00000000f4c00000)
  from space 24576K, 0% used [0x00000000f6d00000,0x00000000f6d00000,0x00000000f8500000)
  to   space 29184K, 0% used [0x00000000f4c00000,0x00000000f4c00000,0x00000000f6880000)
 ParOldGen       total 135168K, used 50511K [0x0000000080000000, 0x0000000088400000, 0x00000000d5580000)
  object space 135168K, 37% used [0x0000000080000000,0x0000000083153ec8,0x0000000088400000)
 Metaspace       used 110305K, capacity 118512K, committed 118680K, reserved 1153024K
  class space    used 13488K, capacity 14893K, committed 15016K, reserved 1048576K
}
Event: 37952.381 GC heap before
{Heap before GC invocations=476 (full 15):
 PSYoungGen      total 539136K, used 514560K [0x00000000d5580000, 0x00000000f8500000, 0x0000000100000000)
  eden space 514560K, 100% used [0x00000000d5580000,0x00000000f4c00000,0x00000000f4c00000)
  from space 24576K, 0% used [0x00000000f6d00000,0x00000000f6d00000,0x00000000f8500000)
  to   space 29184K, 0% used [0x00000000f4c00000,0x00000000f4c00000,0x00000000f6880000)
 ParOldGen       total 135168K, used 50511K [0x0000000080000000, 0x0000000088400000, 0x00000000d5580000)
  object space 135168K, 37% used [0x0000000080000000,0x0000000083153ec8,0x0000000088400000)
 Metaspace       used 110730K, capacity 118948K, committed 119192K, reserved 1153024K
  class space    used 13513K, capacity 14943K, committed 15016K, reserved 1048576K
Event: 37952.442 GC heap after
Heap after GC invocations=476 (full 15):
 PSYoungGen      total 543744K, used 12942K [0x00000000d5580000, 0x00000000fda80000, 0x0000000100000000)
  eden space 514560K, 0% used [0x00000000d5580000,0x00000000d5580000,0x00000000f4c00000)
  from space 29184K, 44% used [0x00000000f4c00000,0x00000000f58a3a20,0x00000000f6880000)
  to   space 28672K, 0% used [0x00000000fbe80000,0x00000000fbe80000,0x00000000fda80000)
 ParOldGen       total 135168K, used 50511K [0x0000000080000000, 0x0000000088400000, 0x00000000d5580000)
  object space 135168K, 37% used [0x0000000080000000,0x0000000083153ec8,0x0000000088400000)
 Metaspace       used 110730K, capacity 118948K, committed 119192K, reserved 1153024K
  class space    used 13513K, capacity 14943K, committed 15016K, reserved 1048576K
}
Event: 38223.875 GC heap before
{Heap before GC invocations=477 (full 15):
 PSYoungGen      total 543744K, used 527502K [0x00000000d5580000, 0x00000000fda80000, 0x0000000100000000)
  eden space 514560K, 100% used [0x00000000d5580000,0x00000000f4c00000,0x00000000f4c00000)
  from space 29184K, 44% used [0x00000000f4c00000,0x00000000f58a3a20,0x00000000f6880000)
  to   space 28672K, 0% used [0x00000000fbe80000,0x00000000fbe80000,0x00000000fda80000)
 ParOldGen       total 135168K, used 50511K [0x0000000080000000, 0x0000000088400000, 0x00000000d5580000)
  object space 135168K, 37% used [0x0000000080000000,0x0000000083153ec8,0x0000000088400000)
 Metaspace       used 111156K, capacity 119364K, committed 119576K, reserved 1153024K
  class space    used 13587K, capacity 15023K, committed 15144K, reserved 1048576K
Event: 38223.893 GC heap after
Heap after GC invocations=477 (full 15):
 PSYoungGen      total 621568K, used 4869K [0x00000000d5580000, 0x00000000fd480000, 0x0000000100000000)
  eden space 599040K, 0% used [0x00000000d5580000,0x00000000d5580000,0x00000000f9e80000)
  from space 22528K, 21% used [0x00000000fbe80000,0x00000000fc341630,0x00000000fd480000)
  to   space 27648K, 0% used [0x00000000f9e80000,0x00000000f9e80000,0x00000000fb980000)
 ParOldGen       total 135168K, used 56163K [0x0000000080000000, 0x0000000088400000, 0x00000000d5580000)
  object space 135168K, 41% used [0x0000000080000000,0x00000000836d8ca8,0x0000000088400000)
 Metaspace       used 111156K, capacity 119364K, committed 119576K, reserved 1153024K
  class space    used 13587K, capacity 15023K, committed 15144K, reserved 1048576K
}
Event: 38522.557 GC heap before
{Heap before GC invocations=478 (full 15):
 PSYoungGen      total 621568K, used 603909K [0x00000000d5580000, 0x00000000fd480000, 0x0000000100000000)
  eden space 599040K, 100% used [0x00000000d5580000,0x00000000f9e80000,0x00000000f9e80000)
  from space 22528K, 21% used [0x00000000fbe80000,0x00000000fc341630,0x00000000fd480000)
  to   space 27648K, 0% used [0x00000000f9e80000,0x00000000f9e80000,0x00000000fb980000)
 ParOldGen       total 135168K, used 56163K [0x0000000080000000, 0x0000000088400000, 0x00000000d5580000)
  object space 135168K, 41% used [0x0000000080000000,0x00000000836d8ca8,0x0000000088400000)
 Metaspace       used 111195K, capacity 119412K, committed 119576K, reserved 1153024K
  class space    used 13591K, capacity 15031K, committed 15144K, reserved 1048576K
Event: 38522.573 GC heap after
Heap after GC invocations=478 (full 15):
 PSYoungGen      total 626688K, used 7559K [0x00000000d5580000, 0x0000000100000000, 0x0000000100000000)
  eden space 599040K, 0% used [0x00000000d5580000,0x00000000d5580000,0x00000000f9e80000)
  from space 27648K, 27% used [0x00000000f9e80000,0x00000000fa5e1c18,0x00000000fb980000)
  to   space 26112K, 0% used [0x00000000fe680000,0x00000000fe680000,0x0000000100000000)
 ParOldGen       total 135168K, used 56339K [0x0000000080000000, 0x0000000088400000, 0x00000000d5580000)
  object space 135168K, 41% used [0x0000000080000000,0x0000000083704ca8,0x0000000088400000)
 Metaspace       used 111195K, capacity 119412K, committed 119576K, reserved 1153024K
  class space    used 13591K, capacity 15031K, committed 15144K, reserved 1048576K
}
Event: 38743.359 GC heap before
{Heap before GC invocations=479 (full 15):
 PSYoungGen      total 626688K, used 606599K [0x00000000d5580000, 0x0000000100000000, 0x0000000100000000)
  eden space 599040K, 100% used [0x00000000d5580000,0x00000000f9e80000,0x00000000f9e80000)
  from space 27648K, 27% used [0x00000000f9e80000,0x00000000fa5e1c18,0x00000000fb980000)
  to   space 26112K, 0% used [0x00000000fe680000,0x00000000fe680000,0x0000000100000000)
 ParOldGen       total 135168K, used 56339K [0x0000000080000000, 0x0000000088400000, 0x00000000d5580000)
  object space 135168K, 41% used [0x0000000080000000,0x0000000083704ca8,0x0000000088400000)
 Metaspace       used 111210K, capacity 119418K, committed 119576K, reserved 1153024K
  class space    used 13591K, capacity 15032K, committed 15144K, reserved 1048576K
Event: 38743.373 GC heap after
Heap after GC invocations=479 (full 15):
 PSYoungGen      total 666624K, used 7857K [0x00000000d5580000, 0x00000000ffb80000, 0x0000000100000000)
  eden space 645120K, 0% used [0x00000000d5580000,0x00000000d5580000,0x00000000fcb80000)
  from space 21504K, 36% used [0x00000000fe680000,0x00000000fee2c510,0x00000000ffb80000)
  to   space 24576K, 0% used [0x00000000fcb80000,0x00000000fcb80000,0x00000000fe380000)
 ParOldGen       total 135168K, used 56427K [0x0000000080000000, 0x0000000088400000, 0x00000000d5580000)
  object space 135168K, 41% used [0x0000000080000000,0x000000008371acb8,0x0000000088400000)
 Metaspace       used 111210K, capacity 119418K, committed 119576K, reserved 1153024K
  class space    used 13591K, capacity 15032K, committed 15144K, reserved 1048576K
}

