# JRE version: OpenJDK Runtime Environment (8.0_242-b01) (build 1.8.0_242-release-1644-b01)
# Java VM: OpenJDK 64-Bit Server VM (25.242-b01 mixed mode windows-amd64 compressed oops)
Heap:
 PSYoungGen      total 307712K, used 64163K [0x00000000d5580000, 0x00000000f4180000, 0x0000000100000000)
  eden space 292352K, 16% used [0x00000000d5580000,0x00000000d8564b60,0x00000000e7300000)
  from space 15360K, 98% used [0x00000000f3280000,0x00000000f41440b8,0x00000000f4180000)
  to   space 25600K, 0% used [0x00000000f0f80000,0x00000000f0f80000,0x00000000f2880000)
 ParOldGen       total 110080K, used 40805K [0x0000000080000000, 0x0000000086b80000, 0x00000000d5580000)
  object space 110080K, 37% used [0x0000000080000000,0x00000000827d9498,0x0000000086b80000)
 Metaspace       used 93516K, capacity 101378K, committed 101656K, reserved 1136640K
  class space    used 12313K, capacity 13580K, committed 13608K, reserved 1048576K
GC Heap History (10 events):
Event: 2648.461 GC heap before
{Heap before GC invocations=22 (full 4):
 PSYoungGen      total 349696K, used 2219K [0x00000000d5580000, 0x00000000f6780000, 0x0000000100000000)
  eden space 347136K, 0% used [0x00000000d5580000,0x00000000d5580000,0x00000000ea880000)
  from space 2560K, 86% used [0x00000000f6500000,0x00000000f672aeb8,0x00000000f6780000)
  to   space 27136K, 0% used [0x00000000f3280000,0x00000000f3280000,0x00000000f4d00000)
 ParOldGen       total 89088K, used 62965K [0x0000000080000000, 0x0000000085700000, 0x00000000d5580000)
  object space 89088K, 70% used [0x0000000080000000,0x0000000083d7d790,0x0000000085700000)
 Metaspace       used 91628K, capacity 98540K, committed 98600K, reserved 1134592K
  class space    used 12155K, capacity 13293K, committed 13352K, reserved 1048576K
Event: 2648.772 GC heap after
Heap after GC invocations=22 (full 4):
 PSYoungGen      total 349696K, used 0K [0x00000000d5580000, 0x00000000f6780000, 0x0000000100000000)
  eden space 347136K, 0% used [0x00000000d5580000,0x00000000d5580000,0x00000000ea880000)
  from space 2560K, 0% used [0x00000000f6500000,0x00000000f6500000,0x00000000f6780000)
  to   space 27136K, 0% used [0x00000000f3280000,0x00000000f3280000,0x00000000f4d00000)
 ParOldGen       total 110080K, used 40773K [0x0000000080000000, 0x0000000086b80000, 0x00000000d5580000)
  object space 110080K, 37% used [0x0000000080000000,0x00000000827d1498,0x0000000086b80000)
 Metaspace       used 91477K, capacity 98280K, committed 98600K, reserved 1134592K
  class space    used 12123K, capacity 13233K, committed 13352K, reserved 1048576K
}
Event: 2705.905 GC heap before
{Heap before GC invocations=23 (full 4):
 PSYoungGen      total 349696K, used 347136K [0x00000000d5580000, 0x00000000f6780000, 0x0000000100000000)
  eden space 347136K, 100% used [0x00000000d5580000,0x00000000ea880000,0x00000000ea880000)
  from space 2560K, 0% used [0x00000000f6500000,0x00000000f6500000,0x00000000f6780000)
  to   space 27136K, 0% used [0x00000000f3280000,0x00000000f3280000,0x00000000f4d00000)
 ParOldGen       total 110080K, used 40773K [0x0000000080000000, 0x0000000086b80000, 0x00000000d5580000)
  object space 110080K, 37% used [0x0000000080000000,0x00000000827d1498,0x0000000086b80000)
 Metaspace       used 92673K, capacity 100524K, committed 100632K, reserved 1136640K
  class space    used 12296K, capacity 13551K, committed 13608K, reserved 1048576K
Event: 2705.942 GC heap after
Heap after GC invocations=23 (full 4):
 PSYoungGen      total 349184K, used 16444K [0x00000000d5580000, 0x00000000f6580000, 0x0000000100000000)
  eden space 332288K, 0% used [0x00000000d5580000,0x00000000d5580000,0x00000000e9a00000)
  from space 16896K, 97% used [0x00000000f3280000,0x00000000f428f060,0x00000000f4300000)
  to   space 27136K, 0% used [0x00000000f4b00000,0x00000000f4b00000,0x00000000f6580000)
 ParOldGen       total 110080K, used 40781K [0x0000000080000000, 0x0000000086b80000, 0x00000000d5580000)
  object space 110080K, 37% used [0x0000000080000000,0x00000000827d3498,0x0000000086b80000)
 Metaspace       used 92673K, capacity 100524K, committed 100632K, reserved 1136640K
  class space    used 12296K, capacity 13551K, committed 13608K, reserved 1048576K
}
Event: 2797.934 GC heap before
{Heap before GC invocations=24 (full 4):
 PSYoungGen      total 349184K, used 348732K [0x00000000d5580000, 0x00000000f6580000, 0x0000000100000000)
  eden space 332288K, 100% used [0x00000000d5580000,0x00000000e9a00000,0x00000000e9a00000)
  from space 16896K, 97% used [0x00000000f3280000,0x00000000f428f060,0x00000000f4300000)
  to   space 27136K, 0% used [0x00000000f4b00000,0x00000000f4b00000,0x00000000f6580000)
 ParOldGen       total 110080K, used 40781K [0x0000000080000000, 0x0000000086b80000, 0x00000000d5580000)
  object space 110080K, 37% used [0x0000000080000000,0x00000000827d3498,0x0000000086b80000)
 Metaspace       used 92865K, capacity 100662K, committed 100888K, reserved 1136640K
  class space    used 12298K, capacity 13552K, committed 13608K, reserved 1048576K
Event: 2797.961 GC heap after
Heap after GC invocations=24 (full 4):
 PSYoungGen      total 332800K, used 13858K [0x00000000d5580000, 0x00000000f5900000, 0x0000000100000000)
  eden space 318464K, 0% used [0x00000000d5580000,0x00000000d5580000,0x00000000e8c80000)
  from space 14336K, 96% used [0x00000000f4b00000,0x00000000f58888a8,0x00000000f5900000)
  to   space 26624K, 0% used [0x00000000f2500000,0x00000000f2500000,0x00000000f3f00000)
 ParOldGen       total 110080K, used 40789K [0x0000000080000000, 0x0000000086b80000, 0x00000000d5580000)
  object space 110080K, 37% used [0x0000000080000000,0x00000000827d5498,0x0000000086b80000)
 Metaspace       used 92865K, capacity 100662K, committed 100888K, reserved 1136640K
  class space    used 12298K, capacity 13552K, committed 13608K, reserved 1048576K
}
Event: 2918.143 GC heap before
{Heap before GC invocations=25 (full 4):
 PSYoungGen      total 332800K, used 332322K [0x00000000d5580000, 0x00000000f5900000, 0x0000000100000000)
  eden space 318464K, 100% used [0x00000000d5580000,0x00000000e8c80000,0x00000000e8c80000)
  from space 14336K, 96% used [0x00000000f4b00000,0x00000000f58888a8,0x00000000f5900000)
  to   space 26624K, 0% used [0x00000000f2500000,0x00000000f2500000,0x00000000f3f00000)
 ParOldGen       total 110080K, used 40789K [0x0000000080000000, 0x0000000086b80000, 0x00000000d5580000)
  object space 110080K, 37% used [0x0000000080000000,0x00000000827d5498,0x0000000086b80000)
 Metaspace       used 93222K, capacity 101110K, committed 101144K, reserved 1136640K
  class space    used 12313K, capacity 13580K, committed 13608K, reserved 1048576K
Event: 2918.157 GC heap after
Heap after GC invocations=25 (full 4):
 PSYoungGen      total 313856K, used 8348K [0x00000000d5580000, 0x00000000f4b80000, 0x0000000100000000)
  eden space 305152K, 0% used [0x00000000d5580000,0x00000000d5580000,0x00000000e7f80000)
  from space 8704K, 95% used [0x00000000f2500000,0x00000000f2d27050,0x00000000f2d80000)
  to   space 25600K, 0% used [0x00000000f3280000,0x00000000f3280000,0x00000000f4b80000)
 ParOldGen       total 110080K, used 40797K [0x0000000080000000, 0x0000000086b80000, 0x00000000d5580000)
  object space 110080K, 37% used [0x0000000080000000,0x00000000827d7498,0x0000000086b80000)
 Metaspace       used 93222K, capacity 101110K, committed 101144K, reserved 1136640K
  class space    used 12313K, capacity 13580K, committed 13608K, reserved 1048576K
}
Event: 2997.803 GC heap before
{Heap before GC invocations=26 (full 4):
 PSYoungGen      total 313856K, used 313500K [0x00000000d5580000, 0x00000000f4b80000, 0x0000000100000000)
  eden space 305152K, 100% used [0x00000000d5580000,0x00000000e7f80000,0x00000000e7f80000)
  from space 8704K, 95% used [0x00000000f2500000,0x00000000f2d27050,0x00000000f2d80000)
  to   space 25600K, 0% used [0x00000000f3280000,0x00000000f3280000,0x00000000f4b80000)
 ParOldGen       total 110080K, used 40797K [0x0000000080000000, 0x0000000086b80000, 0x00000000d5580000)
  object space 110080K, 37% used [0x0000000080000000,0x00000000827d7498,0x0000000086b80000)
 Metaspace       used 93492K, capacity 101378K, committed 101656K, reserved 1136640K
  class space    used 12313K, capacity 13580K, committed 13608K, reserved 1048576K
Event: 2997.823 GC heap after
Heap after GC invocations=26 (full 4):
 PSYoungGen      total 307712K, used 15120K [0x00000000d5580000, 0x00000000f4180000, 0x0000000100000000)
  eden space 292352K, 0% used [0x00000000d5580000,0x00000000d5580000,0x00000000e7300000)
  from space 15360K, 98% used [0x00000000f3280000,0x00000000f41440b8,0x00000000f4180000)
  to   space 25600K, 0% used [0x00000000f0f80000,0x00000000f0f80000,0x00000000f2880000)
 ParOldGen       total 110080K, used 40805K [0x0000000080000000, 0x0000000086b80000, 0x00000000d5580000)
  object space 110080K, 37% used [0x0000000080000000,0x00000000827d9498,0x0000000086b80000)
 Metaspace       used 93492K, capacity 101378K, committed 101656K, reserved 1136640K
  class space    used 12313K, capacity 13580K, committed 13608K, reserved 1048576K
}

