# JRE version: OpenJDK Runtime Environment (8.0_242-b01) (build 1.8.0_242-release-1644-b01)
# Java VM: OpenJDK 64-Bit Server VM (25.242-b01 mixed mode windows-amd64 compressed oops)
Heap:
 PSYoungGen      total 648704K, used 466217K [0x00000000d5580000, 0x00000000ffe00000, 0x0000000100000000)
  eden space 640000K, 71% used [0x00000000d5580000,0x00000000f14c2528,0x00000000fc680000)
  from space 8704K, 94% used [0x00000000fc680000,0x00000000fce88128,0x00000000fcf00000)
  to   space 28160K, 0% used [0x00000000fe280000,0x00000000fe280000,0x00000000ffe00000)
 ParOldGen       total 129536K, used 45716K [0x0000000080000000, 0x0000000087e80000, 0x00000000d5580000)
  object space 129536K, 35% used [0x0000000080000000,0x0000000082ca5130,0x0000000087e80000)
 Metaspace       used 105494K, capacity 113840K, committed 114072K, reserved 1148928K
  class space    used 13572K, capacity 14927K, committed 15016K, reserved 1048576K
GC Heap History (10 events):
Event: 3862.680 GC heap before
{Heap before GC invocations=20 (full 4):
 PSYoungGen      total 666624K, used 519116K [0x00000000d5580000, 0x00000000ffe00000, 0x0000000100000000)
  eden space 635392K, 79% used [0x00000000d5580000,0x00000000f431cef8,0x00000000fc200000)
  from space 31232K, 43% used [0x00000000fc200000,0x00000000fcf56150,0x00000000fe080000)
  to   space 29696K, 0% used [0x00000000fe100000,0x00000000fe100000,0x00000000ffe00000)
 ParOldGen       total 129536K, used 63949K [0x0000000080000000, 0x0000000087e80000, 0x00000000d5580000)
  object space 129536K, 49% used [0x0000000080000000,0x0000000083e73698,0x0000000087e80000)
 Metaspace       used 102563K, capacity 108980K, committed 109208K, reserved 1144832K
  class space    used 13306K, capacity 14438K, committed 14504K, reserved 1048576K
Event: 3862.698 GC heap after
Heap after GC invocations=20 (full 4):
 PSYoungGen      total 666112K, used 5438K [0x00000000d5580000, 0x00000000ffd00000, 0x0000000100000000)
  eden space 637440K, 0% used [0x00000000d5580000,0x00000000d5580000,0x00000000fc400000)
  from space 28672K, 18% used [0x00000000fe100000,0x00000000fe64f8f8,0x00000000ffd00000)
  to   space 29184K, 0% used [0x00000000fc400000,0x00000000fc400000,0x00000000fe080000)
 ParOldGen       total 129536K, used 64977K [0x0000000080000000, 0x0000000087e80000, 0x00000000d5580000)
  object space 129536K, 50% used [0x0000000080000000,0x0000000083f746c8,0x0000000087e80000)
 Metaspace       used 102563K, capacity 108980K, committed 109208K, reserved 1144832K
  class space    used 13306K, capacity 14438K, committed 14504K, reserved 1048576K
}
Event: 3862.698 GC heap before
{Heap before GC invocations=21 (full 5):
 PSYoungGen      total 666112K, used 5438K [0x00000000d5580000, 0x00000000ffd00000, 0x0000000100000000)
  eden space 637440K, 0% used [0x00000000d5580000,0x00000000d5580000,0x00000000fc400000)
  from space 28672K, 18% used [0x00000000fe100000,0x00000000fe64f8f8,0x00000000ffd00000)
  to   space 29184K, 0% used [0x00000000fc400000,0x00000000fc400000,0x00000000fe080000)
 ParOldGen       total 129536K, used 64977K [0x0000000080000000, 0x0000000087e80000, 0x00000000d5580000)
  object space 129536K, 50% used [0x0000000080000000,0x0000000083f746c8,0x0000000087e80000)
 Metaspace       used 102563K, capacity 108980K, committed 109208K, reserved 1144832K
  class space    used 13306K, capacity 14438K, committed 14504K, reserved 1048576K
Event: 3863.031 GC heap after
Heap after GC invocations=21 (full 5):
 PSYoungGen      total 666112K, used 0K [0x00000000d5580000, 0x00000000ffd00000, 0x0000000100000000)
  eden space 637440K, 0% used [0x00000000d5580000,0x00000000d5580000,0x00000000fc400000)
  from space 28672K, 0% used [0x00000000fe100000,0x00000000fe100000,0x00000000ffd00000)
  to   space 29184K, 0% used [0x00000000fc400000,0x00000000fc400000,0x00000000fe080000)
 ParOldGen       total 129536K, used 37712K [0x0000000080000000, 0x0000000087e80000, 0x00000000d5580000)
  object space 129536K, 29% used [0x0000000080000000,0x00000000824d4370,0x0000000087e80000)
 Metaspace       used 100537K, capacity 105546K, committed 109208K, reserved 1144832K
  class space    used 12946K, capacity 13812K, committed 14504K, reserved 1048576K
}
Event: 4924.830 GC heap before
{Heap before GC invocations=22 (full 5):
 PSYoungGen      total 666112K, used 637440K [0x00000000d5580000, 0x00000000ffd00000, 0x0000000100000000)
  eden space 637440K, 100% used [0x00000000d5580000,0x00000000fc400000,0x00000000fc400000)
  from space 28672K, 0% used [0x00000000fe100000,0x00000000fe100000,0x00000000ffd00000)
  to   space 29184K, 0% used [0x00000000fc400000,0x00000000fc400000,0x00000000fe080000)
 ParOldGen       total 129536K, used 37712K [0x0000000080000000, 0x0000000087e80000, 0x00000000d5580000)
  object space 129536K, 29% used [0x0000000080000000,0x00000000824d4370,0x0000000087e80000)
 Metaspace       used 103548K, capacity 110842K, committed 111256K, reserved 1146880K
  class space    used 13393K, capacity 14584K, committed 14760K, reserved 1048576K
Event: 4924.874 GC heap after
Heap after GC invocations=22 (full 5):
 PSYoungGen      total 666624K, used 18916K [0x00000000d5580000, 0x0000000100000000, 0x0000000100000000)
  eden space 637440K, 0% used [0x00000000d5580000,0x00000000d5580000,0x00000000fc400000)
  from space 29184K, 64% used [0x00000000fc400000,0x00000000fd6792d0,0x00000000fe080000)
  to   space 29696K, 0% used [0x00000000fe300000,0x00000000fe300000,0x0000000100000000)
 ParOldGen       total 129536K, used 37720K [0x0000000080000000, 0x0000000087e80000, 0x00000000d5580000)
  object space 129536K, 29% used [0x0000000080000000,0x00000000824d6370,0x0000000087e80000)
 Metaspace       used 103548K, capacity 110842K, committed 111256K, reserved 1146880K
  class space    used 13393K, capacity 14584K, committed 14760K, reserved 1048576K
}
Event: 5970.032 GC heap before
{Heap before GC invocations=23 (full 5):
 PSYoungGen      total 666624K, used 656356K [0x00000000d5580000, 0x0000000100000000, 0x0000000100000000)
  eden space 637440K, 100% used [0x00000000d5580000,0x00000000fc400000,0x00000000fc400000)
  from space 29184K, 64% used [0x00000000fc400000,0x00000000fd6792d0,0x00000000fe080000)
  to   space 29696K, 0% used [0x00000000fe300000,0x00000000fe300000,0x0000000100000000)
 ParOldGen       total 129536K, used 37720K [0x0000000080000000, 0x0000000087e80000, 0x00000000d5580000)
  object space 129536K, 29% used [0x0000000080000000,0x00000000824d6370,0x0000000087e80000)
 Metaspace       used 104449K, capacity 112142K, committed 112408K, reserved 1146880K
  class space    used 13473K, capacity 14730K, committed 14888K, reserved 1048576K
Event: 5970.053 GC heap after
Heap after GC invocations=23 (full 5):
 PSYoungGen      total 669184K, used 8079K [0x00000000d5580000, 0x00000000fff80000, 0x0000000100000000)
  eden space 640000K, 0% used [0x00000000d5580000,0x00000000d5580000,0x00000000fc680000)
  from space 29184K, 27% used [0x00000000fe300000,0x00000000feae3d08,0x00000000fff80000)
  to   space 29184K, 0% used [0x00000000fc680000,0x00000000fc680000,0x00000000fe300000)
 ParOldGen       total 129536K, used 45353K [0x0000000080000000, 0x0000000087e80000, 0x00000000d5580000)
  object space 129536K, 35% used [0x0000000080000000,0x0000000082c4a408,0x0000000087e80000)
 Metaspace       used 104449K, capacity 112142K, committed 112408K, reserved 1146880K
  class space    used 13473K, capacity 14730K, committed 14888K, reserved 1048576K
}
Event: 6155.108 GC heap before
{Heap before GC invocations=24 (full 5):
 PSYoungGen      total 669184K, used 648079K [0x00000000d5580000, 0x00000000fff80000, 0x0000000100000000)
  eden space 640000K, 100% used [0x00000000d5580000,0x00000000fc680000,0x00000000fc680000)
  from space 29184K, 27% used [0x00000000fe300000,0x00000000feae3d08,0x00000000fff80000)
  to   space 29184K, 0% used [0x00000000fc680000,0x00000000fc680000,0x00000000fe300000)
 ParOldGen       total 129536K, used 45353K [0x0000000080000000, 0x0000000087e80000, 0x00000000d5580000)
  object space 129536K, 35% used [0x0000000080000000,0x0000000082c4a408,0x0000000087e80000)
 Metaspace       used 104794K, capacity 112480K, committed 112664K, reserved 1146880K
  class space    used 13483K, capacity 14767K, committed 14888K, reserved 1048576K
Event: 6155.122 GC heap after
Heap after GC invocations=24 (full 5):
 PSYoungGen      total 648704K, used 8224K [0x00000000d5580000, 0x00000000ffe00000, 0x0000000100000000)
  eden space 640000K, 0% used [0x00000000d5580000,0x00000000d5580000,0x00000000fc680000)
  from space 8704K, 94% used [0x00000000fc680000,0x00000000fce88128,0x00000000fcf00000)
  to   space 28160K, 0% used [0x00000000fe280000,0x00000000fe280000,0x00000000ffe00000)
 ParOldGen       total 129536K, used 45716K [0x0000000080000000, 0x0000000087e80000, 0x00000000d5580000)
  object space 129536K, 35% used [0x0000000080000000,0x0000000082ca5130,0x0000000087e80000)
 Metaspace       used 104794K, capacity 112480K, committed 112664K, reserved 1146880K
  class space    used 13483K, capacity 14767K, committed 14888K, reserved 1048576K
}

