# JRE version: OpenJDK Runtime Environment (8.0_242-b01) (build 1.8.0_242-release-1644-b01)
# Java VM: OpenJDK 64-Bit Server VM (25.242-b01 mixed mode windows-amd64 compressed oops)
Heap:
 PSYoungGen      total 236032K, used 139554K [0x00000000d5580000, 0x00000000e5880000, 0x0000000100000000)
  eden space 209920K, 59% used [0x00000000d5580000,0x00000000dcf66e50,0x00000000e2280000)
  from space 26112K, 56% used [0x00000000e3f00000,0x00000000e4d61d10,0x00000000e5880000)
  to   space 27648K, 0% used [0x00000000e2280000,0x00000000e2280000,0x00000000e3d80000)
 ParOldGen       total 215040K, used 73748K [0x0000000080000000, 0x000000008d200000, 0x00000000d5580000)
  object space 215040K, 34% used [0x0000000080000000,0x0000000084805090,0x000000008d200000)
 Metaspace       used 108153K, capacity 112766K, committed 112808K, reserved 1146880K
  class space    used 13821K, capacity 14754K, committed 14760K, reserved 1048576K
GC Heap History (10 events):
Event: 75.276 GC heap before
{Heap before GC invocations=22 (full 3):
 PSYoungGen      total 187904K, used 187888K [0x00000000d5580000, 0x00000000e2880000, 0x0000000100000000)
  eden space 170496K, 99% used [0x00000000d5580000,0x00000000dfbfd7d8,0x00000000dfc00000)
  from space 17408K, 99% used [0x00000000e1000000,0x00000000e20fe858,0x00000000e2100000)
  to   space 20480K, 0% used [0x00000000dfc00000,0x00000000dfc00000,0x00000000e1000000)
 ParOldGen       total 128000K, used 40683K [0x0000000080000000, 0x0000000087d00000, 0x00000000d5580000)
  object space 128000K, 31% used [0x0000000080000000,0x00000000827bafb0,0x0000000087d00000)
 Metaspace       used 87647K, capacity 90806K, committed 90920K, reserved 1128448K
  class space    used 11360K, capacity 12010K, committed 12072K, reserved 1048576K
Event: 75.338 GC heap after
Heap after GC invocations=22 (full 3):
 PSYoungGen      total 190976K, used 20458K [0x00000000d5580000, 0x00000000e4c80000, 0x0000000100000000)
  eden space 170496K, 0% used [0x00000000d5580000,0x00000000d5580000,0x00000000dfc00000)
  from space 20480K, 99% used [0x00000000dfc00000,0x00000000e0ffa938,0x00000000e1000000)
  to   space 29184K, 0% used [0x00000000e3000000,0x00000000e3000000,0x00000000e4c80000)
 ParOldGen       total 128000K, used 56247K [0x0000000080000000, 0x0000000087d00000, 0x00000000d5580000)
  object space 128000K, 43% used [0x0000000080000000,0x00000000836edda8,0x0000000087d00000)
 Metaspace       used 87647K, capacity 90806K, committed 90920K, reserved 1128448K
  class space    used 11360K, capacity 12010K, committed 12072K, reserved 1048576K
}
Event: 91.145 GC heap before
{Heap before GC invocations=23 (full 3):
 PSYoungGen      total 190976K, used 190954K [0x00000000d5580000, 0x00000000e4c80000, 0x0000000100000000)
  eden space 170496K, 100% used [0x00000000d5580000,0x00000000dfc00000,0x00000000dfc00000)
  from space 20480K, 99% used [0x00000000dfc00000,0x00000000e0ffa938,0x00000000e1000000)
  to   space 29184K, 0% used [0x00000000e3000000,0x00000000e3000000,0x00000000e4c80000)
 ParOldGen       total 128000K, used 56247K [0x0000000080000000, 0x0000000087d00000, 0x00000000d5580000)
  object space 128000K, 43% used [0x0000000080000000,0x00000000836edda8,0x0000000087d00000)
 Metaspace       used 89980K, capacity 93108K, committed 93480K, reserved 1130496K
  class space    used 11584K, capacity 12225K, committed 12328K, reserved 1048576K
Event: 91.170 GC heap after
Heap after GC invocations=23 (full 3):
 PSYoungGen      total 214528K, used 7478K [0x00000000d5580000, 0x00000000e4700000, 0x0000000100000000)
  eden space 190976K, 0% used [0x00000000d5580000,0x00000000d5580000,0x00000000e1000000)
  from space 23552K, 31% used [0x00000000e3000000,0x00000000e374d838,0x00000000e4700000)
  to   space 28160K, 0% used [0x00000000e1000000,0x00000000e1000000,0x00000000e2b80000)
 ParOldGen       total 128000K, used 64833K [0x0000000080000000, 0x0000000087d00000, 0x00000000d5580000)
  object space 128000K, 50% used [0x0000000080000000,0x0000000083f50430,0x0000000087d00000)
 Metaspace       used 89980K, capacity 93108K, committed 93480K, reserved 1130496K
  class space    used 11584K, capacity 12225K, committed 12328K, reserved 1048576K
}
Event: 99.550 GC heap before
{Heap before GC invocations=24 (full 3):
 PSYoungGen      total 214528K, used 110448K [0x00000000d5580000, 0x00000000e4700000, 0x0000000100000000)
  eden space 190976K, 53% used [0x00000000d5580000,0x00000000dba0e990,0x00000000e1000000)
  from space 23552K, 31% used [0x00000000e3000000,0x00000000e374d838,0x00000000e4700000)
  to   space 28160K, 0% used [0x00000000e1000000,0x00000000e1000000,0x00000000e2b80000)
 ParOldGen       total 128000K, used 64833K [0x0000000080000000, 0x0000000087d00000, 0x00000000d5580000)
  object space 128000K, 50% used [0x0000000080000000,0x0000000083f50430,0x0000000087d00000)
 Metaspace       used 94949K, capacity 98486K, committed 98600K, reserved 1134592K
  class space    used 12227K, capacity 12938K, committed 12968K, reserved 1048576K
Event: 99.570 GC heap after
Heap after GC invocations=24 (full 3):
 PSYoungGen      total 219136K, used 16372K [0x00000000d5580000, 0x00000000e5a80000, 0x0000000100000000)
  eden space 190976K, 0% used [0x00000000d5580000,0x00000000d5580000,0x00000000e1000000)
  from space 28160K, 58% used [0x00000000e1000000,0x00000000e1ffd0d0,0x00000000e2b80000)
  to   space 28160K, 0% used [0x00000000e3f00000,0x00000000e3f00000,0x00000000e5a80000)
 ParOldGen       total 128000K, used 64833K [0x0000000080000000, 0x0000000087d00000, 0x00000000d5580000)
  object space 128000K, 50% used [0x0000000080000000,0x0000000083f50430,0x0000000087d00000)
 Metaspace       used 94949K, capacity 98486K, committed 98600K, reserved 1134592K
  class space    used 12227K, capacity 12938K, committed 12968K, reserved 1048576K
}
Event: 99.570 GC heap before
{Heap before GC invocations=25 (full 4):
 PSYoungGen      total 219136K, used 16372K [0x00000000d5580000, 0x00000000e5a80000, 0x0000000100000000)
  eden space 190976K, 0% used [0x00000000d5580000,0x00000000d5580000,0x00000000e1000000)
  from space 28160K, 58% used [0x00000000e1000000,0x00000000e1ffd0d0,0x00000000e2b80000)
  to   space 28160K, 0% used [0x00000000e3f00000,0x00000000e3f00000,0x00000000e5a80000)
 ParOldGen       total 128000K, used 64833K [0x0000000080000000, 0x0000000087d00000, 0x00000000d5580000)
  object space 128000K, 50% used [0x0000000080000000,0x0000000083f50430,0x0000000087d00000)
 Metaspace       used 94949K, capacity 98486K, committed 98600K, reserved 1134592K
  class space    used 12227K, capacity 12938K, committed 12968K, reserved 1048576K
Event: 99.946 GC heap after
Heap after GC invocations=25 (full 4):
 PSYoungGen      total 219136K, used 0K [0x00000000d5580000, 0x00000000e5a80000, 0x0000000100000000)
  eden space 190976K, 0% used [0x00000000d5580000,0x00000000d5580000,0x00000000e1000000)
  from space 28160K, 0% used [0x00000000e1000000,0x00000000e1000000,0x00000000e2b80000)
  to   space 28160K, 0% used [0x00000000e3f00000,0x00000000e3f00000,0x00000000e5a80000)
 ParOldGen       total 215040K, used 73740K [0x0000000080000000, 0x000000008d200000, 0x00000000d5580000)
  object space 215040K, 34% used [0x0000000080000000,0x0000000084803090,0x000000008d200000)
 Metaspace       used 94918K, capacity 98404K, committed 98600K, reserved 1134592K
  class space    used 12216K, capacity 12919K, committed 12968K, reserved 1048576K
}
Event: 184.927 GC heap before
{Heap before GC invocations=26 (full 4):
 PSYoungGen      total 219136K, used 190976K [0x00000000d5580000, 0x00000000e5a80000, 0x0000000100000000)
  eden space 190976K, 100% used [0x00000000d5580000,0x00000000e1000000,0x00000000e1000000)
  from space 28160K, 0% used [0x00000000e1000000,0x00000000e1000000,0x00000000e2b80000)
  to   space 28160K, 0% used [0x00000000e3f00000,0x00000000e3f00000,0x00000000e5a80000)
 ParOldGen       total 215040K, used 73740K [0x0000000080000000, 0x000000008d200000, 0x00000000d5580000)
  object space 215040K, 34% used [0x0000000080000000,0x0000000084803090,0x000000008d200000)
 Metaspace       used 107775K, capacity 112298K, committed 112552K, reserved 1146880K
  class space    used 13815K, capacity 14744K, committed 14760K, reserved 1048576K
Event: 184.953 GC heap after
Heap after GC invocations=26 (full 4):
 PSYoungGen      total 236032K, used 14727K [0x00000000d5580000, 0x00000000e5880000, 0x0000000100000000)
  eden space 209920K, 0% used [0x00000000d5580000,0x00000000d5580000,0x00000000e2280000)
  from space 26112K, 56% used [0x00000000e3f00000,0x00000000e4d61d10,0x00000000e5880000)
  to   space 27648K, 0% used [0x00000000e2280000,0x00000000e2280000,0x00000000e3d80000)
 ParOldGen       total 215040K, used 73748K [0x0000000080000000, 0x000000008d200000, 0x00000000d5580000)
  object space 215040K, 34% used [0x0000000080000000,0x0000000084805090,0x000000008d200000)
 Metaspace       used 107775K, capacity 112298K, committed 112552K, reserved 1146880K
  class space    used 13815K, capacity 14744K, committed 14760K, reserved 1048576K
}

