# JRE version: OpenJDK Runtime Environment (8.0_242-b01) (build 1.8.0_242-release-1644-b01)
# Java VM: OpenJDK 64-Bit Server VM (25.242-b01 mixed mode windows-amd64 compressed oops)
Heap:
 PSYoungGen      total 629760K, used 365351K [0x00000000d5580000, 0x00000000ff680000, 0x0000000100000000)
  eden space 573440K, 63% used [0x00000000d5580000,0x00000000eba49c10,0x00000000f8580000)
  from space 56320K, 0% used [0x00000000fbf80000,0x00000000fbf80000,0x00000000ff680000)
  to   space 57856K, 0% used [0x00000000f8580000,0x00000000f8580000,0x00000000fbe00000)
 ParOldGen       total 190464K, used 48144K [0x0000000080000000, 0x000000008ba00000, 0x00000000d5580000)
  object space 190464K, 25% used [0x0000000080000000,0x0000000082f04110,0x000000008ba00000)
 Metaspace       used 117388K, capacity 126514K, committed 127000K, reserved 1159168K
  class space    used 14698K, capacity 16168K, committed 16432K, reserved 1048576K
GC Heap History (10 events):
Event: 28869.088 GC heap before
{Heap before GC invocations=49 (full 12):
 PSYoungGen      total 633344K, used 566272K [0x00000000d5580000, 0x0000000100000000, 0x0000000100000000)
  eden space 566272K, 100% used [0x00000000d5580000,0x00000000f7e80000,0x00000000f7e80000)
  from space 67072K, 0% used [0x00000000fbe80000,0x00000000fbe80000,0x0000000100000000)
  to   space 65536K, 0% used [0x00000000f7e80000,0x00000000f7e80000,0x00000000fbe80000)
 ParOldGen       total 190464K, used 51981K [0x0000000080000000, 0x000000008ba00000, 0x00000000d5580000)
  object space 190464K, 27% used [0x0000000080000000,0x00000000832c34d8,0x000000008ba00000)
 Metaspace       used 116105K, capacity 124296K, committed 125592K, reserved 1159168K
  class space    used 14562K, capacity 15919K, committed 16304K, reserved 1048576K
Event: 28869.100 GC heap after
Heap after GC invocations=49 (full 12):
 PSYoungGen      total 576512K, used 9766K [0x00000000d5580000, 0x00000000ffb80000, 0x0000000100000000)
  eden space 566272K, 0% used [0x00000000d5580000,0x00000000d5580000,0x00000000f7e80000)
  from space 10240K, 95% used [0x00000000f7e80000,0x00000000f8809970,0x00000000f8880000)
  to   space 64000K, 0% used [0x00000000fbd00000,0x00000000fbd00000,0x00000000ffb80000)
 ParOldGen       total 190464K, used 51989K [0x0000000080000000, 0x000000008ba00000, 0x00000000d5580000)
  object space 190464K, 27% used [0x0000000080000000,0x00000000832c54d8,0x000000008ba00000)
 Metaspace       used 116105K, capacity 124296K, committed 125592K, reserved 1159168K
  class space    used 14562K, capacity 15919K, committed 16304K, reserved 1048576K
}
Event: 29536.660 GC heap before
{Heap before GC invocations=50 (full 12):
 PSYoungGen      total 576512K, used 576038K [0x00000000d5580000, 0x00000000ffb80000, 0x0000000100000000)
  eden space 566272K, 100% used [0x00000000d5580000,0x00000000f7e80000,0x00000000f7e80000)
  from space 10240K, 95% used [0x00000000f7e80000,0x00000000f8809970,0x00000000f8880000)
  to   space 64000K, 0% used [0x00000000fbd00000,0x00000000fbd00000,0x00000000ffb80000)
 ParOldGen       total 190464K, used 51989K [0x0000000080000000, 0x000000008ba00000, 0x00000000d5580000)
  object space 190464K, 27% used [0x0000000080000000,0x00000000832c54d8,0x000000008ba00000)
 Metaspace       used 116611K, capacity 125312K, committed 125592K, reserved 1159168K
  class space    used 14642K, capacity 16065K, committed 16304K, reserved 1048576K
Event: 29536.700 GC heap after
Heap after GC invocations=50 (full 12):
 PSYoungGen      total 632832K, used 14226K [0x00000000d5580000, 0x0000000100000000, 0x0000000100000000)
  eden space 568832K, 0% used [0x00000000d5580000,0x00000000d5580000,0x00000000f8100000)
  from space 64000K, 22% used [0x00000000fbd00000,0x00000000fcae49c0,0x00000000ffb80000)
  to   space 61440K, 0% used [0x00000000f8100000,0x00000000f8100000,0x00000000fbd00000)
 ParOldGen       total 190464K, used 51997K [0x0000000080000000, 0x000000008ba00000, 0x00000000d5580000)
  object space 190464K, 27% used [0x0000000080000000,0x00000000832c74d8,0x000000008ba00000)
 Metaspace       used 116611K, capacity 125312K, committed 125592K, reserved 1159168K
  class space    used 14642K, capacity 16065K, committed 16304K, reserved 1048576K
}
Event: 30436.653 GC heap before
{Heap before GC invocations=51 (full 12):
 PSYoungGen      total 632832K, used 583058K [0x00000000d5580000, 0x0000000100000000, 0x0000000100000000)
  eden space 568832K, 100% used [0x00000000d5580000,0x00000000f8100000,0x00000000f8100000)
  from space 64000K, 22% used [0x00000000fbd00000,0x00000000fcae49c0,0x00000000ffb80000)
  to   space 61440K, 0% used [0x00000000f8100000,0x00000000f8100000,0x00000000fbd00000)
 ParOldGen       total 190464K, used 51997K [0x0000000080000000, 0x000000008ba00000, 0x00000000d5580000)
  object space 190464K, 27% used [0x0000000080000000,0x00000000832c74d8,0x000000008ba00000)
 Metaspace       used 117219K, capacity 126378K, committed 126744K, reserved 1159168K
  class space    used 14708K, capacity 16188K, committed 16432K, reserved 1048576K
Event: 30436.682 GC heap after
Heap after GC invocations=51 (full 12):
 PSYoungGen      total 630272K, used 11238K [0x00000000d5580000, 0x00000000ff980000, 0x0000000100000000)
  eden space 568832K, 0% used [0x00000000d5580000,0x00000000d5580000,0x00000000f8100000)
  from space 61440K, 18% used [0x00000000f8100000,0x00000000f8bf9b78,0x00000000fbd00000)
  to   space 59392K, 0% used [0x00000000fbf80000,0x00000000fbf80000,0x00000000ff980000)
 ParOldGen       total 190464K, used 52005K [0x0000000080000000, 0x000000008ba00000, 0x00000000d5580000)
  object space 190464K, 27% used [0x0000000080000000,0x00000000832c94d8,0x000000008ba00000)
 Metaspace       used 117219K, capacity 126378K, committed 126744K, reserved 1159168K
  class space    used 14708K, capacity 16188K, committed 16432K, reserved 1048576K
}
Event: 31608.986 GC heap before
{Heap before GC invocations=52 (full 12):
 PSYoungGen      total 630272K, used 473853K [0x00000000d5580000, 0x00000000ff980000, 0x0000000100000000)
  eden space 568832K, 81% used [0x00000000d5580000,0x00000000f1945c40,0x00000000f8100000)
  from space 61440K, 18% used [0x00000000f8100000,0x00000000f8bf9b78,0x00000000fbd00000)
  to   space 59392K, 0% used [0x00000000fbf80000,0x00000000fbf80000,0x00000000ff980000)
 ParOldGen       total 190464K, used 52005K [0x0000000080000000, 0x000000008ba00000, 0x00000000d5580000)
  object space 190464K, 27% used [0x0000000080000000,0x00000000832c94d8,0x000000008ba00000)
 Metaspace       used 117375K, capacity 126506K, committed 127000K, reserved 1159168K
  class space    used 14708K, capacity 16188K, committed 16432K, reserved 1048576K
Event: 31609.038 GC heap after
Heap after GC invocations=52 (full 12):
 PSYoungGen      total 629760K, used 7758K [0x00000000d5580000, 0x00000000ff680000, 0x0000000100000000)
  eden space 573440K, 0% used [0x00000000d5580000,0x00000000d5580000,0x00000000f8580000)
  from space 56320K, 13% used [0x00000000fbf80000,0x00000000fc713a90,0x00000000ff680000)
  to   space 57856K, 0% used [0x00000000f8580000,0x00000000f8580000,0x00000000fbe00000)
 ParOldGen       total 190464K, used 52013K [0x0000000080000000, 0x000000008ba00000, 0x00000000d5580000)
  object space 190464K, 27% used [0x0000000080000000,0x00000000832cb4d8,0x000000008ba00000)
 Metaspace       used 117375K, capacity 126506K, committed 127000K, reserved 1159168K
  class space    used 14708K, capacity 16188K, committed 16432K, reserved 1048576K
}
Event: 31609.038 GC heap before
{Heap before GC invocations=53 (full 13):
 PSYoungGen      total 629760K, used 7758K [0x00000000d5580000, 0x00000000ff680000, 0x0000000100000000)
  eden space 573440K, 0% used [0x00000000d5580000,0x00000000d5580000,0x00000000f8580000)
  from space 56320K, 13% used [0x00000000fbf80000,0x00000000fc713a90,0x00000000ff680000)
  to   space 57856K, 0% used [0x00000000f8580000,0x00000000f8580000,0x00000000fbe00000)
 ParOldGen       total 190464K, used 52013K [0x0000000080000000, 0x000000008ba00000, 0x00000000d5580000)
  object space 190464K, 27% used [0x0000000080000000,0x00000000832cb4d8,0x000000008ba00000)
 Metaspace       used 117375K, capacity 126506K, committed 127000K, reserved 1159168K
  class space    used 14708K, capacity 16188K, committed 16432K, reserved 1048576K
Event: 31609.272 GC heap after
Heap after GC invocations=53 (full 13):
 PSYoungGen      total 629760K, used 0K [0x00000000d5580000, 0x00000000ff680000, 0x0000000100000000)
  eden space 573440K, 0% used [0x00000000d5580000,0x00000000d5580000,0x00000000f8580000)
  from space 56320K, 0% used [0x00000000fbf80000,0x00000000fbf80000,0x00000000ff680000)
  to   space 57856K, 0% used [0x00000000f8580000,0x00000000f8580000,0x00000000fbe00000)
 ParOldGen       total 190464K, used 48144K [0x0000000080000000, 0x000000008ba00000, 0x00000000d5580000)
  object space 190464K, 25% used [0x0000000080000000,0x0000000082f04110,0x000000008ba00000)
 Metaspace       used 117322K, capacity 126380K, committed 127000K, reserved 1159168K
  class space    used 14697K, capacity 16167K, committed 16432K, reserved 1048576K
}

