# JRE version: OpenJDK Runtime Environment (8.0_242-b01) (build 1.8.0_242-release-1644-b01)
# Java VM: OpenJDK 64-Bit Server VM (25.242-b01 mixed mode windows-amd64 compressed oops)
Heap:
 PSYoungGen      total 270848K, used 118547K [0x00000000d5580000, 0x00000000e7b80000, 0x0000000100000000)
  eden space 254976K, 40% used [0x00000000d5580000,0x00000000dba9d968,0x00000000e4e80000)
  from space 15872K, 94% used [0x00000000e6c00000,0x00000000e7aa72f8,0x00000000e7b80000)
  to   space 23040K, 0% used [0x00000000e4e80000,0x00000000e4e80000,0x00000000e6500000)
 ParOldGen       total 94208K, used 44170K [0x0000000080000000, 0x0000000085c00000, 0x00000000d5580000)
  object space 94208K, 46% used [0x0000000080000000,0x0000000082b22bc0,0x0000000085c00000)
 Metaspace       used 81030K, capacity 84650K, committed 84776K, reserved 1122304K
  class space    used 11087K, capacity 11808K, committed 11816K, reserved 1048576K
GC Heap History (10 events):
Event: 25.734 GC heap before
{Heap before GC invocations=15 (full 2):
 PSYoungGen      total 152576K, used 152269K [0x00000000d5580000, 0x00000000e0380000, 0x0000000100000000)
  eden space 140800K, 100% used [0x00000000d5580000,0x00000000ddf00000,0x00000000ddf00000)
  from space 11776K, 97% used [0x00000000df800000,0x00000000e03334a0,0x00000000e0380000)
  to   space 13824K, 0% used [0x00000000de880000,0x00000000de880000,0x00000000df600000)
 ParOldGen       total 62976K, used 14728K [0x0000000080000000, 0x0000000083d80000, 0x00000000d5580000)
  object space 62976K, 23% used [0x0000000080000000,0x0000000080e622c0,0x0000000083d80000)
 Metaspace       used 54703K, capacity 56630K, committed 56744K, reserved 1097728K
  class space    used 7391K, capacity 7830K, committed 7848K, reserved 1048576K
Event: 25.759 GC heap after
Heap after GC invocations=15 (full 2):
 PSYoungGen      total 164352K, used 13798K [0x00000000d5580000, 0x00000000e3c00000, 0x0000000100000000)
  eden space 150528K, 0% used [0x00000000d5580000,0x00000000d5580000,0x00000000de880000)
  from space 13824K, 99% used [0x00000000de880000,0x00000000df5f99d8,0x00000000df600000)
  to   space 19456K, 0% used [0x00000000e2900000,0x00000000e2900000,0x00000000e3c00000)
 ParOldGen       total 62976K, used 23873K [0x0000000080000000, 0x0000000083d80000, 0x00000000d5580000)
  object space 62976K, 37% used [0x0000000080000000,0x00000000817504f8,0x0000000083d80000)
 Metaspace       used 54703K, capacity 56630K, committed 56744K, reserved 1097728K
  class space    used 7391K, capacity 7830K, committed 7848K, reserved 1048576K
}
Event: 26.512 GC heap before
{Heap before GC invocations=16 (full 2):
 PSYoungGen      total 164352K, used 48432K [0x00000000d5580000, 0x00000000e3c00000, 0x0000000100000000)
  eden space 150528K, 23% used [0x00000000d5580000,0x00000000d7752960,0x00000000de880000)
  from space 13824K, 99% used [0x00000000de880000,0x00000000df5f99d8,0x00000000df600000)
  to   space 19456K, 0% used [0x00000000e2900000,0x00000000e2900000,0x00000000e3c00000)
 ParOldGen       total 62976K, used 23873K [0x0000000080000000, 0x0000000083d80000, 0x00000000d5580000)
  object space 62976K, 37% used [0x0000000080000000,0x00000000817504f8,0x0000000083d80000)
 Metaspace       used 57146K, capacity 59130K, committed 59160K, reserved 1099776K
  class space    used 7735K, capacity 8216K, committed 8232K, reserved 1048576K
Event: 26.529 GC heap after
Heap after GC invocations=16 (full 2):
 PSYoungGen      total 217088K, used 3653K [0x00000000d5580000, 0x00000000e4700000, 0x0000000100000000)
  eden space 197632K, 0% used [0x00000000d5580000,0x00000000d5580000,0x00000000e1680000)
  from space 19456K, 18% used [0x00000000e2900000,0x00000000e2c91598,0x00000000e3c00000)
  to   space 18944K, 0% used [0x00000000e1680000,0x00000000e1680000,0x00000000e2900000)
 ParOldGen       total 62976K, used 33365K [0x0000000080000000, 0x0000000083d80000, 0x00000000d5580000)
  object space 62976K, 52% used [0x0000000080000000,0x00000000820956b8,0x0000000083d80000)
 Metaspace       used 57146K, capacity 59130K, committed 59160K, reserved 1099776K
  class space    used 7735K, capacity 8216K, committed 8232K, reserved 1048576K
}
Event: 26.529 GC heap before
{Heap before GC invocations=17 (full 3):
 PSYoungGen      total 217088K, used 3653K [0x00000000d5580000, 0x00000000e4700000, 0x0000000100000000)
  eden space 197632K, 0% used [0x00000000d5580000,0x00000000d5580000,0x00000000e1680000)
  from space 19456K, 18% used [0x00000000e2900000,0x00000000e2c91598,0x00000000e3c00000)
  to   space 18944K, 0% used [0x00000000e1680000,0x00000000e1680000,0x00000000e2900000)
 ParOldGen       total 62976K, used 33365K [0x0000000080000000, 0x0000000083d80000, 0x00000000d5580000)
  object space 62976K, 52% used [0x0000000080000000,0x00000000820956b8,0x0000000083d80000)
 Metaspace       used 57146K, capacity 59130K, committed 59160K, reserved 1099776K
  class space    used 7735K, capacity 8216K, committed 8232K, reserved 1048576K
Event: 26.760 GC heap after
Heap after GC invocations=17 (full 3):
 PSYoungGen      total 217088K, used 0K [0x00000000d5580000, 0x00000000e4700000, 0x0000000100000000)
  eden space 197632K, 0% used [0x00000000d5580000,0x00000000d5580000,0x00000000e1680000)
  from space 19456K, 0% used [0x00000000e2900000,0x00000000e2900000,0x00000000e3c00000)
  to   space 18944K, 0% used [0x00000000e1680000,0x00000000e1680000,0x00000000e2900000)
 ParOldGen       total 94208K, used 30936K [0x0000000080000000, 0x0000000085c00000, 0x00000000d5580000)
  object space 94208K, 32% used [0x0000000080000000,0x0000000081e36320,0x0000000085c00000)
 Metaspace       used 57141K, capacity 59112K, committed 59160K, reserved 1099776K
  class space    used 7733K, capacity 8213K, committed 8232K, reserved 1048576K
}
Event: 35.718 GC heap before
{Heap before GC invocations=18 (full 3):
 PSYoungGen      total 217088K, used 197632K [0x00000000d5580000, 0x00000000e4700000, 0x0000000100000000)
  eden space 197632K, 100% used [0x00000000d5580000,0x00000000e1680000,0x00000000e1680000)
  from space 19456K, 0% used [0x00000000e2900000,0x00000000e2900000,0x00000000e3c00000)
  to   space 18944K, 0% used [0x00000000e1680000,0x00000000e1680000,0x00000000e2900000)
 ParOldGen       total 94208K, used 30936K [0x0000000080000000, 0x0000000085c00000, 0x00000000d5580000)
  object space 94208K, 32% used [0x0000000080000000,0x0000000081e36320,0x0000000085c00000)
 Metaspace       used 64536K, capacity 67082K, committed 67240K, reserved 1107968K
  class space    used 8758K, capacity 9294K, committed 9384K, reserved 1048576K
Event: 35.743 GC heap after
Heap after GC invocations=18 (full 3):
 PSYoungGen      total 216576K, used 18927K [0x00000000d5580000, 0x00000000e8180000, 0x0000000100000000)
  eden space 197632K, 0% used [0x00000000d5580000,0x00000000d5580000,0x00000000e1680000)
  from space 18944K, 99% used [0x00000000e1680000,0x00000000e28fbe78,0x00000000e2900000)
  to   space 22016K, 0% used [0x00000000e6c00000,0x00000000e6c00000,0x00000000e8180000)
 ParOldGen       total 94208K, used 30987K [0x0000000080000000, 0x0000000085c00000, 0x00000000d5580000)
  object space 94208K, 32% used [0x0000000080000000,0x0000000081e42e28,0x0000000085c00000)
 Metaspace       used 64536K, capacity 67082K, committed 67240K, reserved 1107968K
  class space    used 8758K, capacity 9294K, committed 9384K, reserved 1048576K
}
Event: 70.835 GC heap before
{Heap before GC invocations=19 (full 3):
 PSYoungGen      total 216576K, used 216559K [0x00000000d5580000, 0x00000000e8180000, 0x0000000100000000)
  eden space 197632K, 100% used [0x00000000d5580000,0x00000000e1680000,0x00000000e1680000)
  from space 18944K, 99% used [0x00000000e1680000,0x00000000e28fbe78,0x00000000e2900000)
  to   space 22016K, 0% used [0x00000000e6c00000,0x00000000e6c00000,0x00000000e8180000)
 ParOldGen       total 94208K, used 30987K [0x0000000080000000, 0x0000000085c00000, 0x00000000d5580000)
  object space 94208K, 32% used [0x0000000080000000,0x0000000081e42e28,0x0000000085c00000)
 Metaspace       used 71788K, capacity 74622K, committed 74664K, reserved 1114112K
  class space    used 9744K, capacity 10366K, committed 10408K, reserved 1048576K
Event: 70.869 GC heap after
Heap after GC invocations=19 (full 3):
 PSYoungGen      total 270848K, used 15004K [0x00000000d5580000, 0x00000000e7b80000, 0x0000000100000000)
  eden space 254976K, 0% used [0x00000000d5580000,0x00000000d5580000,0x00000000e4e80000)
  from space 15872K, 94% used [0x00000000e6c00000,0x00000000e7aa72f8,0x00000000e7b80000)
  to   space 23040K, 0% used [0x00000000e4e80000,0x00000000e4e80000,0x00000000e6500000)
 ParOldGen       total 94208K, used 44170K [0x0000000080000000, 0x0000000085c00000, 0x00000000d5580000)
  object space 94208K, 46% used [0x0000000080000000,0x0000000082b22bc0,0x0000000085c00000)
 Metaspace       used 71788K, capacity 74622K, committed 74664K, reserved 1114112K
  class space    used 9744K, capacity 10366K, committed 10408K, reserved 1048576K
}

