# JRE version: OpenJDK Runtime Environment (8.0_242-b01) (build 1.8.0_242-release-1644-b01)
# Java VM: OpenJDK 64-Bit Server VM (25.242-b01 mixed mode windows-amd64 compressed oops)
Heap:
 PSYoungGen      total 38400K, used 6035K [0x00000000d5900000, 0x00000000da400000, 0x0000000100000000)
  eden space 33280K, 18% used [0x00000000d5900000,0x00000000d5ee4e48,0x00000000d7980000)
  from space 5120K, 0% used [0x00000000d7980000,0x00000000d7980000,0x00000000d7e80000)
  to   space 5120K, 0% used [0x00000000d9f00000,0x00000000d9f00000,0x00000000da400000)
 ParOldGen       total 68608K, used 9455K [0x0000000080a00000, 0x0000000084d00000, 0x00000000d5900000)
  object space 68608K, 13% used [0x0000000080a00000,0x000000008133bf98,0x0000000084d00000)
 Metaspace       used 22417K, capacity 22887K, committed 23040K, reserved 1069056K
  class space    used 2655K, capacity 2770K, committed 2816K, reserved 1048576K
GC Heap History (8 events):
Event: 0.744 GC heap before
{Heap before GC invocations=1 (full 0):
 PSYoungGen      total 38400K, used 33280K [0x00000000d5900000, 0x00000000d8380000, 0x0000000100000000)
  eden space 33280K, 100% used [0x00000000d5900000,0x00000000d7980000,0x00000000d7980000)
  from space 5120K, 0% used [0x00000000d7e80000,0x00000000d7e80000,0x00000000d8380000)
  to   space 5120K, 0% used [0x00000000d7980000,0x00000000d7980000,0x00000000d7e80000)
 ParOldGen       total 87552K, used 0K [0x0000000080a00000, 0x0000000085f80000, 0x00000000d5900000)
  object space 87552K, 0% used [0x0000000080a00000,0x0000000080a00000,0x0000000085f80000)
 Metaspace       used 10124K, capacity 10300K, committed 10496K, reserved 1058816K
  class space    used 1105K, capacity 1180K, committed 1280K, reserved 1048576K
Event: 0.752 GC heap after
Heap after GC invocations=1 (full 0):
 PSYoungGen      total 38400K, used 5104K [0x00000000d5900000, 0x00000000d8380000, 0x0000000100000000)
  eden space 33280K, 0% used [0x00000000d5900000,0x00000000d5900000,0x00000000d7980000)
  from space 5120K, 99% used [0x00000000d7980000,0x00000000d7e7c2a8,0x00000000d7e80000)
  to   space 5120K, 0% used [0x00000000d7e80000,0x00000000d7e80000,0x00000000d8380000)
 ParOldGen       total 87552K, used 2596K [0x0000000080a00000, 0x0000000085f80000, 0x00000000d5900000)
  object space 87552K, 2% used [0x0000000080a00000,0x0000000080c891d8,0x0000000085f80000)
 Metaspace       used 10124K, capacity 10300K, committed 10496K, reserved 1058816K
  class space    used 1105K, capacity 1180K, committed 1280K, reserved 1048576K
}
Event: 1.448 GC heap before
{Heap before GC invocations=2 (full 0):
 PSYoungGen      total 38400K, used 38384K [0x00000000d5900000, 0x00000000d8380000, 0x0000000100000000)
  eden space 33280K, 100% used [0x00000000d5900000,0x00000000d7980000,0x00000000d7980000)
  from space 5120K, 99% used [0x00000000d7980000,0x00000000d7e7c2a8,0x00000000d7e80000)
  to   space 5120K, 0% used [0x00000000d7e80000,0x00000000d7e80000,0x00000000d8380000)
 ParOldGen       total 87552K, used 2596K [0x0000000080a00000, 0x0000000085f80000, 0x00000000d5900000)
  object space 87552K, 2% used [0x0000000080a00000,0x0000000080c891d8,0x0000000085f80000)
 Metaspace       used 15648K, capacity 15974K, committed 16128K, reserved 1062912K
  class space    used 1820K, capacity 1949K, committed 2048K, reserved 1048576K
Event: 1.459 GC heap after
Heap after GC invocations=2 (full 0):
 PSYoungGen      total 38400K, used 5113K [0x00000000d5900000, 0x00000000da400000, 0x0000000100000000)
  eden space 33280K, 0% used [0x00000000d5900000,0x00000000d5900000,0x00000000d7980000)
  from space 5120K, 99% used [0x00000000d7e80000,0x00000000d837e648,0x00000000d8380000)
  to   space 5120K, 0% used [0x00000000d7980000,0x00000000d7980000,0x00000000d7e80000)
 ParOldGen       total 87552K, used 7349K [0x0000000080a00000, 0x0000000085f80000, 0x00000000d5900000)
  object space 87552K, 8% used [0x0000000080a00000,0x000000008112d5c0,0x0000000085f80000)
 Metaspace       used 15648K, capacity 15974K, committed 16128K, reserved 1062912K
  class space    used 1820K, capacity 1949K, committed 2048K, reserved 1048576K
}
Event: 1.821 GC heap before
{Heap before GC invocations=3 (full 0):
 PSYoungGen      total 38400K, used 25423K [0x00000000d5900000, 0x00000000da400000, 0x0000000100000000)
  eden space 33280K, 61% used [0x00000000d5900000,0x00000000d6cd5650,0x00000000d7980000)
  from space 5120K, 99% used [0x00000000d7e80000,0x00000000d837e648,0x00000000d8380000)
  to   space 5120K, 0% used [0x00000000d7980000,0x00000000d7980000,0x00000000d7e80000)
 ParOldGen       total 87552K, used 7349K [0x0000000080a00000, 0x0000000085f80000, 0x00000000d5900000)
  object space 87552K, 8% used [0x0000000080a00000,0x000000008112d5c0,0x0000000085f80000)
 Metaspace       used 20783K, capacity 21212K, committed 21248K, reserved 1069056K
  class space    used 2438K, capacity 2558K, committed 2560K, reserved 1048576K
Event: 1.831 GC heap after
Heap after GC invocations=3 (full 0):
 PSYoungGen      total 38400K, used 5098K [0x00000000d5900000, 0x00000000da400000, 0x0000000100000000)
  eden space 33280K, 0% used [0x00000000d5900000,0x00000000d5900000,0x00000000d7980000)
  from space 5120K, 99% used [0x00000000d7980000,0x00000000d7e7ab80,0x00000000d7e80000)
  to   space 5120K, 0% used [0x00000000d9f00000,0x00000000d9f00000,0x00000000da400000)
 ParOldGen       total 87552K, used 11864K [0x0000000080a00000, 0x0000000085f80000, 0x00000000d5900000)
  object space 87552K, 13% used [0x0000000080a00000,0x00000000815963c8,0x0000000085f80000)
 Metaspace       used 20783K, capacity 21212K, committed 21248K, reserved 1069056K
  class space    used 2438K, capacity 2558K, committed 2560K, reserved 1048576K
}
Event: 1.831 GC heap before
{Heap before GC invocations=4 (full 1):
 PSYoungGen      total 38400K, used 5098K [0x00000000d5900000, 0x00000000da400000, 0x0000000100000000)
  eden space 33280K, 0% used [0x00000000d5900000,0x00000000d5900000,0x00000000d7980000)
  from space 5120K, 99% used [0x00000000d7980000,0x00000000d7e7ab80,0x00000000d7e80000)
  to   space 5120K, 0% used [0x00000000d9f00000,0x00000000d9f00000,0x00000000da400000)
 ParOldGen       total 87552K, used 11864K [0x0000000080a00000, 0x0000000085f80000, 0x00000000d5900000)
  object space 87552K, 13% used [0x0000000080a00000,0x00000000815963c8,0x0000000085f80000)
 Metaspace       used 20783K, capacity 21212K, committed 21248K, reserved 1069056K
  class space    used 2438K, capacity 2558K, committed 2560K, reserved 1048576K
Event: 1.878 GC heap after
Heap after GC invocations=4 (full 1):
 PSYoungGen      total 38400K, used 0K [0x00000000d5900000, 0x00000000da400000, 0x0000000100000000)
  eden space 33280K, 0% used [0x00000000d5900000,0x00000000d5900000,0x00000000d7980000)
  from space 5120K, 0% used [0x00000000d7980000,0x00000000d7980000,0x00000000d7e80000)
  to   space 5120K, 0% used [0x00000000d9f00000,0x00000000d9f00000,0x00000000da400000)
 ParOldGen       total 68608K, used 9455K [0x0000000080a00000, 0x0000000084d00000, 0x00000000d5900000)
  object space 68608K, 13% used [0x0000000080a00000,0x000000008133bf98,0x0000000084d00000)
 Metaspace       used 20783K, capacity 21212K, committed 21248K, reserved 1069056K
  class space    used 2438K, capacity 2558K, committed 2560K, reserved 1048576K
}

