# JRE version: OpenJDK Runtime Environment (8.0_242-b01) (build 1.8.0_242-release-1644-b01)
# Java VM: OpenJDK 64-Bit Server VM (25.242-b01 mixed mode windows-amd64 compressed oops)
Heap:
 PSYoungGen      total 669184K, used 394258K [0x00000000d5580000, 0x00000000ffe00000, 0x0000000100000000)
  eden space 640512K, 60% used [0x00000000d5580000,0x00000000ecd3e7a8,0x00000000fc700000)
  from space 28672K, 33% used [0x00000000fc700000,0x00000000fd046318,0x00000000fe300000)
  to   space 27648K, 0% used [0x00000000fe300000,0x00000000fe300000,0x00000000ffe00000)
 ParOldGen       total 145920K, used 38042K [0x0000000080000000, 0x0000000088e80000, 0x00000000d5580000)
  object space 145920K, 26% used [0x0000000080000000,0x0000000082526ac0,0x0000000088e80000)
 Metaspace       used 102599K, capacity 110374K, committed 111768K, reserved 1146880K
  class space    used 13247K, capacity 14522K, committed 14760K, reserved 1048576K
GC Heap History (10 events):
Event: 2604.119 GC heap before
{Heap before GC invocations=18 (full 4):
 PSYoungGen      total 609792K, used 600064K [0x00000000d5580000, 0x00000000fdf80000, 0x0000000100000000)
  eden space 600064K, 100% used [0x00000000d5580000,0x00000000f9f80000,0x00000000f9f80000)
  from space 9728K, 0% used [0x00000000fbb80000,0x00000000fbb80000,0x00000000fc500000)
  to   space 27136K, 0% used [0x00000000fc500000,0x00000000fc500000,0x00000000fdf80000)
 ParOldGen       total 145920K, used 54856K [0x0000000080000000, 0x0000000088e80000, 0x00000000d5580000)
  object space 145920K, 37% used [0x0000000080000000,0x0000000083592258,0x0000000088e80000)
 Metaspace       used 94739K, capacity 102922K, committed 103192K, reserved 1138688K
  class space    used 12520K, capacity 13820K, committed 13864K, reserved 1048576K
Event: 2604.140 GC heap after
Heap after GC invocations=18 (full 4):
 PSYoungGen      total 634368K, used 7429K [0x00000000d5580000, 0x0000000100000000, 0x0000000100000000)
  eden space 607232K, 0% used [0x00000000d5580000,0x00000000d5580000,0x00000000fa680000)
  from space 27136K, 27% used [0x00000000fc500000,0x00000000fcc415c0,0x00000000fdf80000)
  to   space 31232K, 0% used [0x00000000fa680000,0x00000000fa680000,0x00000000fc500000)
 ParOldGen       total 145920K, used 54864K [0x0000000080000000, 0x0000000088e80000, 0x00000000d5580000)
  object space 145920K, 37% used [0x0000000080000000,0x0000000083594258,0x0000000088e80000)
 Metaspace       used 94739K, capacity 102922K, committed 103192K, reserved 1138688K
  class space    used 12520K, capacity 13820K, committed 13864K, reserved 1048576K
}
Event: 4679.573 GC heap before
{Heap before GC invocations=19 (full 4):
 PSYoungGen      total 634368K, used 614661K [0x00000000d5580000, 0x0000000100000000, 0x0000000100000000)
  eden space 607232K, 100% used [0x00000000d5580000,0x00000000fa680000,0x00000000fa680000)
  from space 27136K, 27% used [0x00000000fc500000,0x00000000fcc415c0,0x00000000fdf80000)
  to   space 31232K, 0% used [0x00000000fa680000,0x00000000fa680000,0x00000000fc500000)
 ParOldGen       total 145920K, used 54864K [0x0000000080000000, 0x0000000088e80000, 0x00000000d5580000)
  object space 145920K, 37% used [0x0000000080000000,0x0000000083594258,0x0000000088e80000)
 Metaspace       used 97409K, capacity 105594K, committed 105752K, reserved 1140736K
  class space    used 12767K, capacity 14078K, committed 14120K, reserved 1048576K
Event: 4679.625 GC heap after
Heap after GC invocations=19 (full 4):
 PSYoungGen      total 638464K, used 12158K [0x00000000d5580000, 0x0000000100000000, 0x0000000100000000)
  eden space 607232K, 0% used [0x00000000d5580000,0x00000000d5580000,0x00000000fa680000)
  from space 31232K, 38% used [0x00000000fa680000,0x00000000fb25fb40,0x00000000fc500000)
  to   space 29696K, 0% used [0x00000000fe300000,0x00000000fe300000,0x0000000100000000)
 ParOldGen       total 145920K, used 54872K [0x0000000080000000, 0x0000000088e80000, 0x00000000d5580000)
  object space 145920K, 37% used [0x0000000080000000,0x0000000083596258,0x0000000088e80000)
 Metaspace       used 97409K, capacity 105594K, committed 105752K, reserved 1140736K
  class space    used 12767K, capacity 14078K, committed 14120K, reserved 1048576K
}
Event: 5110.847 GC heap before
{Heap before GC invocations=20 (full 4):
 PSYoungGen      total 638464K, used 114178K [0x00000000d5580000, 0x0000000100000000, 0x0000000100000000)
  eden space 607232K, 16% used [0x00000000d5580000,0x00000000db921060,0x00000000fa680000)
  from space 31232K, 38% used [0x00000000fa680000,0x00000000fb25fb40,0x00000000fc500000)
  to   space 29696K, 0% used [0x00000000fe300000,0x00000000fe300000,0x0000000100000000)
 ParOldGen       total 145920K, used 54872K [0x0000000080000000, 0x0000000088e80000, 0x00000000d5580000)
  object space 145920K, 37% used [0x0000000080000000,0x0000000083596258,0x0000000088e80000)
 Metaspace       used 102123K, capacity 110492K, committed 110744K, reserved 1144832K
  class space    used 13359K, capacity 14741K, committed 14760K, reserved 1048576K
Event: 5110.880 GC heap after
Heap after GC invocations=20 (full 4):
 PSYoungGen      total 669184K, used 6441K [0x00000000d5580000, 0x00000000fff00000, 0x0000000100000000)
  eden space 640512K, 0% used [0x00000000d5580000,0x00000000d5580000,0x00000000fc700000)
  from space 28672K, 22% used [0x00000000fe300000,0x00000000fe94a748,0x00000000fff00000)
  to   space 28672K, 0% used [0x00000000fc700000,0x00000000fc700000,0x00000000fe300000)
 ParOldGen       total 145920K, used 54880K [0x0000000080000000, 0x0000000088e80000, 0x00000000d5580000)
  object space 145920K, 37% used [0x0000000080000000,0x0000000083598258,0x0000000088e80000)
 Metaspace       used 102123K, capacity 110492K, committed 110744K, reserved 1144832K
  class space    used 13359K, capacity 14741K, committed 14760K, reserved 1048576K
}
Event: 5110.880 GC heap before
{Heap before GC invocations=21 (full 5):
 PSYoungGen      total 669184K, used 6441K [0x00000000d5580000, 0x00000000fff00000, 0x0000000100000000)
  eden space 640512K, 0% used [0x00000000d5580000,0x00000000d5580000,0x00000000fc700000)
  from space 28672K, 22% used [0x00000000fe300000,0x00000000fe94a748,0x00000000fff00000)
  to   space 28672K, 0% used [0x00000000fc700000,0x00000000fc700000,0x00000000fe300000)
 ParOldGen       total 145920K, used 54880K [0x0000000080000000, 0x0000000088e80000, 0x00000000d5580000)
  object space 145920K, 37% used [0x0000000080000000,0x0000000083598258,0x0000000088e80000)
 Metaspace       used 102123K, capacity 110492K, committed 110744K, reserved 1144832K
  class space    used 13359K, capacity 14741K, committed 14760K, reserved 1048576K
Event: 5111.170 GC heap after
Heap after GC invocations=21 (full 5):
 PSYoungGen      total 669184K, used 0K [0x00000000d5580000, 0x00000000fff00000, 0x0000000100000000)
  eden space 640512K, 0% used [0x00000000d5580000,0x00000000d5580000,0x00000000fc700000)
  from space 28672K, 0% used [0x00000000fe300000,0x00000000fe300000,0x00000000fff00000)
  to   space 28672K, 0% used [0x00000000fc700000,0x00000000fc700000,0x00000000fe300000)
 ParOldGen       total 145920K, used 38034K [0x0000000080000000, 0x0000000088e80000, 0x00000000d5580000)
  object space 145920K, 26% used [0x0000000080000000,0x0000000082524ac0,0x0000000088e80000)
 Metaspace       used 100802K, capacity 107852K, committed 110744K, reserved 1144832K
  class space    used 13108K, capacity 14275K, committed 14760K, reserved 1048576K
}
Event: 5709.961 GC heap before
{Heap before GC invocations=22 (full 5):
 PSYoungGen      total 669184K, used 640512K [0x00000000d5580000, 0x00000000fff00000, 0x0000000100000000)
  eden space 640512K, 100% used [0x00000000d5580000,0x00000000fc700000,0x00000000fc700000)
  from space 28672K, 0% used [0x00000000fe300000,0x00000000fe300000,0x00000000fff00000)
  to   space 28672K, 0% used [0x00000000fc700000,0x00000000fc700000,0x00000000fe300000)
 ParOldGen       total 145920K, used 38034K [0x0000000080000000, 0x0000000088e80000, 0x00000000d5580000)
  object space 145920K, 26% used [0x0000000080000000,0x0000000082524ac0,0x0000000088e80000)
 Metaspace       used 101826K, capacity 109266K, committed 111512K, reserved 1146880K
  class space    used 13175K, capacity 14392K, committed 14760K, reserved 1048576K
Event: 5709.977 GC heap after
Heap after GC invocations=22 (full 5):
 PSYoungGen      total 669184K, used 9496K [0x00000000d5580000, 0x00000000ffe00000, 0x0000000100000000)
  eden space 640512K, 0% used [0x00000000d5580000,0x00000000d5580000,0x00000000fc700000)
  from space 28672K, 33% used [0x00000000fc700000,0x00000000fd046318,0x00000000fe300000)
  to   space 27648K, 0% used [0x00000000fe300000,0x00000000fe300000,0x00000000ffe00000)
 ParOldGen       total 145920K, used 38042K [0x0000000080000000, 0x0000000088e80000, 0x00000000d5580000)
  object space 145920K, 26% used [0x0000000080000000,0x0000000082526ac0,0x0000000088e80000)
 Metaspace       used 101826K, capacity 109266K, committed 111512K, reserved 1146880K
  class space    used 13175K, capacity 14392K, committed 14760K, reserved 1048576K
}

