# JRE version: OpenJDK Runtime Environment (8.0_242-b01) (build 1.8.0_242-release-1644-b01)
# Java VM: OpenJDK 64-Bit Server VM (25.242-b01 mixed mode windows-amd64 compressed oops)
Heap:
 PSYoungGen      total 253440K, used 181909K [0x00000000d5580000, 0x00000000e8100000, 0x0000000100000000)
  eden space 220672K, 76% used [0x00000000d5580000,0x00000000dfb356c8,0x00000000e2d00000)
  from space 32768K, 37% used [0x00000000e2d00000,0x00000000e38f0020,0x00000000e4d00000)
  to   space 31232K, 0% used [0x00000000e6280000,0x00000000e6280000,0x00000000e8100000)
 ParOldGen       total 204288K, used 56833K [0x0000000080000000, 0x000000008c780000, 0x00000000d5580000)
  object space 204288K, 27% used [0x0000000080000000,0x0000000083780698,0x000000008c780000)
 Metaspace       used 95822K, capacity 100420K, committed 100632K, reserved 1136640K
  class space    used 12681K, capacity 13551K, committed 13608K, reserved 1048576K
GC Heap History (10 events):
Event: 98.900 GC heap before
{Heap before GC invocations=17 (full 3):
 PSYoungGen      total 177664K, used 173086K [0x00000000d5580000, 0x00000000e3b80000, 0x0000000100000000)
  eden space 158720K, 100% used [0x00000000d5580000,0x00000000df080000,0x00000000df080000)
  from space 18944K, 75% used [0x00000000df080000,0x00000000dfe879c8,0x00000000e0300000)
  to   space 19456K, 0% used [0x00000000e2880000,0x00000000e2880000,0x00000000e3b80000)
 ParOldGen       total 132608K, used 31358K [0x0000000080000000, 0x0000000088180000, 0x00000000d5580000)
  object space 132608K, 23% used [0x0000000080000000,0x0000000081e9fb60,0x0000000088180000)
 Metaspace       used 69403K, capacity 72138K, committed 72216K, reserved 1112064K
  class space    used 9371K, capacity 9986K, committed 10024K, reserved 1048576K
Event: 98.926 GC heap after
Heap after GC invocations=17 (full 3):
 PSYoungGen      total 210432K, used 19432K [0x00000000d5580000, 0x00000000e3d00000, 0x0000000100000000)
  eden space 190976K, 0% used [0x00000000d5580000,0x00000000d5580000,0x00000000e1000000)
  from space 19456K, 99% used [0x00000000e2880000,0x00000000e3b7a360,0x00000000e3b80000)
  to   space 23040K, 0% used [0x00000000e1000000,0x00000000e1000000,0x00000000e2680000)
 ParOldGen       total 132608K, used 33397K [0x0000000080000000, 0x0000000088180000, 0x00000000d5580000)
  object space 132608K, 25% used [0x0000000080000000,0x000000008209d4f8,0x0000000088180000)
 Metaspace       used 69403K, capacity 72138K, committed 72216K, reserved 1112064K
  class space    used 9371K, capacity 9986K, committed 10024K, reserved 1048576K
}
Event: 122.752 GC heap before
{Heap before GC invocations=18 (full 3):
 PSYoungGen      total 210432K, used 210408K [0x00000000d5580000, 0x00000000e3d00000, 0x0000000100000000)
  eden space 190976K, 100% used [0x00000000d5580000,0x00000000e1000000,0x00000000e1000000)
  from space 19456K, 99% used [0x00000000e2880000,0x00000000e3b7a360,0x00000000e3b80000)
  to   space 23040K, 0% used [0x00000000e1000000,0x00000000e1000000,0x00000000e2680000)
 ParOldGen       total 132608K, used 33397K [0x0000000080000000, 0x0000000088180000, 0x00000000d5580000)
  object space 132608K, 25% used [0x0000000080000000,0x000000008209d4f8,0x0000000088180000)
 Metaspace       used 81417K, capacity 84614K, committed 84888K, reserved 1122304K
  class space    used 10980K, capacity 11624K, committed 11688K, reserved 1048576K
Event: 122.819 GC heap after
Heap after GC invocations=18 (full 3):
 PSYoungGen      total 214016K, used 23019K [0x00000000d5580000, 0x00000000e6f80000, 0x0000000100000000)
  eden space 190976K, 0% used [0x00000000d5580000,0x00000000d5580000,0x00000000e1000000)
  from space 23040K, 99% used [0x00000000e1000000,0x00000000e267ad88,0x00000000e2680000)
  to   space 31232K, 0% used [0x00000000e5100000,0x00000000e5100000,0x00000000e6f80000)
 ParOldGen       total 132608K, used 47118K [0x0000000080000000, 0x0000000088180000, 0x00000000d5580000)
  object space 132608K, 35% used [0x0000000080000000,0x0000000082e03ac8,0x0000000088180000)
 Metaspace       used 81417K, capacity 84614K, committed 84888K, reserved 1122304K
  class space    used 10980K, capacity 11624K, committed 11688K, reserved 1048576K
}
Event: 228.453 GC heap before
{Heap before GC invocations=19 (full 3):
 PSYoungGen      total 214016K, used 201496K [0x00000000d5580000, 0x00000000e6f80000, 0x0000000100000000)
  eden space 190976K, 93% used [0x00000000d5580000,0x00000000e03cb638,0x00000000e1000000)
  from space 23040K, 99% used [0x00000000e1000000,0x00000000e267ad88,0x00000000e2680000)
  to   space 31232K, 0% used [0x00000000e5100000,0x00000000e5100000,0x00000000e6f80000)
 ParOldGen       total 132608K, used 47118K [0x0000000080000000, 0x0000000088180000, 0x00000000d5580000)
  object space 132608K, 35% used [0x0000000080000000,0x0000000082e03ac8,0x0000000088180000)
 Metaspace       used 94286K, capacity 98536K, committed 98600K, reserved 1134592K
  class space    used 12627K, capacity 13459K, committed 13480K, reserved 1048576K
Event: 228.517 GC heap after
Heap after GC invocations=19 (full 3):
 PSYoungGen      total 249344K, used 22727K [0x00000000d5580000, 0x00000000e6d00000, 0x0000000100000000)
  eden space 220672K, 0% used [0x00000000d5580000,0x00000000d5580000,0x00000000e2d00000)
  from space 28672K, 79% used [0x00000000e5100000,0x00000000e6731fe8,0x00000000e6d00000)
  to   space 32768K, 0% used [0x00000000e2d00000,0x00000000e2d00000,0x00000000e4d00000)
 ParOldGen       total 132608K, used 60211K [0x0000000080000000, 0x0000000088180000, 0x00000000d5580000)
  object space 132608K, 45% used [0x0000000080000000,0x0000000083accc90,0x0000000088180000)
 Metaspace       used 94286K, capacity 98536K, committed 98600K, reserved 1134592K
  class space    used 12627K, capacity 13459K, committed 13480K, reserved 1048576K
}
Event: 228.517 GC heap before
{Heap before GC invocations=20 (full 4):
 PSYoungGen      total 249344K, used 22727K [0x00000000d5580000, 0x00000000e6d00000, 0x0000000100000000)
  eden space 220672K, 0% used [0x00000000d5580000,0x00000000d5580000,0x00000000e2d00000)
  from space 28672K, 79% used [0x00000000e5100000,0x00000000e6731fe8,0x00000000e6d00000)
  to   space 32768K, 0% used [0x00000000e2d00000,0x00000000e2d00000,0x00000000e4d00000)
 ParOldGen       total 132608K, used 60211K [0x0000000080000000, 0x0000000088180000, 0x00000000d5580000)
  object space 132608K, 45% used [0x0000000080000000,0x0000000083accc90,0x0000000088180000)
 Metaspace       used 94286K, capacity 98536K, committed 98600K, reserved 1134592K
  class space    used 12627K, capacity 13459K, committed 13480K, reserved 1048576K
Event: 228.750 GC heap after
Heap after GC invocations=20 (full 4):
 PSYoungGen      total 249344K, used 0K [0x00000000d5580000, 0x00000000e6d00000, 0x0000000100000000)
  eden space 220672K, 0% used [0x00000000d5580000,0x00000000d5580000,0x00000000e2d00000)
  from space 28672K, 0% used [0x00000000e5100000,0x00000000e5100000,0x00000000e6d00000)
  to   space 32768K, 0% used [0x00000000e2d00000,0x00000000e2d00000,0x00000000e4d00000)
 ParOldGen       total 204288K, used 56833K [0x0000000080000000, 0x000000008c780000, 0x00000000d5580000)
  object space 204288K, 27% used [0x0000000080000000,0x0000000083780698,0x000000008c780000)
 Metaspace       used 94221K, capacity 98350K, committed 98600K, reserved 1134592K
  class space    used 12605K, capacity 13420K, committed 13480K, reserved 1048576K
}
Event: 251.165 GC heap before
{Heap before GC invocations=21 (full 4):
 PSYoungGen      total 249344K, used 220672K [0x00000000d5580000, 0x00000000e6d00000, 0x0000000100000000)
  eden space 220672K, 100% used [0x00000000d5580000,0x00000000e2d00000,0x00000000e2d00000)
  from space 28672K, 0% used [0x00000000e5100000,0x00000000e5100000,0x00000000e6d00000)
  to   space 32768K, 0% used [0x00000000e2d00000,0x00000000e2d00000,0x00000000e4d00000)
 ParOldGen       total 204288K, used 56833K [0x0000000080000000, 0x000000008c780000, 0x00000000d5580000)
  object space 204288K, 27% used [0x0000000080000000,0x0000000083780698,0x000000008c780000)
 Metaspace       used 95264K, capacity 99544K, committed 99736K, reserved 1136640K
  class space    used 12632K, capacity 13461K, committed 13480K, reserved 1048576K
Event: 251.189 GC heap after
Heap after GC invocations=21 (full 4):
 PSYoungGen      total 253440K, used 12224K [0x00000000d5580000, 0x00000000e8100000, 0x0000000100000000)
  eden space 220672K, 0% used [0x00000000d5580000,0x00000000d5580000,0x00000000e2d00000)
  from space 32768K, 37% used [0x00000000e2d00000,0x00000000e38f0020,0x00000000e4d00000)
  to   space 31232K, 0% used [0x00000000e6280000,0x00000000e6280000,0x00000000e8100000)
 ParOldGen       total 204288K, used 56833K [0x0000000080000000, 0x000000008c780000, 0x00000000d5580000)
  object space 204288K, 27% used [0x0000000080000000,0x0000000083780698,0x000000008c780000)
 Metaspace       used 95264K, capacity 99544K, committed 99736K, reserved 1136640K
  class space    used 12632K, capacity 13461K, committed 13480K, reserved 1048576K
}

