# JRE version: OpenJDK Runtime Environment (8.0_242-b01) (build 1.8.0_242-release-1644-b01)
# Java VM: OpenJDK 64-Bit Server VM (25.242-b01 mixed mode windows-amd64 compressed oops)
Heap:
 PSYoungGen      total 50688K, used 29489K [0x00000000d5580000, 0x00000000d9280000, 0x0000000100000000)
  eden space 39936K, 57% used [0x00000000d5580000,0x00000000d6bc0410,0x00000000d7c80000)
  from space 10752K, 62% used [0x00000000d7d00000,0x00000000d838c010,0x00000000d8780000)
  to   space 11264K, 0% used [0x00000000d8780000,0x00000000d8780000,0x00000000d9280000)
 ParOldGen       total 88576K, used 41200K [0x0000000080000000, 0x0000000085680000, 0x00000000d5580000)
  object space 88576K, 46% used [0x0000000080000000,0x000000008283c1f8,0x0000000085680000)
 Metaspace       used 96570K, capacity 104768K, committed 104984K, reserved 1140736K
  class space    used 12500K, capacity 13815K, committed 13864K, reserved 1048576K
GC Heap History (10 events):
Event: 17497.499 GC heap before
{Heap before GC invocations=86 (full 7):
 PSYoungGen      total 53248K, used 44304K [0x00000000d5580000, 0x00000000d9500000, 0x0000000100000000)
  eden space 42496K, 100% used [0x00000000d5580000,0x00000000d7f00000,0x00000000d7f00000)
  from space 10752K, 16% used [0x00000000d8a00000,0x00000000d8bc4010,0x00000000d9480000)
  to   space 11264K, 0% used [0x00000000d7f00000,0x00000000d7f00000,0x00000000d8a00000)
 ParOldGen       total 88576K, used 41120K [0x0000000080000000, 0x0000000085680000, 0x00000000d5580000)
  object space 88576K, 46% used [0x0000000080000000,0x00000000828281f8,0x0000000085680000)
 Metaspace       used 96508K, capacity 104640K, committed 104728K, reserved 1140736K
  class space    used 12500K, capacity 13815K, committed 13864K, reserved 1048576K
Event: 17497.517 GC heap after
Heap after GC invocations=86 (full 7):
 PSYoungGen      total 48128K, used 6000K [0x00000000d5580000, 0x00000000d9380000, 0x0000000100000000)
  eden space 41984K, 0% used [0x00000000d5580000,0x00000000d5580000,0x00000000d7e80000)
  from space 6144K, 97% used [0x00000000d7f00000,0x00000000d84dc010,0x00000000d8500000)
  to   space 10752K, 0% used [0x00000000d8900000,0x00000000d8900000,0x00000000d9380000)
 ParOldGen       total 88576K, used 41136K [0x0000000080000000, 0x0000000085680000, 0x00000000d5580000)
  object space 88576K, 46% used [0x0000000080000000,0x000000008282c1f8,0x0000000085680000)
 Metaspace       used 96508K, capacity 104640K, committed 104728K, reserved 1140736K
  class space    used 12500K, capacity 13815K, committed 13864K, reserved 1048576K
}
Event: 17502.495 GC heap before
{Heap before GC invocations=87 (full 7):
 PSYoungGen      total 48128K, used 47984K [0x00000000d5580000, 0x00000000d9380000, 0x0000000100000000)
  eden space 41984K, 100% used [0x00000000d5580000,0x00000000d7e80000,0x00000000d7e80000)
  from space 6144K, 97% used [0x00000000d7f00000,0x00000000d84dc010,0x00000000d8500000)
  to   space 10752K, 0% used [0x00000000d8900000,0x00000000d8900000,0x00000000d9380000)
 ParOldGen       total 88576K, used 41136K [0x0000000080000000, 0x0000000085680000, 0x00000000d5580000)
  object space 88576K, 46% used [0x0000000080000000,0x000000008282c1f8,0x0000000085680000)
 Metaspace       used 96514K, capacity 104640K, committed 104728K, reserved 1140736K
  class space    used 12500K, capacity 13815K, committed 13864K, reserved 1048576K
Event: 17502.505 GC heap after
Heap after GC invocations=87 (full 7):
 PSYoungGen      total 51712K, used 6752K [0x00000000d5580000, 0x00000000d9300000, 0x0000000100000000)
  eden space 41472K, 0% used [0x00000000d5580000,0x00000000d5580000,0x00000000d7e00000)
  from space 10240K, 65% used [0x00000000d8900000,0x00000000d8f98000,0x00000000d9300000)
  to   space 10752K, 0% used [0x00000000d7e00000,0x00000000d7e00000,0x00000000d8880000)
 ParOldGen       total 88576K, used 41152K [0x0000000080000000, 0x0000000085680000, 0x00000000d5580000)
  object space 88576K, 46% used [0x0000000080000000,0x00000000828301f8,0x0000000085680000)
 Metaspace       used 96514K, capacity 104640K, committed 104728K, reserved 1140736K
  class space    used 12500K, capacity 13815K, committed 13864K, reserved 1048576K
}
Event: 17757.025 GC heap before
{Heap before GC invocations=88 (full 7):
 PSYoungGen      total 51712K, used 48221K [0x00000000d5580000, 0x00000000d9300000, 0x0000000100000000)
  eden space 41472K, 99% used [0x00000000d5580000,0x00000000d7dff5f0,0x00000000d7e00000)
  from space 10240K, 65% used [0x00000000d8900000,0x00000000d8f98000,0x00000000d9300000)
  to   space 10752K, 0% used [0x00000000d7e00000,0x00000000d7e00000,0x00000000d8880000)
 ParOldGen       total 88576K, used 41152K [0x0000000080000000, 0x0000000085680000, 0x00000000d5580000)
  object space 88576K, 46% used [0x0000000080000000,0x00000000828301f8,0x0000000085680000)
 Metaspace       used 96537K, capacity 104768K, committed 104984K, reserved 1140736K
  class space    used 12500K, capacity 13815K, committed 13864K, reserved 1048576K
Event: 17757.036 GC heap after
Heap after GC invocations=88 (full 7):
 PSYoungGen      total 51712K, used 868K [0x00000000d5580000, 0x00000000d9380000, 0x0000000100000000)
  eden space 40960K, 0% used [0x00000000d5580000,0x00000000d5580000,0x00000000d7d80000)
  from space 10752K, 8% used [0x00000000d7e00000,0x00000000d7ed9040,0x00000000d8880000)
  to   space 11264K, 0% used [0x00000000d8880000,0x00000000d8880000,0x00000000d9380000)
 ParOldGen       total 88576K, used 41168K [0x0000000080000000, 0x0000000085680000, 0x00000000d5580000)
  object space 88576K, 46% used [0x0000000080000000,0x00000000828341f8,0x0000000085680000)
 Metaspace       used 96537K, capacity 104768K, committed 104984K, reserved 1140736K
  class space    used 12500K, capacity 13815K, committed 13864K, reserved 1048576K
}
Event: 17809.551 GC heap before
{Heap before GC invocations=89 (full 7):
 PSYoungGen      total 51712K, used 41828K [0x00000000d5580000, 0x00000000d9380000, 0x0000000100000000)
  eden space 40960K, 100% used [0x00000000d5580000,0x00000000d7d80000,0x00000000d7d80000)
  from space 10752K, 8% used [0x00000000d7e00000,0x00000000d7ed9040,0x00000000d8880000)
  to   space 11264K, 0% used [0x00000000d8880000,0x00000000d8880000,0x00000000d9380000)
 ParOldGen       total 88576K, used 41168K [0x0000000080000000, 0x0000000085680000, 0x00000000d5580000)
  object space 88576K, 46% used [0x0000000080000000,0x00000000828341f8,0x0000000085680000)
 Metaspace       used 96551K, capacity 104768K, committed 104984K, reserved 1140736K
  class space    used 12500K, capacity 13815K, committed 13864K, reserved 1048576K
Event: 17809.561 GC heap after
Heap after GC invocations=89 (full 7):
 PSYoungGen      total 50176K, used 5824K [0x00000000d5580000, 0x00000000d9200000, 0x0000000100000000)
  eden space 40448K, 0% used [0x00000000d5580000,0x00000000d5580000,0x00000000d7d00000)
  from space 9728K, 59% used [0x00000000d8880000,0x00000000d8e30000,0x00000000d9200000)
  to   space 10752K, 0% used [0x00000000d7d00000,0x00000000d7d00000,0x00000000d8780000)
 ParOldGen       total 88576K, used 41184K [0x0000000080000000, 0x0000000085680000, 0x00000000d5580000)
  object space 88576K, 46% used [0x0000000080000000,0x00000000828381f8,0x0000000085680000)
 Metaspace       used 96551K, capacity 104768K, committed 104984K, reserved 1140736K
  class space    used 12500K, capacity 13815K, committed 13864K, reserved 1048576K
}
Event: 17814.726 GC heap before
{Heap before GC invocations=90 (full 7):
 PSYoungGen      total 50176K, used 46272K [0x00000000d5580000, 0x00000000d9200000, 0x0000000100000000)
  eden space 40448K, 100% used [0x00000000d5580000,0x00000000d7d00000,0x00000000d7d00000)
  from space 9728K, 59% used [0x00000000d8880000,0x00000000d8e30000,0x00000000d9200000)
  to   space 10752K, 0% used [0x00000000d7d00000,0x00000000d7d00000,0x00000000d8780000)
 ParOldGen       total 88576K, used 41184K [0x0000000080000000, 0x0000000085680000, 0x00000000d5580000)
  object space 88576K, 46% used [0x0000000080000000,0x00000000828381f8,0x0000000085680000)
 Metaspace       used 96563K, capacity 104768K, committed 104984K, reserved 1140736K
  class space    used 12500K, capacity 13815K, committed 13864K, reserved 1048576K
Event: 17814.740 GC heap after
Heap after GC invocations=90 (full 7):
 PSYoungGen      total 50688K, used 6704K [0x00000000d5580000, 0x00000000d9280000, 0x0000000100000000)
  eden space 39936K, 0% used [0x00000000d5580000,0x00000000d5580000,0x00000000d7c80000)
  from space 10752K, 62% used [0x00000000d7d00000,0x00000000d838c010,0x00000000d8780000)
  to   space 11264K, 0% used [0x00000000d8780000,0x00000000d8780000,0x00000000d9280000)
 ParOldGen       total 88576K, used 41200K [0x0000000080000000, 0x0000000085680000, 0x00000000d5580000)
  object space 88576K, 46% used [0x0000000080000000,0x000000008283c1f8,0x0000000085680000)
 Metaspace       used 96563K, capacity 104768K, committed 104984K, reserved 1140736K
  class space    used 12500K, capacity 13815K, committed 13864K, reserved 1048576K
}

