# JRE version: OpenJDK Runtime Environment (8.0_242-b01) (build 1.8.0_242-release-1644-b01)
# Java VM: OpenJDK 64-Bit Server VM (25.242-b01 mixed mode windows-amd64 compressed oops)
Heap:
 PSYoungGen      total 95232K, used 57936K [0x00000000d5580000, 0x00000000dca00000, 0x0000000100000000)
  eden space 80384K, 53% used [0x00000000d5580000,0x00000000d7f982c8,0x00000000da400000)
  from space 14848K, 99% used [0x00000000db600000,0x00000000dc47c010,0x00000000dc480000)
  to   space 18432K, 0% used [0x00000000da400000,0x00000000da400000,0x00000000db600000)
 ParOldGen       total 173056K, used 81082K [0x0000000080000000, 0x000000008a900000, 0x00000000d5580000)
  object space 173056K, 46% used [0x0000000080000000,0x0000000084f2ea48,0x000000008a900000)
 Metaspace       used 204070K, capacity 213134K, committed 213416K, reserved 1236992K
  class space    used 23974K, capacity 25666K, committed 25768K, reserved 1048576K
GC Heap History (10 events):
Event: 12001.855 GC heap before
{Heap before GC invocations=173 (full 7):
 PSYoungGen      total 93696K, used 93344K [0x00000000d5580000, 0x00000000dcd00000, 0x0000000100000000)
  eden space 91648K, 100% used [0x00000000d5580000,0x00000000daf00000,0x00000000daf00000)
  from space 2048K, 82% used [0x00000000db180000,0x00000000db328000,0x00000000db380000)
  to   space 15360K, 0% used [0x00000000dbe00000,0x00000000dbe00000,0x00000000dcd00000)
 ParOldGen       total 173056K, used 75704K [0x0000000080000000, 0x000000008a900000, 0x00000000d5580000)
  object space 173056K, 43% used [0x0000000080000000,0x00000000849ee208,0x000000008a900000)
 Metaspace       used 203980K, capacity 212994K, committed 213416K, reserved 1236992K
  class space    used 23966K, capacity 25654K, committed 25768K, reserved 1048576K
Event: 12001.878 GC heap after
Heap after GC invocations=173 (full 7):
 PSYoungGen      total 102912K, used 10726K [0x00000000d5580000, 0x00000000dcb00000, 0x0000000100000000)
  eden space 89600K, 0% used [0x00000000d5580000,0x00000000d5580000,0x00000000dad00000)
  from space 13312K, 80% used [0x00000000dbe00000,0x00000000dc879aa8,0x00000000dcb00000)
  to   space 15360K, 0% used [0x00000000dad00000,0x00000000dad00000,0x00000000dbc00000)
 ParOldGen       total 173056K, used 75712K [0x0000000080000000, 0x000000008a900000, 0x00000000d5580000)
  object space 173056K, 43% used [0x0000000080000000,0x00000000849f0208,0x000000008a900000)
 Metaspace       used 203980K, capacity 212994K, committed 213416K, reserved 1236992K
  class space    used 23966K, capacity 25654K, committed 25768K, reserved 1048576K
}
Event: 12018.920 GC heap before
{Heap before GC invocations=174 (full 7):
 PSYoungGen      total 102912K, used 100326K [0x00000000d5580000, 0x00000000dcb00000, 0x0000000100000000)
  eden space 89600K, 100% used [0x00000000d5580000,0x00000000dad00000,0x00000000dad00000)
  from space 13312K, 80% used [0x00000000dbe00000,0x00000000dc879aa8,0x00000000dcb00000)
  to   space 15360K, 0% used [0x00000000dad00000,0x00000000dad00000,0x00000000dbc00000)
 ParOldGen       total 173056K, used 75712K [0x0000000080000000, 0x000000008a900000, 0x00000000d5580000)
  object space 173056K, 43% used [0x0000000080000000,0x00000000849f0208,0x000000008a900000)
 Metaspace       used 203981K, capacity 212994K, committed 213416K, reserved 1236992K
  class space    used 23966K, capacity 25654K, committed 25768K, reserved 1048576K
Event: 12018.932 GC heap after
Heap after GC invocations=174 (full 7):
 PSYoungGen      total 97280K, used 9642K [0x00000000d5580000, 0x00000000dc800000, 0x0000000100000000)
  eden space 87552K, 0% used [0x00000000d5580000,0x00000000d5580000,0x00000000dab00000)
  from space 9728K, 99% used [0x00000000dad00000,0x00000000db66abf8,0x00000000db680000)
  to   space 14848K, 0% used [0x00000000db980000,0x00000000db980000,0x00000000dc800000)
 ParOldGen       total 173056K, used 75720K [0x0000000080000000, 0x000000008a900000, 0x00000000d5580000)
  object space 173056K, 43% used [0x0000000080000000,0x00000000849f2208,0x000000008a900000)
 Metaspace       used 203981K, capacity 212994K, committed 213416K, reserved 1236992K
  class space    used 23966K, capacity 25654K, committed 25768K, reserved 1048576K
}
Event: 12028.278 GC heap before
{Heap before GC invocations=175 (full 7):
 PSYoungGen      total 97280K, used 97194K [0x00000000d5580000, 0x00000000dc800000, 0x0000000100000000)
  eden space 87552K, 100% used [0x00000000d5580000,0x00000000dab00000,0x00000000dab00000)
  from space 9728K, 99% used [0x00000000dad00000,0x00000000db66abf8,0x00000000db680000)
  to   space 14848K, 0% used [0x00000000db980000,0x00000000db980000,0x00000000dc800000)
 ParOldGen       total 173056K, used 75720K [0x0000000080000000, 0x000000008a900000, 0x00000000d5580000)
  object space 173056K, 43% used [0x0000000080000000,0x00000000849f2208,0x000000008a900000)
 Metaspace       used 203987K, capacity 212994K, committed 213416K, reserved 1236992K
  class space    used 23966K, capacity 25654K, committed 25768K, reserved 1048576K
Event: 12028.297 GC heap after
Heap after GC invocations=175 (full 7):
 PSYoungGen      total 98304K, used 9168K [0x00000000d5580000, 0x00000000dc600000, 0x0000000100000000)
  eden space 85504K, 0% used [0x00000000d5580000,0x00000000d5580000,0x00000000da900000)
  from space 12800K, 71% used [0x00000000db980000,0x00000000dc274010,0x00000000dc600000)
  to   space 14848K, 0% used [0x00000000da900000,0x00000000da900000,0x00000000db780000)
 ParOldGen       total 173056K, used 75736K [0x0000000080000000, 0x000000008a900000, 0x00000000d5580000)
  object space 173056K, 43% used [0x0000000080000000,0x00000000849f6208,0x000000008a900000)
 Metaspace       used 203987K, capacity 212994K, committed 213416K, reserved 1236992K
  class space    used 23966K, capacity 25654K, committed 25768K, reserved 1048576K
}
Event: 12221.490 GC heap before
{Heap before GC invocations=176 (full 7):
 PSYoungGen      total 98304K, used 94672K [0x00000000d5580000, 0x00000000dc600000, 0x0000000100000000)
  eden space 85504K, 100% used [0x00000000d5580000,0x00000000da900000,0x00000000da900000)
  from space 12800K, 71% used [0x00000000db980000,0x00000000dc274010,0x00000000dc600000)
  to   space 14848K, 0% used [0x00000000da900000,0x00000000da900000,0x00000000db780000)
 ParOldGen       total 173056K, used 75736K [0x0000000080000000, 0x000000008a900000, 0x00000000d5580000)
  object space 173056K, 43% used [0x0000000080000000,0x00000000849f6208,0x000000008a900000)
 Metaspace       used 203999K, capacity 213062K, committed 213416K, reserved 1236992K
  class space    used 23966K, capacity 25654K, committed 25768K, reserved 1048576K
Event: 12221.502 GC heap after
Heap after GC invocations=176 (full 7):
 PSYoungGen      total 88576K, used 4416K [0x00000000d5580000, 0x00000000dc480000, 0x0000000100000000)
  eden space 83968K, 0% used [0x00000000d5580000,0x00000000d5580000,0x00000000da780000)
  from space 4608K, 95% used [0x00000000da900000,0x00000000dad50020,0x00000000dad80000)
  to   space 14848K, 0% used [0x00000000db600000,0x00000000db600000,0x00000000dc480000)
 ParOldGen       total 173056K, used 75752K [0x0000000080000000, 0x000000008a900000, 0x00000000d5580000)
  object space 173056K, 43% used [0x0000000080000000,0x00000000849fa208,0x000000008a900000)
 Metaspace       used 203999K, capacity 213062K, committed 213416K, reserved 1236992K
  class space    used 23966K, capacity 25654K, committed 25768K, reserved 1048576K
}
Event: 12233.722 GC heap before
{Heap before GC invocations=177 (full 7):
 PSYoungGen      total 88576K, used 86654K [0x00000000d5580000, 0x00000000dc480000, 0x0000000100000000)
  eden space 83968K, 97% used [0x00000000d5580000,0x00000000da5cf998,0x00000000da780000)
  from space 4608K, 95% used [0x00000000da900000,0x00000000dad50020,0x00000000dad80000)
  to   space 14848K, 0% used [0x00000000db600000,0x00000000db600000,0x00000000dc480000)
 ParOldGen       total 173056K, used 75752K [0x0000000080000000, 0x000000008a900000, 0x00000000d5580000)
  object space 173056K, 43% used [0x0000000080000000,0x00000000849fa208,0x000000008a900000)
 Metaspace       used 204007K, capacity 213062K, committed 213416K, reserved 1236992K
  class space    used 23966K, capacity 25654K, committed 25768K, reserved 1048576K
Event: 12233.766 GC heap after
Heap after GC invocations=177 (full 7):
 PSYoungGen      total 95232K, used 14832K [0x00000000d5580000, 0x00000000dca00000, 0x0000000100000000)
  eden space 80384K, 0% used [0x00000000d5580000,0x00000000d5580000,0x00000000da400000)
  from space 14848K, 99% used [0x00000000db600000,0x00000000dc47c010,0x00000000dc480000)
  to   space 18432K, 0% used [0x00000000da400000,0x00000000da400000,0x00000000db600000)
 ParOldGen       total 173056K, used 81082K [0x0000000080000000, 0x000000008a900000, 0x00000000d5580000)
  object space 173056K, 46% used [0x0000000080000000,0x0000000084f2ea48,0x000000008a900000)
 Metaspace       used 204007K, capacity 213062K, committed 213416K, reserved 1236992K
  class space    used 23966K, capacity 25654K, committed 25768K, reserved 1048576K
}

