# JRE version: OpenJDK Runtime Environment (8.0_242-b01) (build 1.8.0_242-release-1644-b01)
# Java VM: OpenJDK 64-Bit Server VM (25.242-b01 mixed mode windows-amd64 compressed oops)
Heap:
 PSYoungGen      total 48128K, used 9242K [0x00000000d5580000, 0x00000000d8f80000, 0x0000000100000000)
  eden space 38400K, 17% used [0x00000000d5580000,0x00000000d5c26b88,0x00000000d7b00000)
  from space 9728K, 25% used [0x00000000d8500000,0x00000000d8760000,0x00000000d8e80000)
  to   space 10240K, 0% used [0x00000000d7b00000,0x00000000d7b00000,0x00000000d8500000)
 ParOldGen       total 131584K, used 45845K [0x0000000080000000, 0x0000000088080000, 0x00000000d5580000)
  object space 131584K, 34% used [0x0000000080000000,0x0000000082cc5728,0x0000000088080000)
 Metaspace       used 98771K, capacity 106884K, committed 107032K, reserved 1146880K
  class space    used 12502K, capacity 13808K, committed 13864K, reserved 1048576K
GC Heap History (10 events):
Event: 21147.937 GC heap before
{Heap before GC invocations=202 (full 8):
 PSYoungGen      total 49152K, used 40496K [0x00000000d5580000, 0x00000000d8f80000, 0x0000000100000000)
  eden space 38912K, 100% used [0x00000000d5580000,0x00000000d7b80000,0x00000000d7b80000)
  from space 10240K, 15% used [0x00000000d7b80000,0x00000000d7d0c010,0x00000000d8580000)
  to   space 10240K, 0% used [0x00000000d8580000,0x00000000d8580000,0x00000000d8f80000)
 ParOldGen       total 131584K, used 45749K [0x0000000080000000, 0x0000000088080000, 0x00000000d5580000)
  object space 131584K, 34% used [0x0000000080000000,0x0000000082cad728,0x0000000088080000)
 Metaspace       used 98755K, capacity 106820K, committed 107032K, reserved 1146880K
  class space    used 12502K, capacity 13808K, committed 13864K, reserved 1048576K
Event: 21147.949 GC heap after
Heap after GC invocations=202 (full 8):
 PSYoungGen      total 49152K, used 6112K [0x00000000d5580000, 0x00000000d8f80000, 0x0000000100000000)
  eden space 38912K, 0% used [0x00000000d5580000,0x00000000d5580000,0x00000000d7b80000)
  from space 10240K, 59% used [0x00000000d8580000,0x00000000d8b78000,0x00000000d8f80000)
  to   space 10240K, 0% used [0x00000000d7b80000,0x00000000d7b80000,0x00000000d8580000)
 ParOldGen       total 131584K, used 45765K [0x0000000080000000, 0x0000000088080000, 0x00000000d5580000)
  object space 131584K, 34% used [0x0000000080000000,0x0000000082cb1728,0x0000000088080000)
 Metaspace       used 98755K, capacity 106820K, committed 107032K, reserved 1146880K
  class space    used 12502K, capacity 13808K, committed 13864K, reserved 1048576K
}
Event: 21149.016 GC heap before
{Heap before GC invocations=203 (full 8):
 PSYoungGen      total 49152K, used 45024K [0x00000000d5580000, 0x00000000d8f80000, 0x0000000100000000)
  eden space 38912K, 100% used [0x00000000d5580000,0x00000000d7b80000,0x00000000d7b80000)
  from space 10240K, 59% used [0x00000000d8580000,0x00000000d8b78000,0x00000000d8f80000)
  to   space 10240K, 0% used [0x00000000d7b80000,0x00000000d7b80000,0x00000000d8580000)
 ParOldGen       total 131584K, used 45765K [0x0000000080000000, 0x0000000088080000, 0x00000000d5580000)
  object space 131584K, 34% used [0x0000000080000000,0x0000000082cb1728,0x0000000088080000)
 Metaspace       used 98755K, capacity 106820K, committed 107032K, reserved 1146880K
  class space    used 12502K, capacity 13808K, committed 13864K, reserved 1048576K
Event: 21149.028 GC heap after
Heap after GC invocations=203 (full 8):
 PSYoungGen      total 49152K, used 6736K [0x00000000d5580000, 0x00000000d8f80000, 0x0000000100000000)
  eden space 38912K, 0% used [0x00000000d5580000,0x00000000d5580000,0x00000000d7b80000)
  from space 10240K, 65% used [0x00000000d7b80000,0x00000000d8214010,0x00000000d8580000)
  to   space 10240K, 0% used [0x00000000d8580000,0x00000000d8580000,0x00000000d8f80000)
 ParOldGen       total 131584K, used 45781K [0x0000000080000000, 0x0000000088080000, 0x00000000d5580000)
  object space 131584K, 34% used [0x0000000080000000,0x0000000082cb5728,0x0000000088080000)
 Metaspace       used 98755K, capacity 106820K, committed 107032K, reserved 1146880K
  class space    used 12502K, capacity 13808K, committed 13864K, reserved 1048576K
}
Event: 21157.874 GC heap before
{Heap before GC invocations=204 (full 8):
 PSYoungGen      total 49152K, used 45648K [0x00000000d5580000, 0x00000000d8f80000, 0x0000000100000000)
  eden space 38912K, 100% used [0x00000000d5580000,0x00000000d7b80000,0x00000000d7b80000)
  from space 10240K, 65% used [0x00000000d7b80000,0x00000000d8214010,0x00000000d8580000)
  to   space 10240K, 0% used [0x00000000d8580000,0x00000000d8580000,0x00000000d8f80000)
 ParOldGen       total 131584K, used 45781K [0x0000000080000000, 0x0000000088080000, 0x00000000d5580000)
  object space 131584K, 34% used [0x0000000080000000,0x0000000082cb5728,0x0000000088080000)
 Metaspace       used 98763K, capacity 106884K, committed 107032K, reserved 1146880K
  class space    used 12502K, capacity 13808K, committed 13864K, reserved 1048576K
Event: 21157.885 GC heap after
Heap after GC invocations=204 (full 8):
 PSYoungGen      total 48128K, used 5760K [0x00000000d5580000, 0x00000000d8e80000, 0x0000000100000000)
  eden space 38912K, 0% used [0x00000000d5580000,0x00000000d5580000,0x00000000d7b80000)
  from space 9216K, 62% used [0x00000000d8580000,0x00000000d8b20000,0x00000000d8e80000)
  to   space 9728K, 0% used [0x00000000d7b80000,0x00000000d7b80000,0x00000000d8500000)
 ParOldGen       total 131584K, used 45789K [0x0000000080000000, 0x0000000088080000, 0x00000000d5580000)
  object space 131584K, 34% used [0x0000000080000000,0x0000000082cb7728,0x0000000088080000)
 Metaspace       used 98763K, capacity 106884K, committed 107032K, reserved 1146880K
  class space    used 12502K, capacity 13808K, committed 13864K, reserved 1048576K
}
Event: 21160.601 GC heap before
{Heap before GC invocations=205 (full 8):
 PSYoungGen      total 48128K, used 44672K [0x00000000d5580000, 0x00000000d8e80000, 0x0000000100000000)
  eden space 38912K, 100% used [0x00000000d5580000,0x00000000d7b80000,0x00000000d7b80000)
  from space 9216K, 62% used [0x00000000d8580000,0x00000000d8b20000,0x00000000d8e80000)
  to   space 9728K, 0% used [0x00000000d7b80000,0x00000000d7b80000,0x00000000d8500000)
 ParOldGen       total 131584K, used 45789K [0x0000000080000000, 0x0000000088080000, 0x00000000d5580000)
  object space 131584K, 34% used [0x0000000080000000,0x0000000082cb7728,0x0000000088080000)
 Metaspace       used 98763K, capacity 106884K, committed 107032K, reserved 1146880K
  class space    used 12502K, capacity 13808K, committed 13864K, reserved 1048576K
Event: 21160.611 GC heap after
Heap after GC invocations=205 (full 8):
 PSYoungGen      total 48640K, used 6528K [0x00000000d5580000, 0x00000000d8e80000, 0x0000000100000000)
  eden space 38912K, 0% used [0x00000000d5580000,0x00000000d5580000,0x00000000d7b80000)
  from space 9728K, 67% used [0x00000000d7b80000,0x00000000d81e0000,0x00000000d8500000)
  to   space 9728K, 0% used [0x00000000d8500000,0x00000000d8500000,0x00000000d8e80000)
 ParOldGen       total 131584K, used 45805K [0x0000000080000000, 0x0000000088080000, 0x00000000d5580000)
  object space 131584K, 34% used [0x0000000080000000,0x0000000082cbb728,0x0000000088080000)
 Metaspace       used 98763K, capacity 106884K, committed 107032K, reserved 1146880K
  class space    used 12502K, capacity 13808K, committed 13864K, reserved 1048576K
}
Event: 21183.913 GC heap before
{Heap before GC invocations=206 (full 8):
 PSYoungGen      total 48640K, used 45440K [0x00000000d5580000, 0x00000000d8e80000, 0x0000000100000000)
  eden space 38912K, 100% used [0x00000000d5580000,0x00000000d7b80000,0x00000000d7b80000)
  from space 9728K, 67% used [0x00000000d7b80000,0x00000000d81e0000,0x00000000d8500000)
  to   space 9728K, 0% used [0x00000000d8500000,0x00000000d8500000,0x00000000d8e80000)
 ParOldGen       total 131584K, used 45805K [0x0000000080000000, 0x0000000088080000, 0x00000000d5580000)
  object space 131584K, 34% used [0x0000000080000000,0x0000000082cbb728,0x0000000088080000)
 Metaspace       used 98770K, capacity 106884K, committed 107032K, reserved 1146880K
  class space    used 12502K, capacity 13808K, committed 13864K, reserved 1048576K
Event: 21183.920 GC heap after
Heap after GC invocations=206 (full 8):
 PSYoungGen      total 48128K, used 2432K [0x00000000d5580000, 0x00000000d8f80000, 0x0000000100000000)
  eden space 38400K, 0% used [0x00000000d5580000,0x00000000d5580000,0x00000000d7b00000)
  from space 9728K, 25% used [0x00000000d8500000,0x00000000d8760000,0x00000000d8e80000)
  to   space 10240K, 0% used [0x00000000d7b00000,0x00000000d7b00000,0x00000000d8500000)
 ParOldGen       total 131584K, used 45845K [0x0000000080000000, 0x0000000088080000, 0x00000000d5580000)
  object space 131584K, 34% used [0x0000000080000000,0x0000000082cc5728,0x0000000088080000)
 Metaspace       used 98770K, capacity 106884K, committed 107032K, reserved 1146880K
  class space    used 12502K, capacity 13808K, committed 13864K, reserved 1048576K
}

