# JRE version: OpenJDK Runtime Environment (8.0_242-b01) (build 1.8.0_242-release-1644-b01)
# Java VM: OpenJDK 64-Bit Server VM (25.242-b01 mixed mode windows-amd64 compressed oops)
Heap:
 PSYoungGen      total 188928K, used 114686K [0x00000000d5580000, 0x00000000e3f80000, 0x0000000100000000)
  eden space 143360K, 77% used [0x00000000d5580000,0x00000000dc180a40,0x00000000de180000)
  from space 45568K, 8% used [0x00000000de180000,0x00000000de57f0a0,0x00000000e0e00000)
  to   space 44544K, 0% used [0x00000000e1400000,0x00000000e1400000,0x00000000e3f80000)
 ParOldGen       total 289280K, used 72603K [0x0000000080000000, 0x0000000091a80000, 0x00000000d5580000)
  object space 289280K, 25% used [0x0000000080000000,0x00000000846e6da0,0x0000000091a80000)
 Metaspace       used 157018K, capacity 165948K, committed 166680K, reserved 1196032K
  class space    used 18717K, capacity 20307K, committed 20520K, reserved 1048576K
GC Heap History (10 events):
Event: 26069.873 GC heap before
{Heap before GC invocations=270 (full 13):
 PSYoungGen      total 169472K, used 138208K [0x00000000d5580000, 0x00000000e2c00000, 0x0000000100000000)
  eden space 128512K, 100% used [0x00000000d5580000,0x00000000dd300000,0x00000000dd300000)
  from space 40960K, 23% used [0x00000000e0400000,0x00000000e0d78000,0x00000000e2c00000)
  to   space 45568K, 0% used [0x00000000dd300000,0x00000000dd300000,0x00000000dff80000)
 ParOldGen       total 289280K, used 72587K [0x0000000080000000, 0x0000000091a80000, 0x00000000d5580000)
  object space 289280K, 25% used [0x0000000080000000,0x00000000846e2da0,0x0000000091a80000)
 Metaspace       used 149349K, capacity 158212K, committed 163096K, reserved 1191936K
  class space    used 17866K, capacity 19433K, committed 20264K, reserved 1048576K
Event: 26069.887 GC heap after
Heap after GC invocations=270 (full 13):
 PSYoungGen      total 174080K, used 9049K [0x00000000d5580000, 0x00000000e2f80000, 0x0000000100000000)
  eden space 128512K, 0% used [0x00000000d5580000,0x00000000d5580000,0x00000000dd300000)
  from space 45568K, 19% used [0x00000000dd300000,0x00000000ddbd6528,0x00000000dff80000)
  to   space 43520K, 0% used [0x00000000e0500000,0x00000000e0500000,0x00000000e2f80000)
 ParOldGen       total 289280K, used 72587K [0x0000000080000000, 0x0000000091a80000, 0x00000000d5580000)
  object space 289280K, 25% used [0x0000000080000000,0x00000000846e2da0,0x0000000091a80000)
 Metaspace       used 149349K, capacity 158212K, committed 163096K, reserved 1191936K
  class space    used 17866K, capacity 19433K, committed 20264K, reserved 1048576K
}
Event: 26082.382 GC heap before
{Heap before GC invocations=271 (full 13):
 PSYoungGen      total 174080K, used 137407K [0x00000000d5580000, 0x00000000e2f80000, 0x0000000100000000)
  eden space 128512K, 99% used [0x00000000d5580000,0x00000000dd2d9950,0x00000000dd300000)
  from space 45568K, 19% used [0x00000000dd300000,0x00000000ddbd6528,0x00000000dff80000)
  to   space 43520K, 0% used [0x00000000e0500000,0x00000000e0500000,0x00000000e2f80000)
 ParOldGen       total 289280K, used 72587K [0x0000000080000000, 0x0000000091a80000, 0x00000000d5580000)
  object space 289280K, 25% used [0x0000000080000000,0x00000000846e2da0,0x0000000091a80000)
 Metaspace       used 150010K, capacity 158960K, committed 163096K, reserved 1191936K
  class space    used 17946K, capacity 19537K, committed 20264K, reserved 1048576K
Event: 26082.408 GC heap after
Heap after GC invocations=271 (full 13):
 PSYoungGen      total 174592K, used 17779K [0x00000000d5580000, 0x00000000e2b80000, 0x0000000100000000)
  eden space 135168K, 0% used [0x00000000d5580000,0x00000000d5580000,0x00000000dd980000)
  from space 39424K, 45% used [0x00000000e0500000,0x00000000e165cc68,0x00000000e2b80000)
  to   space 41984K, 0% used [0x00000000dd980000,0x00000000dd980000,0x00000000e0280000)
 ParOldGen       total 289280K, used 72587K [0x0000000080000000, 0x0000000091a80000, 0x00000000d5580000)
  object space 289280K, 25% used [0x0000000080000000,0x00000000846e2da0,0x0000000091a80000)
 Metaspace       used 150010K, capacity 158960K, committed 163096K, reserved 1191936K
  class space    used 17946K, capacity 19537K, committed 20264K, reserved 1048576K
}
Event: 26084.094 GC heap before
{Heap before GC invocations=272 (full 13):
 PSYoungGen      total 174592K, used 152947K [0x00000000d5580000, 0x00000000e2b80000, 0x0000000100000000)
  eden space 135168K, 100% used [0x00000000d5580000,0x00000000dd980000,0x00000000dd980000)
  from space 39424K, 45% used [0x00000000e0500000,0x00000000e165cc68,0x00000000e2b80000)
  to   space 41984K, 0% used [0x00000000dd980000,0x00000000dd980000,0x00000000e0280000)
 ParOldGen       total 289280K, used 72587K [0x0000000080000000, 0x0000000091a80000, 0x00000000d5580000)
  object space 289280K, 25% used [0x0000000080000000,0x00000000846e2da0,0x0000000091a80000)
 Metaspace       used 156982K, capacity 165878K, committed 166680K, reserved 1196032K
  class space    used 18715K, capacity 20306K, committed 20520K, reserved 1048576K
Event: 26084.131 GC heap after
Heap after GC invocations=272 (full 13):
 PSYoungGen      total 177152K, used 37327K [0x00000000d5580000, 0x00000000e4100000, 0x0000000100000000)
  eden space 135168K, 0% used [0x00000000d5580000,0x00000000d5580000,0x00000000dd980000)
  from space 41984K, 88% used [0x00000000dd980000,0x00000000dfdf3f58,0x00000000e0280000)
  to   space 48128K, 0% used [0x00000000e1200000,0x00000000e1200000,0x00000000e4100000)
 ParOldGen       total 289280K, used 72587K [0x0000000080000000, 0x0000000091a80000, 0x00000000d5580000)
  object space 289280K, 25% used [0x0000000080000000,0x00000000846e2da0,0x0000000091a80000)
 Metaspace       used 156982K, capacity 165878K, committed 166680K, reserved 1196032K
  class space    used 18715K, capacity 20306K, committed 20520K, reserved 1048576K
}
Event: 26264.757 GC heap before
{Heap before GC invocations=273 (full 13):
 PSYoungGen      total 177152K, used 172495K [0x00000000d5580000, 0x00000000e4100000, 0x0000000100000000)
  eden space 135168K, 100% used [0x00000000d5580000,0x00000000dd980000,0x00000000dd980000)
  from space 41984K, 88% used [0x00000000dd980000,0x00000000dfdf3f58,0x00000000e0280000)
  to   space 48128K, 0% used [0x00000000e1200000,0x00000000e1200000,0x00000000e4100000)
 ParOldGen       total 289280K, used 72587K [0x0000000080000000, 0x0000000091a80000, 0x00000000d5580000)
  object space 289280K, 25% used [0x0000000080000000,0x00000000846e2da0,0x0000000091a80000)
 Metaspace       used 156998K, capacity 165878K, committed 166680K, reserved 1196032K
  class space    used 18715K, capacity 20306K, committed 20520K, reserved 1048576K
Event: 26264.773 GC heap after
Heap after GC invocations=273 (full 13):
 PSYoungGen      total 184832K, used 11071K [0x00000000d5580000, 0x00000000e3a80000, 0x0000000100000000)
  eden space 143360K, 0% used [0x00000000d5580000,0x00000000d5580000,0x00000000de180000)
  from space 41472K, 26% used [0x00000000e1200000,0x00000000e1ccfd18,0x00000000e3a80000)
  to   space 45568K, 0% used [0x00000000de180000,0x00000000de180000,0x00000000e0e00000)
 ParOldGen       total 289280K, used 72595K [0x0000000080000000, 0x0000000091a80000, 0x00000000d5580000)
  object space 289280K, 25% used [0x0000000080000000,0x00000000846e4da0,0x0000000091a80000)
 Metaspace       used 156998K, capacity 165878K, committed 166680K, reserved 1196032K
  class space    used 18715K, capacity 20306K, committed 20520K, reserved 1048576K
}
Event: 26411.367 GC heap before
{Heap before GC invocations=274 (full 13):
 PSYoungGen      total 184832K, used 154431K [0x00000000d5580000, 0x00000000e3a80000, 0x0000000100000000)
  eden space 143360K, 100% used [0x00000000d5580000,0x00000000de180000,0x00000000de180000)
  from space 41472K, 26% used [0x00000000e1200000,0x00000000e1ccfd18,0x00000000e3a80000)
  to   space 45568K, 0% used [0x00000000de180000,0x00000000de180000,0x00000000e0e00000)
 ParOldGen       total 289280K, used 72595K [0x0000000080000000, 0x0000000091a80000, 0x00000000d5580000)
  object space 289280K, 25% used [0x0000000080000000,0x00000000846e4da0,0x0000000091a80000)
 Metaspace       used 157012K, capacity 165948K, committed 166680K, reserved 1196032K
  class space    used 18716K, capacity 20307K, committed 20520K, reserved 1048576K
Event: 26411.375 GC heap after
Heap after GC invocations=274 (full 13):
 PSYoungGen      total 188928K, used 4092K [0x00000000d5580000, 0x00000000e3f80000, 0x0000000100000000)
  eden space 143360K, 0% used [0x00000000d5580000,0x00000000d5580000,0x00000000de180000)
  from space 45568K, 8% used [0x00000000de180000,0x00000000de57f0a0,0x00000000e0e00000)
  to   space 44544K, 0% used [0x00000000e1400000,0x00000000e1400000,0x00000000e3f80000)
 ParOldGen       total 289280K, used 72603K [0x0000000080000000, 0x0000000091a80000, 0x00000000d5580000)
  object space 289280K, 25% used [0x0000000080000000,0x00000000846e6da0,0x0000000091a80000)
 Metaspace       used 157012K, capacity 165948K, committed 166680K, reserved 1196032K
  class space    used 18716K, capacity 20307K, committed 20520K, reserved 1048576K
}

